INFO - 2025-02-04 08:07:56 --> Session: Class initialized using 'CodeIgniter\Session\Handlers\DatabaseHandler' driver.
INFO - 2025-02-04 08:08:04 --> Session: Class initialized using 'CodeIgniter\Session\Handlers\DatabaseHandler' driver.
INFO - 2025-02-04 08:08:04 --> Session: Class initialized using 'CodeIgniter\Session\Handlers\DatabaseHandler' driver.
INFO - 2025-02-04 08:08:16 --> Session: Class initialized using 'CodeIgniter\Session\Handlers\DatabaseHandler' driver.
INFO - 2025-02-04 08:08:16 --> CSRF token verified.
INFO - 2025-02-04 08:08:16 --> Session: Class initialized using 'CodeIgniter\Session\Handlers\DatabaseHandler' driver.
INFO - 2025-02-04 08:08:19 --> Session: Class initialized using 'CodeIgniter\Session\Handlers\DatabaseHandler' driver.
INFO - 2025-02-04 08:42:56 --> Session: Class initialized using 'CodeIgniter\Session\Handlers\DatabaseHandler' driver.
INFO - 2025-02-04 08:42:59 --> CSRF token verified.
INFO - 2025-02-04 08:42:59 --> Session: Class initialized using 'CodeIgniter\Session\Handlers\DatabaseHandler' driver.
CRITICAL - 2025-02-04 08:42:59 --> ErrorException: Undefined array key "nm_naskah"
[Method: POST, Route: naskah-masuk/log-naskah/0a209017-09eb-46ce-bdb7-a393ca995a51/proses-edit]
in APPPATH/Modules/Naskahmasuk/Controllers/Lognaskah.php on line 175.
 1 APPPATH/Modules/Naskahmasuk/Controllers/Lognaskah.php(175): CodeIgniter\Debug\Exceptions->errorHandler(2, 'Undefined array key "nm_naskah"', '/Users/apple/www/pusk/ci4/develop/safira2.0/app/Modules/Naskahmasuk/Controllers/Lognaskah.php', 175)
 2 SYSTEMPATH/CodeIgniter.php(933): Modules\Naskahmasuk\Controllers\Lognaskah->update('0a209017-09eb-46ce-bdb7-a393ca995a51')
 3 SYSTEMPATH/CodeIgniter.php(509): CodeIgniter\CodeIgniter->runController(Object(Modules\Naskahmasuk\Controllers\Lognaskah))
 4 SYSTEMPATH/CodeIgniter.php(355): CodeIgniter\CodeIgniter->handleRequest(null, Object(Config\Cache), false)
 5 SYSTEMPATH/Boot.php(325): CodeIgniter\CodeIgniter->run()
 6 SYSTEMPATH/Boot.php(67): CodeIgniter\Boot::runCodeIgniter(Object(CodeIgniter\CodeIgniter))
 7 FCPATH/index.php(56): CodeIgniter\Boot::bootWeb(Object(Config\Paths))
 8 SYSTEMPATH/rewrite.php(44): require_once('/Users/apple/www/pusk/ci4/develop/safira2.0/public/index.php')
INFO - 2025-02-04 08:43:08 --> Session: Class initialized using 'CodeIgniter\Session\Handlers\DatabaseHandler' driver.
INFO - 2025-02-04 08:43:11 --> CSRF token verified.
INFO - 2025-02-04 08:43:11 --> Session: Class initialized using 'CodeIgniter\Session\Handlers\DatabaseHandler' driver.
CRITICAL - 2025-02-04 08:43:11 --> ErrorException: Undefined array key "nm_naskah"
[Method: POST, Route: naskah-masuk/log-naskah/0a209017-09eb-46ce-bdb7-a393ca995a51/proses-edit]
in APPPATH/Modules/Naskahmasuk/Controllers/Lognaskah.php on line 175.
 1 APPPATH/Modules/Naskahmasuk/Controllers/Lognaskah.php(175): CodeIgniter\Debug\Exceptions->errorHandler(2, 'Undefined array key "nm_naskah"', '/Users/apple/www/pusk/ci4/develop/safira2.0/app/Modules/Naskahmasuk/Controllers/Lognaskah.php', 175)
 2 SYSTEMPATH/CodeIgniter.php(933): Modules\Naskahmasuk\Controllers\Lognaskah->update('0a209017-09eb-46ce-bdb7-a393ca995a51')
 3 SYSTEMPATH/CodeIgniter.php(509): CodeIgniter\CodeIgniter->runController(Object(Modules\Naskahmasuk\Controllers\Lognaskah))
 4 SYSTEMPATH/CodeIgniter.php(355): CodeIgniter\CodeIgniter->handleRequest(null, Object(Config\Cache), false)
 5 SYSTEMPATH/Boot.php(325): CodeIgniter\CodeIgniter->run()
 6 SYSTEMPATH/Boot.php(67): CodeIgniter\Boot::runCodeIgniter(Object(CodeIgniter\CodeIgniter))
 7 FCPATH/index.php(56): CodeIgniter\Boot::bootWeb(Object(Config\Paths))
 8 SYSTEMPATH/rewrite.php(44): require_once('/Users/apple/www/pusk/ci4/develop/safira2.0/public/index.php')
INFO - 2025-02-04 08:43:43 --> Session: Class initialized using 'CodeIgniter\Session\Handlers\DatabaseHandler' driver.
INFO - 2025-02-04 08:43:46 --> CSRF token verified.
INFO - 2025-02-04 08:43:46 --> Session: Class initialized using 'CodeIgniter\Session\Handlers\DatabaseHandler' driver.
CRITICAL - 2025-02-04 08:43:46 --> Error: Cannot use object of type stdClass as array
[Method: POST, Route: naskah-masuk/log-naskah/0a209017-09eb-46ce-bdb7-a393ca995a51/proses-edit]
in APPPATH/Modules/Naskahmasuk/Controllers/Lognaskah.php on line 175.
 1 SYSTEMPATH/CodeIgniter.php(933): Modules\Naskahmasuk\Controllers\Lognaskah->update('0a209017-09eb-46ce-bdb7-a393ca995a51')
 2 SYSTEMPATH/CodeIgniter.php(509): CodeIgniter\CodeIgniter->runController(Object(Modules\Naskahmasuk\Controllers\Lognaskah))
 3 SYSTEMPATH/CodeIgniter.php(355): CodeIgniter\CodeIgniter->handleRequest(null, Object(Config\Cache), false)
 4 SYSTEMPATH/Boot.php(325): CodeIgniter\CodeIgniter->run()
 5 SYSTEMPATH/Boot.php(67): CodeIgniter\Boot::runCodeIgniter(Object(CodeIgniter\CodeIgniter))
 6 FCPATH/index.php(56): CodeIgniter\Boot::bootWeb(Object(Config\Paths))
 7 SYSTEMPATH/rewrite.php(44): require_once('/Users/apple/www/pusk/ci4/develop/safira2.0/public/index.php')
INFO - 2025-02-04 08:44:19 --> Session: Class initialized using 'CodeIgniter\Session\Handlers\DatabaseHandler' driver.
INFO - 2025-02-04 08:44:21 --> CSRF token verified.
INFO - 2025-02-04 08:44:21 --> Session: Class initialized using 'CodeIgniter\Session\Handlers\DatabaseHandler' driver.
ERROR - 2025-02-04 08:44:21 --> mysqli_sql_exception: Unknown column 'pa_naskahmasuk.id' in 'where clause' in /Users/apple/www/pusk/ci4/develop/safira2.0/vendor/codeigniter4/framework/system/Database/MySQLi/Connection.php:312
Stack trace:
#0 /Users/apple/www/pusk/ci4/develop/safira2.0/vendor/codeigniter4/framework/system/Database/MySQLi/Connection.php(312): mysqli->query('SELECT *\nFROM `...', 0)
#1 /Users/apple/www/pusk/ci4/develop/safira2.0/vendor/codeigniter4/framework/system/Database/BaseConnection.php(734): CodeIgniter\Database\MySQLi\Connection->execute('SELECT *\nFROM `...')
#2 /Users/apple/www/pusk/ci4/develop/safira2.0/vendor/codeigniter4/framework/system/Database/BaseConnection.php(648): CodeIgniter\Database\BaseConnection->simpleQuery('SELECT *\nFROM `...')
#3 /Users/apple/www/pusk/ci4/develop/safira2.0/vendor/codeigniter4/framework/system/Database/BaseBuilder.php(1644): CodeIgniter\Database\BaseConnection->query('SELECT *\nFROM `...', Array, false)
#4 /Users/apple/www/pusk/ci4/develop/safira2.0/vendor/codeigniter4/framework/system/Model.php(210): CodeIgniter\Database\BaseBuilder->get()
#5 /Users/apple/www/pusk/ci4/develop/safira2.0/vendor/codeigniter4/framework/system/BaseModel.php(610): CodeIgniter\Model->doFind(true, '0a209017-09eb-4...')
#6 /Users/apple/www/pusk/ci4/develop/safira2.0/app/Modules/Naskahmasuk/Controllers/Lognaskah.php(170): CodeIgniter\BaseModel->find('0a209017-09eb-4...')
#7 /Users/apple/www/pusk/ci4/develop/safira2.0/vendor/codeigniter4/framework/system/CodeIgniter.php(933): Modules\Naskahmasuk\Controllers\Lognaskah->update('0a209017-09eb-4...')
#8 /Users/apple/www/pusk/ci4/develop/safira2.0/vendor/codeigniter4/framework/system/CodeIgniter.php(509): CodeIgniter\CodeIgniter->runController(Object(Modules\Naskahmasuk\Controllers\Lognaskah))
#9 /Users/apple/www/pusk/ci4/develop/safira2.0/vendor/codeigniter4/framework/system/CodeIgniter.php(355): CodeIgniter\CodeIgniter->handleRequest(NULL, Object(Config\Cache), false)
#10 /Users/apple/www/pusk/ci4/develop/safira2.0/vendor/codeigniter4/framework/system/Boot.php(325): CodeIgniter\CodeIgniter->run()
#11 /Users/apple/www/pusk/ci4/develop/safira2.0/vendor/codeigniter4/framework/system/Boot.php(67): CodeIgniter\Boot::runCodeIgniter(Object(CodeIgniter\CodeIgniter))
#12 /Users/apple/www/pusk/ci4/develop/safira2.0/public/index.php(56): CodeIgniter\Boot::bootWeb(Object(Config\Paths))
#13 /Users/apple/www/pusk/ci4/develop/safira2.0/vendor/codeigniter4/framework/system/rewrite.php(44): require_once('/Users/apple/ww...')
#14 {main}
CRITICAL - 2025-02-04 08:44:21 --> CodeIgniter\Database\Exceptions\DatabaseException: Unknown column 'pa_naskahmasuk.id' in 'where clause'
[Method: POST, Route: naskah-masuk/log-naskah/0a209017-09eb-46ce-bdb7-a393ca995a51/proses-edit]
in SYSTEMPATH/Database/BaseConnection.php on line 688.
 1 SYSTEMPATH/Database/BaseBuilder.php(1644): CodeIgniter\Database\BaseConnection->query('SELECT *
FROM `pa_naskahmasuk`
WHERE `pa_naskahmasuk`.`id` = :pa_naskahmasuk.id:', [...], false)
 2 SYSTEMPATH/Model.php(210): CodeIgniter\Database\BaseBuilder->get()
 3 SYSTEMPATH/BaseModel.php(610): CodeIgniter\Model->doFind(true, '0a209017-09eb-46ce-bdb7-a393ca995a51')
 4 APPPATH/Modules/Naskahmasuk/Controllers/Lognaskah.php(170): CodeIgniter\BaseModel->find('0a209017-09eb-46ce-bdb7-a393ca995a51')
 5 SYSTEMPATH/CodeIgniter.php(933): Modules\Naskahmasuk\Controllers\Lognaskah->update('0a209017-09eb-46ce-bdb7-a393ca995a51')
 6 SYSTEMPATH/CodeIgniter.php(509): CodeIgniter\CodeIgniter->runController(Object(Modules\Naskahmasuk\Controllers\Lognaskah))
 7 SYSTEMPATH/CodeIgniter.php(355): CodeIgniter\CodeIgniter->handleRequest(null, Object(Config\Cache), false)
 8 SYSTEMPATH/Boot.php(325): CodeIgniter\CodeIgniter->run()
 9 SYSTEMPATH/Boot.php(67): CodeIgniter\Boot::runCodeIgniter(Object(CodeIgniter\CodeIgniter))
10 FCPATH/index.php(56): CodeIgniter\Boot::bootWeb(Object(Config\Paths))
11 SYSTEMPATH/rewrite.php(44): require_once('/Users/apple/www/pusk/ci4/develop/safira2.0/public/index.php')
CRITICAL - 2025-02-04 08:44:21 --> [Caused by] CodeIgniter\Database\Exceptions\DatabaseException: Unknown column 'pa_naskahmasuk.id' in 'where clause'
in SYSTEMPATH/Database/MySQLi/Connection.php on line 317.
 1 SYSTEMPATH/Database/BaseConnection.php(734): CodeIgniter\Database\MySQLi\Connection->execute('SELECT *
FROM `pa_naskahmasuk`
WHERE `pa_naskahmasuk`.`id` = \'0a209017-09eb-46ce-bdb7-a393ca995a51\'')
 2 SYSTEMPATH/Database/BaseConnection.php(648): CodeIgniter\Database\BaseConnection->simpleQuery('SELECT *
FROM `pa_naskahmasuk`
WHERE `pa_naskahmasuk`.`id` = \'0a209017-09eb-46ce-bdb7-a393ca995a51\'')
 3 SYSTEMPATH/Database/BaseBuilder.php(1644): CodeIgniter\Database\BaseConnection->query('SELECT *
FROM `pa_naskahmasuk`
WHERE `pa_naskahmasuk`.`id` = :pa_naskahmasuk.id:', [...], false)
 4 SYSTEMPATH/Model.php(210): CodeIgniter\Database\BaseBuilder->get()
 5 SYSTEMPATH/BaseModel.php(610): CodeIgniter\Model->doFind(true, '0a209017-09eb-46ce-bdb7-a393ca995a51')
 6 APPPATH/Modules/Naskahmasuk/Controllers/Lognaskah.php(170): CodeIgniter\BaseModel->find('0a209017-09eb-46ce-bdb7-a393ca995a51')
 7 SYSTEMPATH/CodeIgniter.php(933): Modules\Naskahmasuk\Controllers\Lognaskah->update('0a209017-09eb-46ce-bdb7-a393ca995a51')
 8 SYSTEMPATH/CodeIgniter.php(509): CodeIgniter\CodeIgniter->runController(Object(Modules\Naskahmasuk\Controllers\Lognaskah))
 9 SYSTEMPATH/CodeIgniter.php(355): CodeIgniter\CodeIgniter->handleRequest(null, Object(Config\Cache), false)
10 SYSTEMPATH/Boot.php(325): CodeIgniter\CodeIgniter->run()
11 SYSTEMPATH/Boot.php(67): CodeIgniter\Boot::runCodeIgniter(Object(CodeIgniter\CodeIgniter))
12 FCPATH/index.php(56): CodeIgniter\Boot::bootWeb(Object(Config\Paths))
13 SYSTEMPATH/rewrite.php(44): require_once('/Users/apple/www/pusk/ci4/develop/safira2.0/public/index.php')
CRITICAL - 2025-02-04 08:44:21 --> [Caused by] mysqli_sql_exception: Unknown column 'pa_naskahmasuk.id' in 'where clause'
in SYSTEMPATH/Database/MySQLi/Connection.php on line 312.
 1 SYSTEMPATH/Database/MySQLi/Connection.php(312): mysqli->query('SELECT *
FROM `pa_naskahmasuk`
WHERE `pa_naskahmasuk`.`id` = \'0a209017-09eb-46ce-bdb7-a393ca995a51\'', 0)
 2 SYSTEMPATH/Database/BaseConnection.php(734): CodeIgniter\Database\MySQLi\Connection->execute('SELECT *
FROM `pa_naskahmasuk`
WHERE `pa_naskahmasuk`.`id` = \'0a209017-09eb-46ce-bdb7-a393ca995a51\'')
 3 SYSTEMPATH/Database/BaseConnection.php(648): CodeIgniter\Database\BaseConnection->simpleQuery('SELECT *
FROM `pa_naskahmasuk`
WHERE `pa_naskahmasuk`.`id` = \'0a209017-09eb-46ce-bdb7-a393ca995a51\'')
 4 SYSTEMPATH/Database/BaseBuilder.php(1644): CodeIgniter\Database\BaseConnection->query('SELECT *
FROM `pa_naskahmasuk`
WHERE `pa_naskahmasuk`.`id` = :pa_naskahmasuk.id:', [...], false)
 5 SYSTEMPATH/Model.php(210): CodeIgniter\Database\BaseBuilder->get()
 6 SYSTEMPATH/BaseModel.php(610): CodeIgniter\Model->doFind(true, '0a209017-09eb-46ce-bdb7-a393ca995a51')
 7 APPPATH/Modules/Naskahmasuk/Controllers/Lognaskah.php(170): CodeIgniter\BaseModel->find('0a209017-09eb-46ce-bdb7-a393ca995a51')
 8 SYSTEMPATH/CodeIgniter.php(933): Modules\Naskahmasuk\Controllers\Lognaskah->update('0a209017-09eb-46ce-bdb7-a393ca995a51')
 9 SYSTEMPATH/CodeIgniter.php(509): CodeIgniter\CodeIgniter->runController(Object(Modules\Naskahmasuk\Controllers\Lognaskah))
10 SYSTEMPATH/CodeIgniter.php(355): CodeIgniter\CodeIgniter->handleRequest(null, Object(Config\Cache), false)
11 SYSTEMPATH/Boot.php(325): CodeIgniter\CodeIgniter->run()
12 SYSTEMPATH/Boot.php(67): CodeIgniter\Boot::runCodeIgniter(Object(CodeIgniter\CodeIgniter))
13 FCPATH/index.php(56): CodeIgniter\Boot::bootWeb(Object(Config\Paths))
14 SYSTEMPATH/rewrite.php(44): require_once('/Users/apple/www/pusk/ci4/develop/safira2.0/public/index.php')
INFO - 2025-02-04 08:47:26 --> Session: Class initialized using 'CodeIgniter\Session\Handlers\DatabaseHandler' driver.
INFO - 2025-02-04 08:47:30 --> CSRF token verified.
INFO - 2025-02-04 08:47:30 --> Session: Class initialized using 'CodeIgniter\Session\Handlers\DatabaseHandler' driver.
INFO - 2025-02-04 08:47:31 --> Session: Class initialized using 'CodeIgniter\Session\Handlers\DatabaseHandler' driver.
INFO - 2025-02-04 08:48:22 --> Session: Class initialized using 'CodeIgniter\Session\Handlers\DatabaseHandler' driver.
INFO - 2025-02-04 08:48:24 --> Session: Class initialized using 'CodeIgniter\Session\Handlers\DatabaseHandler' driver.
INFO - 2025-02-04 08:48:25 --> CSRF token verified.
INFO - 2025-02-04 08:48:25 --> Session: Class initialized using 'CodeIgniter\Session\Handlers\DatabaseHandler' driver.
INFO - 2025-02-04 08:48:31 --> Session: Class initialized using 'CodeIgniter\Session\Handlers\DatabaseHandler' driver.
INFO - 2025-02-04 08:49:06 --> CSRF token verified.
INFO - 2025-02-04 08:49:06 --> Session: Class initialized using 'CodeIgniter\Session\Handlers\DatabaseHandler' driver.
INFO - 2025-02-04 08:49:08 --> Session: Class initialized using 'CodeIgniter\Session\Handlers\DatabaseHandler' driver.
INFO - 2025-02-04 08:49:09 --> CSRF token verified.
INFO - 2025-02-04 08:49:09 --> Session: Class initialized using 'CodeIgniter\Session\Handlers\DatabaseHandler' driver.
INFO - 2025-02-04 08:49:24 --> Session: Class initialized using 'CodeIgniter\Session\Handlers\DatabaseHandler' driver.
INFO - 2025-02-04 08:49:25 --> CSRF token verified.
INFO - 2025-02-04 08:49:25 --> Session: Class initialized using 'CodeIgniter\Session\Handlers\DatabaseHandler' driver.
INFO - 2025-02-04 08:49:28 --> Session: Class initialized using 'CodeIgniter\Session\Handlers\DatabaseHandler' driver.
INFO - 2025-02-04 08:49:29 --> CSRF token verified.
INFO - 2025-02-04 08:49:29 --> Session: Class initialized using 'CodeIgniter\Session\Handlers\DatabaseHandler' driver.
INFO - 2025-02-04 08:49:34 --> Session: Class initialized using 'CodeIgniter\Session\Handlers\DatabaseHandler' driver.
INFO - 2025-02-04 08:49:35 --> CSRF token verified.
INFO - 2025-02-04 08:49:35 --> Session: Class initialized using 'CodeIgniter\Session\Handlers\DatabaseHandler' driver.
INFO - 2025-02-04 08:51:37 --> Session: Class initialized using 'CodeIgniter\Session\Handlers\DatabaseHandler' driver.
INFO - 2025-02-04 08:51:38 --> CSRF token verified.
INFO - 2025-02-04 08:51:38 --> Session: Class initialized using 'CodeIgniter\Session\Handlers\DatabaseHandler' driver.
INFO - 2025-02-04 08:57:40 --> Session: Class initialized using 'CodeIgniter\Session\Handlers\DatabaseHandler' driver.
INFO - 2025-02-04 08:57:53 --> Session: Class initialized using 'CodeIgniter\Session\Handlers\DatabaseHandler' driver.
INFO - 2025-02-04 08:57:54 --> CSRF token verified.
INFO - 2025-02-04 08:57:54 --> Session: Class initialized using 'CodeIgniter\Session\Handlers\DatabaseHandler' driver.
INFO - 2025-02-04 08:58:16 --> Session: Class initialized using 'CodeIgniter\Session\Handlers\DatabaseHandler' driver.
INFO - 2025-02-04 08:59:24 --> Session: Class initialized using 'CodeIgniter\Session\Handlers\DatabaseHandler' driver.
INFO - 2025-02-04 08:59:25 --> CSRF token verified.
INFO - 2025-02-04 08:59:25 --> Session: Class initialized using 'CodeIgniter\Session\Handlers\DatabaseHandler' driver.
INFO - 2025-02-04 08:59:26 --> Session: Class initialized using 'CodeIgniter\Session\Handlers\DatabaseHandler' driver.
INFO - 2025-02-04 08:59:26 --> CSRF token verified.
INFO - 2025-02-04 08:59:26 --> Session: Class initialized using 'CodeIgniter\Session\Handlers\DatabaseHandler' driver.
INFO - 2025-02-04 08:59:28 --> CSRF token verified.
INFO - 2025-02-04 08:59:28 --> Session: Class initialized using 'CodeIgniter\Session\Handlers\DatabaseHandler' driver.
INFO - 2025-02-04 08:59:29 --> CSRF token verified.
INFO - 2025-02-04 08:59:29 --> Session: Class initialized using 'CodeIgniter\Session\Handlers\DatabaseHandler' driver.
INFO - 2025-02-04 08:59:45 --> Session: Class initialized using 'CodeIgniter\Session\Handlers\DatabaseHandler' driver.
INFO - 2025-02-04 08:59:46 --> CSRF token verified.
INFO - 2025-02-04 08:59:46 --> Session: Class initialized using 'CodeIgniter\Session\Handlers\DatabaseHandler' driver.
INFO - 2025-02-04 08:59:51 --> Session: Class initialized using 'CodeIgniter\Session\Handlers\DatabaseHandler' driver.
INFO - 2025-02-04 09:04:15 --> Session: Class initialized using 'CodeIgniter\Session\Handlers\DatabaseHandler' driver.
INFO - 2025-02-04 09:15:07 --> Session: Class initialized using 'CodeIgniter\Session\Handlers\DatabaseHandler' driver.
INFO - 2025-02-04 09:15:07 --> Session: Class initialized using 'CodeIgniter\Session\Handlers\DatabaseHandler' driver.
INFO - 2025-02-04 09:15:26 --> Session: Class initialized using 'CodeIgniter\Session\Handlers\DatabaseHandler' driver.
INFO - 2025-02-04 09:15:28 --> Session: Class initialized using 'CodeIgniter\Session\Handlers\DatabaseHandler' driver.
INFO - 2025-02-04 09:15:33 --> Session: Class initialized using 'CodeIgniter\Session\Handlers\DatabaseHandler' driver.
INFO - 2025-02-04 09:15:37 --> Session: Class initialized using 'CodeIgniter\Session\Handlers\DatabaseHandler' driver.
INFO - 2025-02-04 09:15:39 --> CSRF token verified.
INFO - 2025-02-04 09:15:39 --> Session: Class initialized using 'CodeIgniter\Session\Handlers\DatabaseHandler' driver.
INFO - 2025-02-04 09:15:42 --> Session: Class initialized using 'CodeIgniter\Session\Handlers\DatabaseHandler' driver.
INFO - 2025-02-04 09:31:51 --> Session: Class initialized using 'CodeIgniter\Session\Handlers\DatabaseHandler' driver.
INFO - 2025-02-04 09:31:52 --> CSRF token verified.
INFO - 2025-02-04 09:31:52 --> Session: Class initialized using 'CodeIgniter\Session\Handlers\DatabaseHandler' driver.
INFO - 2025-02-04 09:31:54 --> CSRF token verified.
INFO - 2025-02-04 09:31:54 --> Session: Class initialized using 'CodeIgniter\Session\Handlers\DatabaseHandler' driver.
INFO - 2025-02-04 09:31:55 --> CSRF token verified.
INFO - 2025-02-04 09:31:55 --> Session: Class initialized using 'CodeIgniter\Session\Handlers\DatabaseHandler' driver.
INFO - 2025-02-04 09:31:56 --> CSRF token verified.
INFO - 2025-02-04 09:31:56 --> Session: Class initialized using 'CodeIgniter\Session\Handlers\DatabaseHandler' driver.
INFO - 2025-02-04 09:31:57 --> CSRF token verified.
INFO - 2025-02-04 09:31:57 --> Session: Class initialized using 'CodeIgniter\Session\Handlers\DatabaseHandler' driver.
INFO - 2025-02-04 09:31:57 --> CSRF token verified.
INFO - 2025-02-04 09:31:57 --> Session: Class initialized using 'CodeIgniter\Session\Handlers\DatabaseHandler' driver.
INFO - 2025-02-04 09:31:58 --> CSRF token verified.
INFO - 2025-02-04 09:31:58 --> Session: Class initialized using 'CodeIgniter\Session\Handlers\DatabaseHandler' driver.
INFO - 2025-02-04 09:31:58 --> CSRF token verified.
INFO - 2025-02-04 09:31:58 --> Session: Class initialized using 'CodeIgniter\Session\Handlers\DatabaseHandler' driver.
INFO - 2025-02-04 09:31:59 --> CSRF token verified.
INFO - 2025-02-04 09:31:59 --> Session: Class initialized using 'CodeIgniter\Session\Handlers\DatabaseHandler' driver.
INFO - 2025-02-04 09:32:00 --> CSRF token verified.
INFO - 2025-02-04 09:32:00 --> Session: Class initialized using 'CodeIgniter\Session\Handlers\DatabaseHandler' driver.
INFO - 2025-02-04 09:32:02 --> CSRF token verified.
INFO - 2025-02-04 09:32:02 --> Session: Class initialized using 'CodeIgniter\Session\Handlers\DatabaseHandler' driver.
INFO - 2025-02-04 09:32:03 --> CSRF token verified.
INFO - 2025-02-04 09:32:03 --> Session: Class initialized using 'CodeIgniter\Session\Handlers\DatabaseHandler' driver.
INFO - 2025-02-04 09:32:03 --> CSRF token verified.
INFO - 2025-02-04 09:32:03 --> Session: Class initialized using 'CodeIgniter\Session\Handlers\DatabaseHandler' driver.
INFO - 2025-02-04 09:32:06 --> CSRF token verified.
INFO - 2025-02-04 09:32:06 --> Session: Class initialized using 'CodeIgniter\Session\Handlers\DatabaseHandler' driver.
INFO - 2025-02-04 09:32:26 --> CSRF token verified.
INFO - 2025-02-04 09:32:26 --> Session: Class initialized using 'CodeIgniter\Session\Handlers\DatabaseHandler' driver.
INFO - 2025-02-04 09:32:27 --> CSRF token verified.
INFO - 2025-02-04 09:32:27 --> Session: Class initialized using 'CodeIgniter\Session\Handlers\DatabaseHandler' driver.
INFO - 2025-02-04 09:32:27 --> CSRF token verified.
INFO - 2025-02-04 09:32:27 --> Session: Class initialized using 'CodeIgniter\Session\Handlers\DatabaseHandler' driver.
INFO - 2025-02-04 09:32:28 --> CSRF token verified.
INFO - 2025-02-04 09:32:28 --> Session: Class initialized using 'CodeIgniter\Session\Handlers\DatabaseHandler' driver.
INFO - 2025-02-04 09:33:24 --> Session: Class initialized using 'CodeIgniter\Session\Handlers\DatabaseHandler' driver.
INFO - 2025-02-04 09:33:25 --> CSRF token verified.
INFO - 2025-02-04 09:33:25 --> Session: Class initialized using 'CodeIgniter\Session\Handlers\DatabaseHandler' driver.
INFO - 2025-02-04 09:33:45 --> Session: Class initialized using 'CodeIgniter\Session\Handlers\DatabaseHandler' driver.
INFO - 2025-02-04 09:33:45 --> CSRF token verified.
INFO - 2025-02-04 09:33:46 --> Session: Class initialized using 'CodeIgniter\Session\Handlers\DatabaseHandler' driver.
INFO - 2025-02-04 09:37:04 --> CSRF token verified.
INFO - 2025-02-04 09:37:05 --> Session: Class initialized using 'CodeIgniter\Session\Handlers\DatabaseHandler' driver.
INFO - 2025-02-04 09:37:05 --> CSRF token verified.
INFO - 2025-02-04 09:37:05 --> Session: Class initialized using 'CodeIgniter\Session\Handlers\DatabaseHandler' driver.
INFO - 2025-02-04 09:37:05 --> CSRF token verified.
INFO - 2025-02-04 09:37:05 --> Session: Class initialized using 'CodeIgniter\Session\Handlers\DatabaseHandler' driver.
INFO - 2025-02-04 09:37:06 --> CSRF token verified.
INFO - 2025-02-04 09:37:06 --> Session: Class initialized using 'CodeIgniter\Session\Handlers\DatabaseHandler' driver.
INFO - 2025-02-04 09:37:06 --> CSRF token verified.
INFO - 2025-02-04 09:37:06 --> Session: Class initialized using 'CodeIgniter\Session\Handlers\DatabaseHandler' driver.
INFO - 2025-02-04 09:37:07 --> CSRF token verified.
INFO - 2025-02-04 09:37:07 --> Session: Class initialized using 'CodeIgniter\Session\Handlers\DatabaseHandler' driver.
INFO - 2025-02-04 09:37:07 --> CSRF token verified.
INFO - 2025-02-04 09:37:07 --> Session: Class initialized using 'CodeIgniter\Session\Handlers\DatabaseHandler' driver.
INFO - 2025-02-04 09:37:08 --> CSRF token verified.
INFO - 2025-02-04 09:37:08 --> Session: Class initialized using 'CodeIgniter\Session\Handlers\DatabaseHandler' driver.
INFO - 2025-02-04 09:37:08 --> CSRF token verified.
INFO - 2025-02-04 09:37:08 --> Session: Class initialized using 'CodeIgniter\Session\Handlers\DatabaseHandler' driver.
INFO - 2025-02-04 09:38:34 --> CSRF token verified.
INFO - 2025-02-04 09:38:34 --> Session: Class initialized using 'CodeIgniter\Session\Handlers\DatabaseHandler' driver.
INFO - 2025-02-04 09:38:35 --> CSRF token verified.
INFO - 2025-02-04 09:38:35 --> Session: Class initialized using 'CodeIgniter\Session\Handlers\DatabaseHandler' driver.
INFO - 2025-02-04 09:38:35 --> CSRF token verified.
INFO - 2025-02-04 09:38:35 --> Session: Class initialized using 'CodeIgniter\Session\Handlers\DatabaseHandler' driver.
INFO - 2025-02-04 09:38:36 --> CSRF token verified.
INFO - 2025-02-04 09:38:36 --> Session: Class initialized using 'CodeIgniter\Session\Handlers\DatabaseHandler' driver.
INFO - 2025-02-04 09:39:20 --> CSRF token verified.
INFO - 2025-02-04 09:39:20 --> Session: Class initialized using 'CodeIgniter\Session\Handlers\DatabaseHandler' driver.
INFO - 2025-02-04 09:39:23 --> Session: Class initialized using 'CodeIgniter\Session\Handlers\DatabaseHandler' driver.
INFO - 2025-02-04 09:41:28 --> Session: Class initialized using 'CodeIgniter\Session\Handlers\DatabaseHandler' driver.
INFO - 2025-02-04 09:41:49 --> Session: Class initialized using 'CodeIgniter\Session\Handlers\DatabaseHandler' driver.
INFO - 2025-02-04 09:43:13 --> Session: Class initialized using 'CodeIgniter\Session\Handlers\DatabaseHandler' driver.
INFO - 2025-02-04 09:43:44 --> Session: Class initialized using 'CodeIgniter\Session\Handlers\DatabaseHandler' driver.
INFO - 2025-02-04 09:43:56 --> Session: Class initialized using 'CodeIgniter\Session\Handlers\DatabaseHandler' driver.
INFO - 2025-02-04 09:44:29 --> Session: Class initialized using 'CodeIgniter\Session\Handlers\DatabaseHandler' driver.
INFO - 2025-02-04 09:45:14 --> Session: Class initialized using 'CodeIgniter\Session\Handlers\DatabaseHandler' driver.
INFO - 2025-02-04 09:45:19 --> Session: Class initialized using 'CodeIgniter\Session\Handlers\DatabaseHandler' driver.
INFO - 2025-02-04 09:45:27 --> Session: Class initialized using 'CodeIgniter\Session\Handlers\DatabaseHandler' driver.
INFO - 2025-02-04 09:45:28 --> Session: Class initialized using 'CodeIgniter\Session\Handlers\DatabaseHandler' driver.
INFO - 2025-02-04 09:45:36 --> Session: Class initialized using 'CodeIgniter\Session\Handlers\DatabaseHandler' driver.
INFO - 2025-02-04 09:46:41 --> Session: Class initialized using 'CodeIgniter\Session\Handlers\DatabaseHandler' driver.
INFO - 2025-02-04 09:47:49 --> Session: Class initialized using 'CodeIgniter\Session\Handlers\DatabaseHandler' driver.
INFO - 2025-02-04 09:49:51 --> Session: Class initialized using 'CodeIgniter\Session\Handlers\DatabaseHandler' driver.
INFO - 2025-02-04 09:50:01 --> Session: Class initialized using 'CodeIgniter\Session\Handlers\DatabaseHandler' driver.
INFO - 2025-02-04 09:50:11 --> Session: Class initialized using 'CodeIgniter\Session\Handlers\DatabaseHandler' driver.
INFO - 2025-02-04 09:50:18 --> Session: Class initialized using 'CodeIgniter\Session\Handlers\DatabaseHandler' driver.
INFO - 2025-02-04 09:50:18 --> Session: Class initialized using 'CodeIgniter\Session\Handlers\DatabaseHandler' driver.
INFO - 2025-02-04 09:50:29 --> Session: Class initialized using 'CodeIgniter\Session\Handlers\DatabaseHandler' driver.
INFO - 2025-02-04 09:50:30 --> Session: Class initialized using 'CodeIgniter\Session\Handlers\DatabaseHandler' driver.
INFO - 2025-02-04 09:50:38 --> Session: Class initialized using 'CodeIgniter\Session\Handlers\DatabaseHandler' driver.
INFO - 2025-02-04 09:50:56 --> Session: Class initialized using 'CodeIgniter\Session\Handlers\DatabaseHandler' driver.
INFO - 2025-02-04 09:51:01 --> Session: Class initialized using 'CodeIgniter\Session\Handlers\DatabaseHandler' driver.
INFO - 2025-02-04 09:51:25 --> Session: Class initialized using 'CodeIgniter\Session\Handlers\DatabaseHandler' driver.
INFO - 2025-02-04 09:52:07 --> Session: Class initialized using 'CodeIgniter\Session\Handlers\DatabaseHandler' driver.
INFO - 2025-02-04 09:52:12 --> Session: Class initialized using 'CodeIgniter\Session\Handlers\DatabaseHandler' driver.
INFO - 2025-02-04 09:52:41 --> Session: Class initialized using 'CodeIgniter\Session\Handlers\DatabaseHandler' driver.
INFO - 2025-02-04 09:53:00 --> Session: Class initialized using 'CodeIgniter\Session\Handlers\DatabaseHandler' driver.
INFO - 2025-02-04 09:54:02 --> Session: Class initialized using 'CodeIgniter\Session\Handlers\DatabaseHandler' driver.
INFO - 2025-02-04 09:54:27 --> Session: Class initialized using 'CodeIgniter\Session\Handlers\DatabaseHandler' driver.
INFO - 2025-02-04 09:54:57 --> Session: Class initialized using 'CodeIgniter\Session\Handlers\DatabaseHandler' driver.
INFO - 2025-02-04 09:55:34 --> Session: Class initialized using 'CodeIgniter\Session\Handlers\DatabaseHandler' driver.
INFO - 2025-02-04 09:56:42 --> Session: Class initialized using 'CodeIgniter\Session\Handlers\DatabaseHandler' driver.
INFO - 2025-02-04 10:13:23 --> Session: Class initialized using 'CodeIgniter\Session\Handlers\DatabaseHandler' driver.
INFO - 2025-02-04 10:13:38 --> Session: Class initialized using 'CodeIgniter\Session\Handlers\DatabaseHandler' driver.
INFO - 2025-02-04 10:13:41 --> Session: Class initialized using 'CodeIgniter\Session\Handlers\DatabaseHandler' driver.
INFO - 2025-02-04 10:13:49 --> Session: Class initialized using 'CodeIgniter\Session\Handlers\DatabaseHandler' driver.
INFO - 2025-02-04 10:14:00 --> Session: Class initialized using 'CodeIgniter\Session\Handlers\DatabaseHandler' driver.
INFO - 2025-02-04 10:30:36 --> Session: Class initialized using 'CodeIgniter\Session\Handlers\DatabaseHandler' driver.
INFO - 2025-02-04 10:31:46 --> CSRF token verified.
INFO - 2025-02-04 10:31:46 --> Session: Class initialized using 'CodeIgniter\Session\Handlers\DatabaseHandler' driver.
INFO - 2025-02-04 10:31:47 --> Session: Class initialized using 'CodeIgniter\Session\Handlers\DatabaseHandler' driver.
INFO - 2025-02-04 10:32:07 --> Session: Class initialized using 'CodeIgniter\Session\Handlers\DatabaseHandler' driver.
INFO - 2025-02-04 10:32:08 --> CSRF token verified.
INFO - 2025-02-04 10:32:08 --> Session: Class initialized using 'CodeIgniter\Session\Handlers\DatabaseHandler' driver.
INFO - 2025-02-04 10:32:33 --> Session: Class initialized using 'CodeIgniter\Session\Handlers\DatabaseHandler' driver.
INFO - 2025-02-04 10:32:35 --> CSRF token verified.
INFO - 2025-02-04 10:32:35 --> Session: Class initialized using 'CodeIgniter\Session\Handlers\DatabaseHandler' driver.
INFO - 2025-02-04 10:32:38 --> CSRF token verified.
INFO - 2025-02-04 10:32:38 --> Session: Class initialized using 'CodeIgniter\Session\Handlers\DatabaseHandler' driver.
INFO - 2025-02-04 10:32:40 --> Session: Class initialized using 'CodeIgniter\Session\Handlers\DatabaseHandler' driver.
INFO - 2025-02-04 10:32:41 --> CSRF token verified.
INFO - 2025-02-04 10:32:41 --> Session: Class initialized using 'CodeIgniter\Session\Handlers\DatabaseHandler' driver.
INFO - 2025-02-04 10:32:44 --> Session: Class initialized using 'CodeIgniter\Session\Handlers\DatabaseHandler' driver.
INFO - 2025-02-04 10:32:49 --> Session: Class initialized using 'CodeIgniter\Session\Handlers\DatabaseHandler' driver.
INFO - 2025-02-04 10:32:50 --> CSRF token verified.
INFO - 2025-02-04 10:32:50 --> Session: Class initialized using 'CodeIgniter\Session\Handlers\DatabaseHandler' driver.
INFO - 2025-02-04 10:32:51 --> Session: Class initialized using 'CodeIgniter\Session\Handlers\DatabaseHandler' driver.
