WARNING - 2025-06-17 09:15:30 --> [DEPRECATED] ini_set(): session.sid_length INI setting is deprecated in SYSTEMPATH/Session/Session.php on line 343.
 1 SYSTEMPATH/Session/Session.php(343): ini_set('session.sid_length', '40')
 2 SYSTEMPATH/Session/Session.php(313): CodeIgniter\Session\Session->configureSidLength()
 3 SYSTEMPATH/Session/Session.php(232): CodeIgniter\Session\Session->configure()
 4 SYSTEMPATH/Config/Services.php(710): CodeIgniter\Session\Session->start()
 5 SYSTEMPATH/Config/BaseService.php(312): CodeIgniter\Config\Services::session(Object(Config\Session), false)
 6 SYSTEMPATH/Config/BaseService.php(251): CodeIgniter\Config\BaseService::__callStatic('session', [...])
 7 SYSTEMPATH/Config/Services.php(668): CodeIgniter\Config\BaseService::getSharedInstance('session', null)
 8 SYSTEMPATH/Config/BaseService.php(321): CodeIgniter\Config\Services::session()
 9 SYSTEMPATH/Config/BaseService.php(202): CodeIgniter\Config\BaseService::__callStatic('session', [])
10 SYSTEMPATH/Common.php(998): CodeIgniter\Config\BaseService::get('session')
11 SYSTEMPATH/Common.php(971): service('session')
12 APPPATH/Controllers/Auth.php(105): session()
13 SYSTEMPATH/CodeIgniter.php(933): App\Controllers\Auth->bypassLogin()
14 SYSTEMPATH/CodeIgniter.php(509): CodeIgniter\CodeIgniter->runController(Object(App\Controllers\Auth))
15 SYSTEMPATH/CodeIgniter.php(355): CodeIgniter\CodeIgniter->handleRequest(null, Object(Config\Cache), false)
16 SYSTEMPATH/Boot.php(325): CodeIgniter\CodeIgniter->run()
17 SYSTEMPATH/Boot.php(67): CodeIgniter\Boot::runCodeIgniter(Object(CodeIgniter\CodeIgniter))
18 FCPATH/index.php(56): CodeIgniter\Boot::bootWeb(Object(Config\Paths))
19 SYSTEMPATH/rewrite.php(44): require_once('/Users/apple/www/pusk/ci4/production/safira/web/public/index.php')
INFO - 2025-06-17 09:15:30 --> Session: Class initialized using 'CodeIgniter\Session\Handlers\DatabaseHandler' driver.
WARNING - 2025-06-17 09:15:47 --> [DEPRECATED] ini_set(): session.sid_length INI setting is deprecated in SYSTEMPATH/Session/Session.php on line 343.
 1 SYSTEMPATH/Session/Session.php(343): ini_set('session.sid_length', '40')
 2 SYSTEMPATH/Session/Session.php(313): CodeIgniter\Session\Session->configureSidLength()
 3 SYSTEMPATH/Session/Session.php(232): CodeIgniter\Session\Session->configure()
 4 SYSTEMPATH/Config/Services.php(710): CodeIgniter\Session\Session->start()
 5 SYSTEMPATH/Config/BaseService.php(312): CodeIgniter\Config\Services::session(Object(Config\Session), false)
 6 SYSTEMPATH/Config/BaseService.php(251): CodeIgniter\Config\BaseService::__callStatic('session', [...])
 7 SYSTEMPATH/Config/Services.php(668): CodeIgniter\Config\BaseService::getSharedInstance('session', null)
 8 SYSTEMPATH/Config/BaseService.php(321): CodeIgniter\Config\Services::session()
 9 SYSTEMPATH/Config/BaseService.php(202): CodeIgniter\Config\BaseService::__callStatic('session', [])
10 SYSTEMPATH/Common.php(998): CodeIgniter\Config\BaseService::get('session')
11 SYSTEMPATH/Common.php(971): service('session')
12 APPPATH/Controllers/Auth.php(161): session()
13 SYSTEMPATH/CodeIgniter.php(933): App\Controllers\Auth->loginGoogle()
14 SYSTEMPATH/CodeIgniter.php(509): CodeIgniter\CodeIgniter->runController(Object(App\Controllers\Auth))
15 SYSTEMPATH/CodeIgniter.php(355): CodeIgniter\CodeIgniter->handleRequest(null, Object(Config\Cache), false)
16 SYSTEMPATH/Boot.php(325): CodeIgniter\CodeIgniter->run()
17 SYSTEMPATH/Boot.php(67): CodeIgniter\Boot::runCodeIgniter(Object(CodeIgniter\CodeIgniter))
18 FCPATH/index.php(56): CodeIgniter\Boot::bootWeb(Object(Config\Paths))
19 SYSTEMPATH/rewrite.php(44): require_once('/Users/apple/www/pusk/ci4/production/safira/web/public/index.php')
INFO - 2025-06-17 09:15:47 --> Session: Class initialized using 'CodeIgniter\Session\Handlers\DatabaseHandler' driver.
WARNING - 2025-06-17 09:15:47 --> [DEPRECATED] ini_set(): session.sid_length INI setting is deprecated in SYSTEMPATH/Session/Session.php on line 343.
 1 SYSTEMPATH/Session/Session.php(343): ini_set('session.sid_length', '40')
 2 SYSTEMPATH/Session/Session.php(313): CodeIgniter\Session\Session->configureSidLength()
 3 SYSTEMPATH/Session/Session.php(232): CodeIgniter\Session\Session->configure()
 4 SYSTEMPATH/Config/Services.php(710): CodeIgniter\Session\Session->start()
 5 SYSTEMPATH/Config/BaseService.php(312): CodeIgniter\Config\Services::session(Object(Config\Session), false)
 6 SYSTEMPATH/Config/BaseService.php(251): CodeIgniter\Config\BaseService::__callStatic('session', [...])
 7 SYSTEMPATH/Config/Services.php(668): CodeIgniter\Config\BaseService::getSharedInstance('session', null)
 8 SYSTEMPATH/Config/BaseService.php(321): CodeIgniter\Config\Services::session()
 9 SYSTEMPATH/Config/BaseService.php(202): CodeIgniter\Config\BaseService::__callStatic('session', [])
10 SYSTEMPATH/Common.php(998): CodeIgniter\Config\BaseService::get('session')
11 SYSTEMPATH/Common.php(971): service('session')
12 APPPATH/Helpers/Auth_helper.php(34): session()
13 APPPATH/Modules/Beranda/Controllers/Beranda.php(18): is_logged()
14 SYSTEMPATH/CodeIgniter.php(903): Modules\Beranda\Controllers\Beranda->__construct()
15 SYSTEMPATH/CodeIgniter.php(500): CodeIgniter\CodeIgniter->createController()
16 SYSTEMPATH/CodeIgniter.php(355): CodeIgniter\CodeIgniter->handleRequest(null, Object(Config\Cache), false)
17 SYSTEMPATH/Boot.php(325): CodeIgniter\CodeIgniter->run()
18 SYSTEMPATH/Boot.php(67): CodeIgniter\Boot::runCodeIgniter(Object(CodeIgniter\CodeIgniter))
19 FCPATH/index.php(56): CodeIgniter\Boot::bootWeb(Object(Config\Paths))
20 SYSTEMPATH/rewrite.php(44): require_once('/Users/apple/www/pusk/ci4/production/safira/web/public/index.php')
INFO - 2025-06-17 09:15:47 --> Session: Class initialized using 'CodeIgniter\Session\Handlers\DatabaseHandler' driver.
WARNING - 2025-06-17 09:16:38 --> [DEPRECATED] ini_set(): session.sid_length INI setting is deprecated in SYSTEMPATH/Session/Session.php on line 343.
 1 SYSTEMPATH/Session/Session.php(343): ini_set('session.sid_length', '40')
 2 SYSTEMPATH/Session/Session.php(313): CodeIgniter\Session\Session->configureSidLength()
 3 SYSTEMPATH/Session/Session.php(232): CodeIgniter\Session\Session->configure()
 4 SYSTEMPATH/Config/Services.php(710): CodeIgniter\Session\Session->start()
 5 SYSTEMPATH/Config/BaseService.php(312): CodeIgniter\Config\Services::session(Object(Config\Session), false)
 6 SYSTEMPATH/Config/BaseService.php(251): CodeIgniter\Config\BaseService::__callStatic('session', [...])
 7 SYSTEMPATH/Config/Services.php(668): CodeIgniter\Config\BaseService::getSharedInstance('session', null)
 8 SYSTEMPATH/Config/BaseService.php(321): CodeIgniter\Config\Services::session()
 9 SYSTEMPATH/Config/BaseService.php(202): CodeIgniter\Config\BaseService::__callStatic('session', [])
10 SYSTEMPATH/Common.php(998): CodeIgniter\Config\BaseService::get('session')
11 SYSTEMPATH/Common.php(971): service('session')
12 APPPATH/Helpers/Auth_helper.php(34): session()
13 APPPATH/Modules/Konfigurasi/Controllers/SSO.php(20): is_logged()
14 SYSTEMPATH/CodeIgniter.php(903): Modules\Konfigurasi\Controllers\SSO->__construct()
15 SYSTEMPATH/CodeIgniter.php(500): CodeIgniter\CodeIgniter->createController()
16 SYSTEMPATH/CodeIgniter.php(355): CodeIgniter\CodeIgniter->handleRequest(null, Object(Config\Cache), false)
17 SYSTEMPATH/Boot.php(325): CodeIgniter\CodeIgniter->run()
18 SYSTEMPATH/Boot.php(67): CodeIgniter\Boot::runCodeIgniter(Object(CodeIgniter\CodeIgniter))
19 FCPATH/index.php(56): CodeIgniter\Boot::bootWeb(Object(Config\Paths))
20 SYSTEMPATH/rewrite.php(44): require_once('/Users/apple/www/pusk/ci4/production/safira/web/public/index.php')
INFO - 2025-06-17 09:16:38 --> Session: Class initialized using 'CodeIgniter\Session\Handlers\DatabaseHandler' driver.
INFO - 2025-06-17 09:16:39 --> CSRF token verified.
WARNING - 2025-06-17 09:16:39 --> [DEPRECATED] ini_set(): session.sid_length INI setting is deprecated in SYSTEMPATH/Session/Session.php on line 343.
 1 SYSTEMPATH/Session/Session.php(343): ini_set('session.sid_length', '40')
 2 SYSTEMPATH/Session/Session.php(313): CodeIgniter\Session\Session->configureSidLength()
 3 SYSTEMPATH/Session/Session.php(232): CodeIgniter\Session\Session->configure()
 4 SYSTEMPATH/Config/Services.php(710): CodeIgniter\Session\Session->start()
 5 SYSTEMPATH/Config/BaseService.php(312): CodeIgniter\Config\Services::session(Object(Config\Session), false)
 6 SYSTEMPATH/Config/BaseService.php(251): CodeIgniter\Config\BaseService::__callStatic('session', [...])
 7 SYSTEMPATH/Config/Services.php(668): CodeIgniter\Config\BaseService::getSharedInstance('session', null)
 8 SYSTEMPATH/Config/BaseService.php(321): CodeIgniter\Config\Services::session()
 9 SYSTEMPATH/Config/BaseService.php(202): CodeIgniter\Config\BaseService::__callStatic('session', [])
10 SYSTEMPATH/Common.php(998): CodeIgniter\Config\BaseService::get('session')
11 SYSTEMPATH/Common.php(971): service('session')
12 APPPATH/Helpers/Auth_helper.php(34): session()
13 APPPATH/Modules/Konfigurasi/Controllers/SSO.php(20): is_logged()
14 SYSTEMPATH/CodeIgniter.php(903): Modules\Konfigurasi\Controllers\SSO->__construct()
15 SYSTEMPATH/CodeIgniter.php(500): CodeIgniter\CodeIgniter->createController()
16 SYSTEMPATH/CodeIgniter.php(355): CodeIgniter\CodeIgniter->handleRequest(null, Object(Config\Cache), false)
17 SYSTEMPATH/Boot.php(325): CodeIgniter\CodeIgniter->run()
18 SYSTEMPATH/Boot.php(67): CodeIgniter\Boot::runCodeIgniter(Object(CodeIgniter\CodeIgniter))
19 FCPATH/index.php(56): CodeIgniter\Boot::bootWeb(Object(Config\Paths))
20 SYSTEMPATH/rewrite.php(44): require_once('/Users/apple/www/pusk/ci4/production/safira/web/public/index.php')
INFO - 2025-06-17 09:16:39 --> Session: Class initialized using 'CodeIgniter\Session\Handlers\DatabaseHandler' driver.
WARNING - 2025-06-17 09:16:40 --> [DEPRECATED] ini_set(): session.sid_length INI setting is deprecated in SYSTEMPATH/Session/Session.php on line 343.
 1 SYSTEMPATH/Session/Session.php(343): ini_set('session.sid_length', '40')
 2 SYSTEMPATH/Session/Session.php(313): CodeIgniter\Session\Session->configureSidLength()
 3 SYSTEMPATH/Session/Session.php(232): CodeIgniter\Session\Session->configure()
 4 SYSTEMPATH/Config/Services.php(710): CodeIgniter\Session\Session->start()
 5 SYSTEMPATH/Config/BaseService.php(312): CodeIgniter\Config\Services::session(Object(Config\Session), false)
 6 SYSTEMPATH/Config/BaseService.php(251): CodeIgniter\Config\BaseService::__callStatic('session', [...])
 7 SYSTEMPATH/Config/Services.php(668): CodeIgniter\Config\BaseService::getSharedInstance('session', null)
 8 SYSTEMPATH/Config/BaseService.php(321): CodeIgniter\Config\Services::session()
 9 SYSTEMPATH/Config/BaseService.php(202): CodeIgniter\Config\BaseService::__callStatic('session', [])
10 SYSTEMPATH/Common.php(998): CodeIgniter\Config\BaseService::get('session')
11 SYSTEMPATH/Common.php(971): service('session')
12 APPPATH/Helpers/Auth_helper.php(34): session()
13 APPPATH/Modules/Konfigurasi/Controllers/Template.php(20): is_logged()
14 SYSTEMPATH/CodeIgniter.php(903): Modules\Konfigurasi\Controllers\Template->__construct()
15 SYSTEMPATH/CodeIgniter.php(500): CodeIgniter\CodeIgniter->createController()
16 SYSTEMPATH/CodeIgniter.php(355): CodeIgniter\CodeIgniter->handleRequest(null, Object(Config\Cache), false)
17 SYSTEMPATH/Boot.php(325): CodeIgniter\CodeIgniter->run()
18 SYSTEMPATH/Boot.php(67): CodeIgniter\Boot::runCodeIgniter(Object(CodeIgniter\CodeIgniter))
19 FCPATH/index.php(56): CodeIgniter\Boot::bootWeb(Object(Config\Paths))
20 SYSTEMPATH/rewrite.php(44): require_once('/Users/apple/www/pusk/ci4/production/safira/web/public/index.php')
INFO - 2025-06-17 09:16:40 --> Session: Class initialized using 'CodeIgniter\Session\Handlers\DatabaseHandler' driver.
INFO - 2025-06-17 09:16:41 --> CSRF token verified.
WARNING - 2025-06-17 09:16:41 --> [DEPRECATED] ini_set(): session.sid_length INI setting is deprecated in SYSTEMPATH/Session/Session.php on line 343.
 1 SYSTEMPATH/Session/Session.php(343): ini_set('session.sid_length', '40')
 2 SYSTEMPATH/Session/Session.php(313): CodeIgniter\Session\Session->configureSidLength()
 3 SYSTEMPATH/Session/Session.php(232): CodeIgniter\Session\Session->configure()
 4 SYSTEMPATH/Config/Services.php(710): CodeIgniter\Session\Session->start()
 5 SYSTEMPATH/Config/BaseService.php(312): CodeIgniter\Config\Services::session(Object(Config\Session), false)
 6 SYSTEMPATH/Config/BaseService.php(251): CodeIgniter\Config\BaseService::__callStatic('session', [...])
 7 SYSTEMPATH/Config/Services.php(668): CodeIgniter\Config\BaseService::getSharedInstance('session', null)
 8 SYSTEMPATH/Config/BaseService.php(321): CodeIgniter\Config\Services::session()
 9 SYSTEMPATH/Config/BaseService.php(202): CodeIgniter\Config\BaseService::__callStatic('session', [])
10 SYSTEMPATH/Common.php(998): CodeIgniter\Config\BaseService::get('session')
11 SYSTEMPATH/Common.php(971): service('session')
12 APPPATH/Helpers/Auth_helper.php(34): session()
13 APPPATH/Modules/Konfigurasi/Controllers/Template.php(20): is_logged()
14 SYSTEMPATH/CodeIgniter.php(903): Modules\Konfigurasi\Controllers\Template->__construct()
15 SYSTEMPATH/CodeIgniter.php(500): CodeIgniter\CodeIgniter->createController()
16 SYSTEMPATH/CodeIgniter.php(355): CodeIgniter\CodeIgniter->handleRequest(null, Object(Config\Cache), false)
17 SYSTEMPATH/Boot.php(325): CodeIgniter\CodeIgniter->run()
18 SYSTEMPATH/Boot.php(67): CodeIgniter\Boot::runCodeIgniter(Object(CodeIgniter\CodeIgniter))
19 FCPATH/index.php(56): CodeIgniter\Boot::bootWeb(Object(Config\Paths))
20 SYSTEMPATH/rewrite.php(44): require_once('/Users/apple/www/pusk/ci4/production/safira/web/public/index.php')
INFO - 2025-06-17 09:16:41 --> Session: Class initialized using 'CodeIgniter\Session\Handlers\DatabaseHandler' driver.
WARNING - 2025-06-17 09:21:01 --> [DEPRECATED] ini_set(): session.sid_length INI setting is deprecated in SYSTEMPATH/Session/Session.php on line 343.
 1 SYSTEMPATH/Session/Session.php(343): ini_set('session.sid_length', '40')
 2 SYSTEMPATH/Session/Session.php(313): CodeIgniter\Session\Session->configureSidLength()
 3 SYSTEMPATH/Session/Session.php(232): CodeIgniter\Session\Session->configure()
 4 SYSTEMPATH/Config/Services.php(710): CodeIgniter\Session\Session->start()
 5 SYSTEMPATH/Config/BaseService.php(312): CodeIgniter\Config\Services::session(Object(Config\Session), false)
 6 SYSTEMPATH/Config/BaseService.php(251): CodeIgniter\Config\BaseService::__callStatic('session', [...])
 7 SYSTEMPATH/Config/Services.php(668): CodeIgniter\Config\BaseService::getSharedInstance('session', null)
 8 SYSTEMPATH/Config/BaseService.php(321): CodeIgniter\Config\Services::session()
 9 SYSTEMPATH/Config/BaseService.php(202): CodeIgniter\Config\BaseService::__callStatic('session', [])
10 SYSTEMPATH/Common.php(998): CodeIgniter\Config\BaseService::get('session')
11 SYSTEMPATH/Common.php(971): service('session')
12 APPPATH/Helpers/Auth_helper.php(34): session()
13 APPPATH/Modules/Naskahkeluar/Controllers/Registrasi.php(20): is_logged()
14 SYSTEMPATH/CodeIgniter.php(903): Modules\Naskahkeluar\Controllers\Registrasi->__construct()
15 SYSTEMPATH/CodeIgniter.php(500): CodeIgniter\CodeIgniter->createController()
16 SYSTEMPATH/CodeIgniter.php(355): CodeIgniter\CodeIgniter->handleRequest(null, Object(Config\Cache), false)
17 SYSTEMPATH/Boot.php(325): CodeIgniter\CodeIgniter->run()
18 SYSTEMPATH/Boot.php(67): CodeIgniter\Boot::runCodeIgniter(Object(CodeIgniter\CodeIgniter))
19 FCPATH/index.php(56): CodeIgniter\Boot::bootWeb(Object(Config\Paths))
20 SYSTEMPATH/rewrite.php(44): require_once('/Users/apple/www/pusk/ci4/production/safira/web/public/index.php')
INFO - 2025-06-17 09:21:01 --> Session: Class initialized using 'CodeIgniter\Session\Handlers\DatabaseHandler' driver.
INFO - 2025-06-17 09:21:03 --> CSRF token verified.
WARNING - 2025-06-17 09:21:03 --> [DEPRECATED] ini_set(): session.sid_length INI setting is deprecated in SYSTEMPATH/Session/Session.php on line 343.
 1 SYSTEMPATH/Session/Session.php(343): ini_set('session.sid_length', '40')
 2 SYSTEMPATH/Session/Session.php(313): CodeIgniter\Session\Session->configureSidLength()
 3 SYSTEMPATH/Session/Session.php(232): CodeIgniter\Session\Session->configure()
 4 SYSTEMPATH/Config/Services.php(710): CodeIgniter\Session\Session->start()
 5 SYSTEMPATH/Config/BaseService.php(312): CodeIgniter\Config\Services::session(Object(Config\Session), false)
 6 SYSTEMPATH/Config/BaseService.php(251): CodeIgniter\Config\BaseService::__callStatic('session', [...])
 7 SYSTEMPATH/Config/Services.php(668): CodeIgniter\Config\BaseService::getSharedInstance('session', null)
 8 SYSTEMPATH/Config/BaseService.php(321): CodeIgniter\Config\Services::session()
 9 SYSTEMPATH/Config/BaseService.php(202): CodeIgniter\Config\BaseService::__callStatic('session', [])
10 SYSTEMPATH/Common.php(998): CodeIgniter\Config\BaseService::get('session')
11 SYSTEMPATH/Common.php(971): service('session')
12 APPPATH/Helpers/Auth_helper.php(34): session()
13 APPPATH/Modules/Naskahkeluar/Controllers/Registrasi.php(20): is_logged()
14 SYSTEMPATH/CodeIgniter.php(903): Modules\Naskahkeluar\Controllers\Registrasi->__construct()
15 SYSTEMPATH/CodeIgniter.php(500): CodeIgniter\CodeIgniter->createController()
16 SYSTEMPATH/CodeIgniter.php(355): CodeIgniter\CodeIgniter->handleRequest(null, Object(Config\Cache), false)
17 SYSTEMPATH/Boot.php(325): CodeIgniter\CodeIgniter->run()
18 SYSTEMPATH/Boot.php(67): CodeIgniter\Boot::runCodeIgniter(Object(CodeIgniter\CodeIgniter))
19 FCPATH/index.php(56): CodeIgniter\Boot::bootWeb(Object(Config\Paths))
20 SYSTEMPATH/rewrite.php(44): require_once('/Users/apple/www/pusk/ci4/production/safira/web/public/index.php')
INFO - 2025-06-17 09:21:03 --> Session: Class initialized using 'CodeIgniter\Session\Handlers\DatabaseHandler' driver.
INFO - 2025-06-17 09:21:04 --> CSRF token verified.
WARNING - 2025-06-17 09:21:04 --> [DEPRECATED] ini_set(): session.sid_length INI setting is deprecated in SYSTEMPATH/Session/Session.php on line 343.
 1 SYSTEMPATH/Session/Session.php(343): ini_set('session.sid_length', '40')
 2 SYSTEMPATH/Session/Session.php(313): CodeIgniter\Session\Session->configureSidLength()
 3 SYSTEMPATH/Session/Session.php(232): CodeIgniter\Session\Session->configure()
 4 SYSTEMPATH/Config/Services.php(710): CodeIgniter\Session\Session->start()
 5 SYSTEMPATH/Config/BaseService.php(312): CodeIgniter\Config\Services::session(Object(Config\Session), false)
 6 SYSTEMPATH/Config/BaseService.php(251): CodeIgniter\Config\BaseService::__callStatic('session', [...])
 7 SYSTEMPATH/Config/Services.php(668): CodeIgniter\Config\BaseService::getSharedInstance('session', null)
 8 SYSTEMPATH/Config/BaseService.php(321): CodeIgniter\Config\Services::session()
 9 SYSTEMPATH/Config/BaseService.php(202): CodeIgniter\Config\BaseService::__callStatic('session', [])
10 SYSTEMPATH/Common.php(998): CodeIgniter\Config\BaseService::get('session')
11 SYSTEMPATH/Common.php(971): service('session')
12 APPPATH/Helpers/Auth_helper.php(34): session()
13 APPPATH/Modules/Naskahkeluar/Controllers/Registrasi.php(20): is_logged()
14 SYSTEMPATH/CodeIgniter.php(903): Modules\Naskahkeluar\Controllers\Registrasi->__construct()
15 SYSTEMPATH/CodeIgniter.php(500): CodeIgniter\CodeIgniter->createController()
16 SYSTEMPATH/CodeIgniter.php(355): CodeIgniter\CodeIgniter->handleRequest(null, Object(Config\Cache), false)
17 SYSTEMPATH/Boot.php(325): CodeIgniter\CodeIgniter->run()
18 SYSTEMPATH/Boot.php(67): CodeIgniter\Boot::runCodeIgniter(Object(CodeIgniter\CodeIgniter))
19 FCPATH/index.php(56): CodeIgniter\Boot::bootWeb(Object(Config\Paths))
20 SYSTEMPATH/rewrite.php(44): require_once('/Users/apple/www/pusk/ci4/production/safira/web/public/index.php')
INFO - 2025-06-17 09:21:04 --> Session: Class initialized using 'CodeIgniter\Session\Handlers\DatabaseHandler' driver.
INFO - 2025-06-17 09:21:05 --> CSRF token verified.
WARNING - 2025-06-17 09:21:05 --> [DEPRECATED] ini_set(): session.sid_length INI setting is deprecated in SYSTEMPATH/Session/Session.php on line 343.
 1 SYSTEMPATH/Session/Session.php(343): ini_set('session.sid_length', '40')
 2 SYSTEMPATH/Session/Session.php(313): CodeIgniter\Session\Session->configureSidLength()
 3 SYSTEMPATH/Session/Session.php(232): CodeIgniter\Session\Session->configure()
 4 SYSTEMPATH/Config/Services.php(710): CodeIgniter\Session\Session->start()
 5 SYSTEMPATH/Config/BaseService.php(312): CodeIgniter\Config\Services::session(Object(Config\Session), false)
 6 SYSTEMPATH/Config/BaseService.php(251): CodeIgniter\Config\BaseService::__callStatic('session', [...])
 7 SYSTEMPATH/Config/Services.php(668): CodeIgniter\Config\BaseService::getSharedInstance('session', null)
 8 SYSTEMPATH/Config/BaseService.php(321): CodeIgniter\Config\Services::session()
 9 SYSTEMPATH/Config/BaseService.php(202): CodeIgniter\Config\BaseService::__callStatic('session', [])
10 SYSTEMPATH/Common.php(998): CodeIgniter\Config\BaseService::get('session')
11 SYSTEMPATH/Common.php(971): service('session')
12 APPPATH/Helpers/Auth_helper.php(34): session()
13 APPPATH/Modules/Naskahkeluar/Controllers/Registrasi.php(20): is_logged()
14 SYSTEMPATH/CodeIgniter.php(903): Modules\Naskahkeluar\Controllers\Registrasi->__construct()
15 SYSTEMPATH/CodeIgniter.php(500): CodeIgniter\CodeIgniter->createController()
16 SYSTEMPATH/CodeIgniter.php(355): CodeIgniter\CodeIgniter->handleRequest(null, Object(Config\Cache), false)
17 SYSTEMPATH/Boot.php(325): CodeIgniter\CodeIgniter->run()
18 SYSTEMPATH/Boot.php(67): CodeIgniter\Boot::runCodeIgniter(Object(CodeIgniter\CodeIgniter))
19 FCPATH/index.php(56): CodeIgniter\Boot::bootWeb(Object(Config\Paths))
20 SYSTEMPATH/rewrite.php(44): require_once('/Users/apple/www/pusk/ci4/production/safira/web/public/index.php')
INFO - 2025-06-17 09:21:05 --> Session: Class initialized using 'CodeIgniter\Session\Handlers\DatabaseHandler' driver.
INFO - 2025-06-17 09:21:07 --> CSRF token verified.
WARNING - 2025-06-17 09:21:07 --> [DEPRECATED] ini_set(): session.sid_length INI setting is deprecated in SYSTEMPATH/Session/Session.php on line 343.
 1 SYSTEMPATH/Session/Session.php(343): ini_set('session.sid_length', '40')
 2 SYSTEMPATH/Session/Session.php(313): CodeIgniter\Session\Session->configureSidLength()
 3 SYSTEMPATH/Session/Session.php(232): CodeIgniter\Session\Session->configure()
 4 SYSTEMPATH/Config/Services.php(710): CodeIgniter\Session\Session->start()
 5 SYSTEMPATH/Config/BaseService.php(312): CodeIgniter\Config\Services::session(Object(Config\Session), false)
 6 SYSTEMPATH/Config/BaseService.php(251): CodeIgniter\Config\BaseService::__callStatic('session', [...])
 7 SYSTEMPATH/Config/Services.php(668): CodeIgniter\Config\BaseService::getSharedInstance('session', null)
 8 SYSTEMPATH/Config/BaseService.php(321): CodeIgniter\Config\Services::session()
 9 SYSTEMPATH/Config/BaseService.php(202): CodeIgniter\Config\BaseService::__callStatic('session', [])
10 SYSTEMPATH/Common.php(998): CodeIgniter\Config\BaseService::get('session')
11 SYSTEMPATH/Common.php(971): service('session')
12 APPPATH/Helpers/Auth_helper.php(34): session()
13 APPPATH/Modules/Naskahkeluar/Controllers/Registrasi.php(20): is_logged()
14 SYSTEMPATH/CodeIgniter.php(903): Modules\Naskahkeluar\Controllers\Registrasi->__construct()
15 SYSTEMPATH/CodeIgniter.php(500): CodeIgniter\CodeIgniter->createController()
16 SYSTEMPATH/CodeIgniter.php(355): CodeIgniter\CodeIgniter->handleRequest(null, Object(Config\Cache), false)
17 SYSTEMPATH/Boot.php(325): CodeIgniter\CodeIgniter->run()
18 SYSTEMPATH/Boot.php(67): CodeIgniter\Boot::runCodeIgniter(Object(CodeIgniter\CodeIgniter))
19 FCPATH/index.php(56): CodeIgniter\Boot::bootWeb(Object(Config\Paths))
20 SYSTEMPATH/rewrite.php(44): require_once('/Users/apple/www/pusk/ci4/production/safira/web/public/index.php')
INFO - 2025-06-17 09:21:07 --> Session: Class initialized using 'CodeIgniter\Session\Handlers\DatabaseHandler' driver.
INFO - 2025-06-17 09:21:08 --> CSRF token verified.
WARNING - 2025-06-17 09:21:08 --> [DEPRECATED] ini_set(): session.sid_length INI setting is deprecated in SYSTEMPATH/Session/Session.php on line 343.
 1 SYSTEMPATH/Session/Session.php(343): ini_set('session.sid_length', '40')
 2 SYSTEMPATH/Session/Session.php(313): CodeIgniter\Session\Session->configureSidLength()
 3 SYSTEMPATH/Session/Session.php(232): CodeIgniter\Session\Session->configure()
 4 SYSTEMPATH/Config/Services.php(710): CodeIgniter\Session\Session->start()
 5 SYSTEMPATH/Config/BaseService.php(312): CodeIgniter\Config\Services::session(Object(Config\Session), false)
 6 SYSTEMPATH/Config/BaseService.php(251): CodeIgniter\Config\BaseService::__callStatic('session', [...])
 7 SYSTEMPATH/Config/Services.php(668): CodeIgniter\Config\BaseService::getSharedInstance('session', null)
 8 SYSTEMPATH/Config/BaseService.php(321): CodeIgniter\Config\Services::session()
 9 SYSTEMPATH/Config/BaseService.php(202): CodeIgniter\Config\BaseService::__callStatic('session', [])
10 SYSTEMPATH/Common.php(998): CodeIgniter\Config\BaseService::get('session')
11 SYSTEMPATH/Common.php(971): service('session')
12 APPPATH/Helpers/Auth_helper.php(34): session()
13 APPPATH/Modules/Arsip/Controllers/Induk.php(20): is_logged()
14 SYSTEMPATH/CodeIgniter.php(903): Modules\Arsip\Controllers\Induk->__construct()
15 SYSTEMPATH/CodeIgniter.php(500): CodeIgniter\CodeIgniter->createController()
16 SYSTEMPATH/CodeIgniter.php(355): CodeIgniter\CodeIgniter->handleRequest(null, Object(Config\Cache), false)
17 SYSTEMPATH/Boot.php(325): CodeIgniter\CodeIgniter->run()
18 SYSTEMPATH/Boot.php(67): CodeIgniter\Boot::runCodeIgniter(Object(CodeIgniter\CodeIgniter))
19 FCPATH/index.php(56): CodeIgniter\Boot::bootWeb(Object(Config\Paths))
20 SYSTEMPATH/rewrite.php(44): require_once('/Users/apple/www/pusk/ci4/production/safira/web/public/index.php')
INFO - 2025-06-17 09:21:08 --> Session: Class initialized using 'CodeIgniter\Session\Handlers\DatabaseHandler' driver.
INFO - 2025-06-17 09:21:18 --> CSRF token verified.
WARNING - 2025-06-17 09:21:18 --> [DEPRECATED] ini_set(): session.sid_length INI setting is deprecated in SYSTEMPATH/Session/Session.php on line 343.
 1 SYSTEMPATH/Session/Session.php(343): ini_set('session.sid_length', '40')
 2 SYSTEMPATH/Session/Session.php(313): CodeIgniter\Session\Session->configureSidLength()
 3 SYSTEMPATH/Session/Session.php(232): CodeIgniter\Session\Session->configure()
 4 SYSTEMPATH/Config/Services.php(710): CodeIgniter\Session\Session->start()
 5 SYSTEMPATH/Config/BaseService.php(312): CodeIgniter\Config\Services::session(Object(Config\Session), false)
 6 SYSTEMPATH/Config/BaseService.php(251): CodeIgniter\Config\BaseService::__callStatic('session', [...])
 7 SYSTEMPATH/Config/Services.php(668): CodeIgniter\Config\BaseService::getSharedInstance('session', null)
 8 SYSTEMPATH/Config/BaseService.php(321): CodeIgniter\Config\Services::session()
 9 SYSTEMPATH/Config/BaseService.php(202): CodeIgniter\Config\BaseService::__callStatic('session', [])
10 SYSTEMPATH/Common.php(998): CodeIgniter\Config\BaseService::get('session')
11 SYSTEMPATH/Common.php(971): service('session')
12 APPPATH/Helpers/Auth_helper.php(34): session()
13 APPPATH/Modules/Naskahkeluar/Controllers/Registrasi.php(20): is_logged()
14 SYSTEMPATH/CodeIgniter.php(903): Modules\Naskahkeluar\Controllers\Registrasi->__construct()
15 SYSTEMPATH/CodeIgniter.php(500): CodeIgniter\CodeIgniter->createController()
16 SYSTEMPATH/CodeIgniter.php(355): CodeIgniter\CodeIgniter->handleRequest(null, Object(Config\Cache), false)
17 SYSTEMPATH/Boot.php(325): CodeIgniter\CodeIgniter->run()
18 SYSTEMPATH/Boot.php(67): CodeIgniter\Boot::runCodeIgniter(Object(CodeIgniter\CodeIgniter))
19 FCPATH/index.php(56): CodeIgniter\Boot::bootWeb(Object(Config\Paths))
20 SYSTEMPATH/rewrite.php(44): require_once('/Users/apple/www/pusk/ci4/production/safira/web/public/index.php')
INFO - 2025-06-17 09:21:18 --> Session: Class initialized using 'CodeIgniter\Session\Handlers\DatabaseHandler' driver.
INFO - 2025-06-17 09:21:21 --> CSRF token verified.
WARNING - 2025-06-17 09:21:21 --> [DEPRECATED] ini_set(): session.sid_length INI setting is deprecated in SYSTEMPATH/Session/Session.php on line 343.
 1 SYSTEMPATH/Session/Session.php(343): ini_set('session.sid_length', '40')
 2 SYSTEMPATH/Session/Session.php(313): CodeIgniter\Session\Session->configureSidLength()
 3 SYSTEMPATH/Session/Session.php(232): CodeIgniter\Session\Session->configure()
 4 SYSTEMPATH/Config/Services.php(710): CodeIgniter\Session\Session->start()
 5 SYSTEMPATH/Config/BaseService.php(312): CodeIgniter\Config\Services::session(Object(Config\Session), false)
 6 SYSTEMPATH/Config/BaseService.php(251): CodeIgniter\Config\BaseService::__callStatic('session', [...])
 7 SYSTEMPATH/Config/Services.php(668): CodeIgniter\Config\BaseService::getSharedInstance('session', null)
 8 SYSTEMPATH/Config/BaseService.php(321): CodeIgniter\Config\Services::session()
 9 SYSTEMPATH/Config/BaseService.php(202): CodeIgniter\Config\BaseService::__callStatic('session', [])
10 SYSTEMPATH/Common.php(998): CodeIgniter\Config\BaseService::get('session')
11 SYSTEMPATH/Common.php(971): service('session')
12 APPPATH/Helpers/Auth_helper.php(34): session()
13 APPPATH/Modules/Naskahkeluar/Controllers/Registrasi.php(20): is_logged()
14 SYSTEMPATH/CodeIgniter.php(903): Modules\Naskahkeluar\Controllers\Registrasi->__construct()
15 SYSTEMPATH/CodeIgniter.php(500): CodeIgniter\CodeIgniter->createController()
16 SYSTEMPATH/CodeIgniter.php(355): CodeIgniter\CodeIgniter->handleRequest(null, Object(Config\Cache), false)
17 SYSTEMPATH/Boot.php(325): CodeIgniter\CodeIgniter->run()
18 SYSTEMPATH/Boot.php(67): CodeIgniter\Boot::runCodeIgniter(Object(CodeIgniter\CodeIgniter))
19 FCPATH/index.php(56): CodeIgniter\Boot::bootWeb(Object(Config\Paths))
20 SYSTEMPATH/rewrite.php(44): require_once('/Users/apple/www/pusk/ci4/production/safira/web/public/index.php')
INFO - 2025-06-17 09:21:21 --> Session: Class initialized using 'CodeIgniter\Session\Handlers\DatabaseHandler' driver.
INFO - 2025-06-17 09:21:23 --> CSRF token verified.
WARNING - 2025-06-17 09:21:23 --> [DEPRECATED] ini_set(): session.sid_length INI setting is deprecated in SYSTEMPATH/Session/Session.php on line 343.
 1 SYSTEMPATH/Session/Session.php(343): ini_set('session.sid_length', '40')
 2 SYSTEMPATH/Session/Session.php(313): CodeIgniter\Session\Session->configureSidLength()
 3 SYSTEMPATH/Session/Session.php(232): CodeIgniter\Session\Session->configure()
 4 SYSTEMPATH/Config/Services.php(710): CodeIgniter\Session\Session->start()
 5 SYSTEMPATH/Config/BaseService.php(312): CodeIgniter\Config\Services::session(Object(Config\Session), false)
 6 SYSTEMPATH/Config/BaseService.php(251): CodeIgniter\Config\BaseService::__callStatic('session', [...])
 7 SYSTEMPATH/Config/Services.php(668): CodeIgniter\Config\BaseService::getSharedInstance('session', null)
 8 SYSTEMPATH/Config/BaseService.php(321): CodeIgniter\Config\Services::session()
 9 SYSTEMPATH/Config/BaseService.php(202): CodeIgniter\Config\BaseService::__callStatic('session', [])
10 SYSTEMPATH/Common.php(998): CodeIgniter\Config\BaseService::get('session')
11 SYSTEMPATH/Common.php(971): service('session')
12 APPPATH/Helpers/Auth_helper.php(34): session()
13 APPPATH/Modules/Naskahkeluar/Controllers/Registrasi.php(20): is_logged()
14 SYSTEMPATH/CodeIgniter.php(903): Modules\Naskahkeluar\Controllers\Registrasi->__construct()
15 SYSTEMPATH/CodeIgniter.php(500): CodeIgniter\CodeIgniter->createController()
16 SYSTEMPATH/CodeIgniter.php(355): CodeIgniter\CodeIgniter->handleRequest(null, Object(Config\Cache), false)
17 SYSTEMPATH/Boot.php(325): CodeIgniter\CodeIgniter->run()
18 SYSTEMPATH/Boot.php(67): CodeIgniter\Boot::runCodeIgniter(Object(CodeIgniter\CodeIgniter))
19 FCPATH/index.php(56): CodeIgniter\Boot::bootWeb(Object(Config\Paths))
20 SYSTEMPATH/rewrite.php(44): require_once('/Users/apple/www/pusk/ci4/production/safira/web/public/index.php')
INFO - 2025-06-17 09:21:23 --> Session: Class initialized using 'CodeIgniter\Session\Handlers\DatabaseHandler' driver.
INFO - 2025-06-17 09:21:26 --> CSRF token verified.
WARNING - 2025-06-17 09:21:26 --> [DEPRECATED] ini_set(): session.sid_length INI setting is deprecated in SYSTEMPATH/Session/Session.php on line 343.
 1 SYSTEMPATH/Session/Session.php(343): ini_set('session.sid_length', '40')
 2 SYSTEMPATH/Session/Session.php(313): CodeIgniter\Session\Session->configureSidLength()
 3 SYSTEMPATH/Session/Session.php(232): CodeIgniter\Session\Session->configure()
 4 SYSTEMPATH/Config/Services.php(710): CodeIgniter\Session\Session->start()
 5 SYSTEMPATH/Config/BaseService.php(312): CodeIgniter\Config\Services::session(Object(Config\Session), false)
 6 SYSTEMPATH/Config/BaseService.php(251): CodeIgniter\Config\BaseService::__callStatic('session', [...])
 7 SYSTEMPATH/Config/Services.php(668): CodeIgniter\Config\BaseService::getSharedInstance('session', null)
 8 SYSTEMPATH/Config/BaseService.php(321): CodeIgniter\Config\Services::session()
 9 SYSTEMPATH/Config/BaseService.php(202): CodeIgniter\Config\BaseService::__callStatic('session', [])
10 SYSTEMPATH/Common.php(998): CodeIgniter\Config\BaseService::get('session')
11 SYSTEMPATH/Common.php(971): service('session')
12 APPPATH/Helpers/Auth_helper.php(34): session()
13 APPPATH/Modules/Naskahkeluar/Controllers/Registrasi.php(20): is_logged()
14 SYSTEMPATH/CodeIgniter.php(903): Modules\Naskahkeluar\Controllers\Registrasi->__construct()
15 SYSTEMPATH/CodeIgniter.php(500): CodeIgniter\CodeIgniter->createController()
16 SYSTEMPATH/CodeIgniter.php(355): CodeIgniter\CodeIgniter->handleRequest(null, Object(Config\Cache), false)
17 SYSTEMPATH/Boot.php(325): CodeIgniter\CodeIgniter->run()
18 SYSTEMPATH/Boot.php(67): CodeIgniter\Boot::runCodeIgniter(Object(CodeIgniter\CodeIgniter))
19 FCPATH/index.php(56): CodeIgniter\Boot::bootWeb(Object(Config\Paths))
20 SYSTEMPATH/rewrite.php(44): require_once('/Users/apple/www/pusk/ci4/production/safira/web/public/index.php')
INFO - 2025-06-17 09:21:26 --> Session: Class initialized using 'CodeIgniter\Session\Handlers\DatabaseHandler' driver.
INFO - 2025-06-17 09:21:27 --> CSRF token verified.
WARNING - 2025-06-17 09:21:27 --> [DEPRECATED] ini_set(): session.sid_length INI setting is deprecated in SYSTEMPATH/Session/Session.php on line 343.
 1 SYSTEMPATH/Session/Session.php(343): ini_set('session.sid_length', '40')
 2 SYSTEMPATH/Session/Session.php(313): CodeIgniter\Session\Session->configureSidLength()
 3 SYSTEMPATH/Session/Session.php(232): CodeIgniter\Session\Session->configure()
 4 SYSTEMPATH/Config/Services.php(710): CodeIgniter\Session\Session->start()
 5 SYSTEMPATH/Config/BaseService.php(312): CodeIgniter\Config\Services::session(Object(Config\Session), false)
 6 SYSTEMPATH/Config/BaseService.php(251): CodeIgniter\Config\BaseService::__callStatic('session', [...])
 7 SYSTEMPATH/Config/Services.php(668): CodeIgniter\Config\BaseService::getSharedInstance('session', null)
 8 SYSTEMPATH/Config/BaseService.php(321): CodeIgniter\Config\Services::session()
 9 SYSTEMPATH/Config/BaseService.php(202): CodeIgniter\Config\BaseService::__callStatic('session', [])
10 SYSTEMPATH/Common.php(998): CodeIgniter\Config\BaseService::get('session')
11 SYSTEMPATH/Common.php(971): service('session')
12 APPPATH/Helpers/Auth_helper.php(34): session()
13 APPPATH/Modules/Naskahkeluar/Controllers/Registrasi.php(20): is_logged()
14 SYSTEMPATH/CodeIgniter.php(903): Modules\Naskahkeluar\Controllers\Registrasi->__construct()
15 SYSTEMPATH/CodeIgniter.php(500): CodeIgniter\CodeIgniter->createController()
16 SYSTEMPATH/CodeIgniter.php(355): CodeIgniter\CodeIgniter->handleRequest(null, Object(Config\Cache), false)
17 SYSTEMPATH/Boot.php(325): CodeIgniter\CodeIgniter->run()
18 SYSTEMPATH/Boot.php(67): CodeIgniter\Boot::runCodeIgniter(Object(CodeIgniter\CodeIgniter))
19 FCPATH/index.php(56): CodeIgniter\Boot::bootWeb(Object(Config\Paths))
20 SYSTEMPATH/rewrite.php(44): require_once('/Users/apple/www/pusk/ci4/production/safira/web/public/index.php')
INFO - 2025-06-17 09:21:27 --> Session: Class initialized using 'CodeIgniter\Session\Handlers\DatabaseHandler' driver.
INFO - 2025-06-17 09:21:28 --> CSRF token verified.
WARNING - 2025-06-17 09:21:28 --> [DEPRECATED] ini_set(): session.sid_length INI setting is deprecated in SYSTEMPATH/Session/Session.php on line 343.
 1 SYSTEMPATH/Session/Session.php(343): ini_set('session.sid_length', '40')
 2 SYSTEMPATH/Session/Session.php(313): CodeIgniter\Session\Session->configureSidLength()
 3 SYSTEMPATH/Session/Session.php(232): CodeIgniter\Session\Session->configure()
 4 SYSTEMPATH/Config/Services.php(710): CodeIgniter\Session\Session->start()
 5 SYSTEMPATH/Config/BaseService.php(312): CodeIgniter\Config\Services::session(Object(Config\Session), false)
 6 SYSTEMPATH/Config/BaseService.php(251): CodeIgniter\Config\BaseService::__callStatic('session', [...])
 7 SYSTEMPATH/Config/Services.php(668): CodeIgniter\Config\BaseService::getSharedInstance('session', null)
 8 SYSTEMPATH/Config/BaseService.php(321): CodeIgniter\Config\Services::session()
 9 SYSTEMPATH/Config/BaseService.php(202): CodeIgniter\Config\BaseService::__callStatic('session', [])
10 SYSTEMPATH/Common.php(998): CodeIgniter\Config\BaseService::get('session')
11 SYSTEMPATH/Common.php(971): service('session')
12 APPPATH/Helpers/Auth_helper.php(34): session()
13 APPPATH/Modules/Naskahkeluar/Controllers/Registrasi.php(20): is_logged()
14 SYSTEMPATH/CodeIgniter.php(903): Modules\Naskahkeluar\Controllers\Registrasi->__construct()
15 SYSTEMPATH/CodeIgniter.php(500): CodeIgniter\CodeIgniter->createController()
16 SYSTEMPATH/CodeIgniter.php(355): CodeIgniter\CodeIgniter->handleRequest(null, Object(Config\Cache), false)
17 SYSTEMPATH/Boot.php(325): CodeIgniter\CodeIgniter->run()
18 SYSTEMPATH/Boot.php(67): CodeIgniter\Boot::runCodeIgniter(Object(CodeIgniter\CodeIgniter))
19 FCPATH/index.php(56): CodeIgniter\Boot::bootWeb(Object(Config\Paths))
20 SYSTEMPATH/rewrite.php(44): require_once('/Users/apple/www/pusk/ci4/production/safira/web/public/index.php')
INFO - 2025-06-17 09:21:28 --> Session: Class initialized using 'CodeIgniter\Session\Handlers\DatabaseHandler' driver.
INFO - 2025-06-17 09:21:28 --> CSRF token verified.
WARNING - 2025-06-17 09:21:28 --> [DEPRECATED] ini_set(): session.sid_length INI setting is deprecated in SYSTEMPATH/Session/Session.php on line 343.
 1 SYSTEMPATH/Session/Session.php(343): ini_set('session.sid_length', '40')
 2 SYSTEMPATH/Session/Session.php(313): CodeIgniter\Session\Session->configureSidLength()
 3 SYSTEMPATH/Session/Session.php(232): CodeIgniter\Session\Session->configure()
 4 SYSTEMPATH/Config/Services.php(710): CodeIgniter\Session\Session->start()
 5 SYSTEMPATH/Config/BaseService.php(312): CodeIgniter\Config\Services::session(Object(Config\Session), false)
 6 SYSTEMPATH/Config/BaseService.php(251): CodeIgniter\Config\BaseService::__callStatic('session', [...])
 7 SYSTEMPATH/Config/Services.php(668): CodeIgniter\Config\BaseService::getSharedInstance('session', null)
 8 SYSTEMPATH/Config/BaseService.php(321): CodeIgniter\Config\Services::session()
 9 SYSTEMPATH/Config/BaseService.php(202): CodeIgniter\Config\BaseService::__callStatic('session', [])
10 SYSTEMPATH/Common.php(998): CodeIgniter\Config\BaseService::get('session')
11 SYSTEMPATH/Common.php(971): service('session')
12 APPPATH/Helpers/Auth_helper.php(34): session()
13 APPPATH/Modules/Naskahkeluar/Controllers/Registrasi.php(20): is_logged()
14 SYSTEMPATH/CodeIgniter.php(903): Modules\Naskahkeluar\Controllers\Registrasi->__construct()
15 SYSTEMPATH/CodeIgniter.php(500): CodeIgniter\CodeIgniter->createController()
16 SYSTEMPATH/CodeIgniter.php(355): CodeIgniter\CodeIgniter->handleRequest(null, Object(Config\Cache), false)
17 SYSTEMPATH/Boot.php(325): CodeIgniter\CodeIgniter->run()
18 SYSTEMPATH/Boot.php(67): CodeIgniter\Boot::runCodeIgniter(Object(CodeIgniter\CodeIgniter))
19 FCPATH/index.php(56): CodeIgniter\Boot::bootWeb(Object(Config\Paths))
20 SYSTEMPATH/rewrite.php(44): require_once('/Users/apple/www/pusk/ci4/production/safira/web/public/index.php')
INFO - 2025-06-17 09:21:28 --> Session: Class initialized using 'CodeIgniter\Session\Handlers\DatabaseHandler' driver.
INFO - 2025-06-17 09:21:30 --> CSRF token verified.
WARNING - 2025-06-17 09:21:30 --> [DEPRECATED] ini_set(): session.sid_length INI setting is deprecated in SYSTEMPATH/Session/Session.php on line 343.
 1 SYSTEMPATH/Session/Session.php(343): ini_set('session.sid_length', '40')
 2 SYSTEMPATH/Session/Session.php(313): CodeIgniter\Session\Session->configureSidLength()
 3 SYSTEMPATH/Session/Session.php(232): CodeIgniter\Session\Session->configure()
 4 SYSTEMPATH/Config/Services.php(710): CodeIgniter\Session\Session->start()
 5 SYSTEMPATH/Config/BaseService.php(312): CodeIgniter\Config\Services::session(Object(Config\Session), false)
 6 SYSTEMPATH/Config/BaseService.php(251): CodeIgniter\Config\BaseService::__callStatic('session', [...])
 7 SYSTEMPATH/Config/Services.php(668): CodeIgniter\Config\BaseService::getSharedInstance('session', null)
 8 SYSTEMPATH/Config/BaseService.php(321): CodeIgniter\Config\Services::session()
 9 SYSTEMPATH/Config/BaseService.php(202): CodeIgniter\Config\BaseService::__callStatic('session', [])
10 SYSTEMPATH/Common.php(998): CodeIgniter\Config\BaseService::get('session')
11 SYSTEMPATH/Common.php(971): service('session')
12 APPPATH/Helpers/Auth_helper.php(34): session()
13 APPPATH/Modules/Naskahkeluar/Controllers/Registrasi.php(20): is_logged()
14 SYSTEMPATH/CodeIgniter.php(903): Modules\Naskahkeluar\Controllers\Registrasi->__construct()
15 SYSTEMPATH/CodeIgniter.php(500): CodeIgniter\CodeIgniter->createController()
16 SYSTEMPATH/CodeIgniter.php(355): CodeIgniter\CodeIgniter->handleRequest(null, Object(Config\Cache), false)
17 SYSTEMPATH/Boot.php(325): CodeIgniter\CodeIgniter->run()
18 SYSTEMPATH/Boot.php(67): CodeIgniter\Boot::runCodeIgniter(Object(CodeIgniter\CodeIgniter))
19 FCPATH/index.php(56): CodeIgniter\Boot::bootWeb(Object(Config\Paths))
20 SYSTEMPATH/rewrite.php(44): require_once('/Users/apple/www/pusk/ci4/production/safira/web/public/index.php')
INFO - 2025-06-17 09:21:30 --> Session: Class initialized using 'CodeIgniter\Session\Handlers\DatabaseHandler' driver.
INFO - 2025-06-17 09:21:30 --> CSRF token verified.
WARNING - 2025-06-17 09:21:30 --> [DEPRECATED] ini_set(): session.sid_length INI setting is deprecated in SYSTEMPATH/Session/Session.php on line 343.
 1 SYSTEMPATH/Session/Session.php(343): ini_set('session.sid_length', '40')
 2 SYSTEMPATH/Session/Session.php(313): CodeIgniter\Session\Session->configureSidLength()
 3 SYSTEMPATH/Session/Session.php(232): CodeIgniter\Session\Session->configure()
 4 SYSTEMPATH/Config/Services.php(710): CodeIgniter\Session\Session->start()
 5 SYSTEMPATH/Config/BaseService.php(312): CodeIgniter\Config\Services::session(Object(Config\Session), false)
 6 SYSTEMPATH/Config/BaseService.php(251): CodeIgniter\Config\BaseService::__callStatic('session', [...])
 7 SYSTEMPATH/Config/Services.php(668): CodeIgniter\Config\BaseService::getSharedInstance('session', null)
 8 SYSTEMPATH/Config/BaseService.php(321): CodeIgniter\Config\Services::session()
 9 SYSTEMPATH/Config/BaseService.php(202): CodeIgniter\Config\BaseService::__callStatic('session', [])
10 SYSTEMPATH/Common.php(998): CodeIgniter\Config\BaseService::get('session')
11 SYSTEMPATH/Common.php(971): service('session')
12 APPPATH/Helpers/Auth_helper.php(34): session()
13 APPPATH/Modules/Naskahkeluar/Controllers/Registrasi.php(20): is_logged()
14 SYSTEMPATH/CodeIgniter.php(903): Modules\Naskahkeluar\Controllers\Registrasi->__construct()
15 SYSTEMPATH/CodeIgniter.php(500): CodeIgniter\CodeIgniter->createController()
16 SYSTEMPATH/CodeIgniter.php(355): CodeIgniter\CodeIgniter->handleRequest(null, Object(Config\Cache), false)
17 SYSTEMPATH/Boot.php(325): CodeIgniter\CodeIgniter->run()
18 SYSTEMPATH/Boot.php(67): CodeIgniter\Boot::runCodeIgniter(Object(CodeIgniter\CodeIgniter))
19 FCPATH/index.php(56): CodeIgniter\Boot::bootWeb(Object(Config\Paths))
20 SYSTEMPATH/rewrite.php(44): require_once('/Users/apple/www/pusk/ci4/production/safira/web/public/index.php')
INFO - 2025-06-17 09:21:30 --> Session: Class initialized using 'CodeIgniter\Session\Handlers\DatabaseHandler' driver.
INFO - 2025-06-17 09:21:31 --> CSRF token verified.
WARNING - 2025-06-17 09:21:31 --> [DEPRECATED] ini_set(): session.sid_length INI setting is deprecated in SYSTEMPATH/Session/Session.php on line 343.
 1 SYSTEMPATH/Session/Session.php(343): ini_set('session.sid_length', '40')
 2 SYSTEMPATH/Session/Session.php(313): CodeIgniter\Session\Session->configureSidLength()
 3 SYSTEMPATH/Session/Session.php(232): CodeIgniter\Session\Session->configure()
 4 SYSTEMPATH/Config/Services.php(710): CodeIgniter\Session\Session->start()
 5 SYSTEMPATH/Config/BaseService.php(312): CodeIgniter\Config\Services::session(Object(Config\Session), false)
 6 SYSTEMPATH/Config/BaseService.php(251): CodeIgniter\Config\BaseService::__callStatic('session', [...])
 7 SYSTEMPATH/Config/Services.php(668): CodeIgniter\Config\BaseService::getSharedInstance('session', null)
 8 SYSTEMPATH/Config/BaseService.php(321): CodeIgniter\Config\Services::session()
 9 SYSTEMPATH/Config/BaseService.php(202): CodeIgniter\Config\BaseService::__callStatic('session', [])
10 SYSTEMPATH/Common.php(998): CodeIgniter\Config\BaseService::get('session')
11 SYSTEMPATH/Common.php(971): service('session')
12 APPPATH/Helpers/Auth_helper.php(34): session()
13 APPPATH/Modules/Naskahkeluar/Controllers/Registrasi.php(20): is_logged()
14 SYSTEMPATH/CodeIgniter.php(903): Modules\Naskahkeluar\Controllers\Registrasi->__construct()
15 SYSTEMPATH/CodeIgniter.php(500): CodeIgniter\CodeIgniter->createController()
16 SYSTEMPATH/CodeIgniter.php(355): CodeIgniter\CodeIgniter->handleRequest(null, Object(Config\Cache), false)
17 SYSTEMPATH/Boot.php(325): CodeIgniter\CodeIgniter->run()
18 SYSTEMPATH/Boot.php(67): CodeIgniter\Boot::runCodeIgniter(Object(CodeIgniter\CodeIgniter))
19 FCPATH/index.php(56): CodeIgniter\Boot::bootWeb(Object(Config\Paths))
20 SYSTEMPATH/rewrite.php(44): require_once('/Users/apple/www/pusk/ci4/production/safira/web/public/index.php')
INFO - 2025-06-17 09:21:31 --> Session: Class initialized using 'CodeIgniter\Session\Handlers\DatabaseHandler' driver.
INFO - 2025-06-17 09:21:33 --> CSRF token verified.
WARNING - 2025-06-17 09:21:33 --> [DEPRECATED] ini_set(): session.sid_length INI setting is deprecated in SYSTEMPATH/Session/Session.php on line 343.
 1 SYSTEMPATH/Session/Session.php(343): ini_set('session.sid_length', '40')
 2 SYSTEMPATH/Session/Session.php(313): CodeIgniter\Session\Session->configureSidLength()
 3 SYSTEMPATH/Session/Session.php(232): CodeIgniter\Session\Session->configure()
 4 SYSTEMPATH/Config/Services.php(710): CodeIgniter\Session\Session->start()
 5 SYSTEMPATH/Config/BaseService.php(312): CodeIgniter\Config\Services::session(Object(Config\Session), false)
 6 SYSTEMPATH/Config/BaseService.php(251): CodeIgniter\Config\BaseService::__callStatic('session', [...])
 7 SYSTEMPATH/Config/Services.php(668): CodeIgniter\Config\BaseService::getSharedInstance('session', null)
 8 SYSTEMPATH/Config/BaseService.php(321): CodeIgniter\Config\Services::session()
 9 SYSTEMPATH/Config/BaseService.php(202): CodeIgniter\Config\BaseService::__callStatic('session', [])
10 SYSTEMPATH/Common.php(998): CodeIgniter\Config\BaseService::get('session')
11 SYSTEMPATH/Common.php(971): service('session')
12 APPPATH/Helpers/Auth_helper.php(34): session()
13 APPPATH/Modules/Naskahkeluar/Controllers/Registrasi.php(20): is_logged()
14 SYSTEMPATH/CodeIgniter.php(903): Modules\Naskahkeluar\Controllers\Registrasi->__construct()
15 SYSTEMPATH/CodeIgniter.php(500): CodeIgniter\CodeIgniter->createController()
16 SYSTEMPATH/CodeIgniter.php(355): CodeIgniter\CodeIgniter->handleRequest(null, Object(Config\Cache), false)
17 SYSTEMPATH/Boot.php(325): CodeIgniter\CodeIgniter->run()
18 SYSTEMPATH/Boot.php(67): CodeIgniter\Boot::runCodeIgniter(Object(CodeIgniter\CodeIgniter))
19 FCPATH/index.php(56): CodeIgniter\Boot::bootWeb(Object(Config\Paths))
20 SYSTEMPATH/rewrite.php(44): require_once('/Users/apple/www/pusk/ci4/production/safira/web/public/index.php')
INFO - 2025-06-17 09:21:33 --> Session: Class initialized using 'CodeIgniter\Session\Handlers\DatabaseHandler' driver.
INFO - 2025-06-17 09:21:35 --> CSRF token verified.
WARNING - 2025-06-17 09:21:35 --> [DEPRECATED] ini_set(): session.sid_length INI setting is deprecated in SYSTEMPATH/Session/Session.php on line 343.
 1 SYSTEMPATH/Session/Session.php(343): ini_set('session.sid_length', '40')
 2 SYSTEMPATH/Session/Session.php(313): CodeIgniter\Session\Session->configureSidLength()
 3 SYSTEMPATH/Session/Session.php(232): CodeIgniter\Session\Session->configure()
 4 SYSTEMPATH/Config/Services.php(710): CodeIgniter\Session\Session->start()
 5 SYSTEMPATH/Config/BaseService.php(312): CodeIgniter\Config\Services::session(Object(Config\Session), false)
 6 SYSTEMPATH/Config/BaseService.php(251): CodeIgniter\Config\BaseService::__callStatic('session', [...])
 7 SYSTEMPATH/Config/Services.php(668): CodeIgniter\Config\BaseService::getSharedInstance('session', null)
 8 SYSTEMPATH/Config/BaseService.php(321): CodeIgniter\Config\Services::session()
 9 SYSTEMPATH/Config/BaseService.php(202): CodeIgniter\Config\BaseService::__callStatic('session', [])
10 SYSTEMPATH/Common.php(998): CodeIgniter\Config\BaseService::get('session')
11 SYSTEMPATH/Common.php(971): service('session')
12 APPPATH/Helpers/Auth_helper.php(34): session()
13 APPPATH/Modules/Naskahkeluar/Controllers/Registrasi.php(20): is_logged()
14 SYSTEMPATH/CodeIgniter.php(903): Modules\Naskahkeluar\Controllers\Registrasi->__construct()
15 SYSTEMPATH/CodeIgniter.php(500): CodeIgniter\CodeIgniter->createController()
16 SYSTEMPATH/CodeIgniter.php(355): CodeIgniter\CodeIgniter->handleRequest(null, Object(Config\Cache), false)
17 SYSTEMPATH/Boot.php(325): CodeIgniter\CodeIgniter->run()
18 SYSTEMPATH/Boot.php(67): CodeIgniter\Boot::runCodeIgniter(Object(CodeIgniter\CodeIgniter))
19 FCPATH/index.php(56): CodeIgniter\Boot::bootWeb(Object(Config\Paths))
20 SYSTEMPATH/rewrite.php(44): require_once('/Users/apple/www/pusk/ci4/production/safira/web/public/index.php')
INFO - 2025-06-17 09:21:35 --> Session: Class initialized using 'CodeIgniter\Session\Handlers\DatabaseHandler' driver.
INFO - 2025-06-17 09:21:36 --> CSRF token verified.
WARNING - 2025-06-17 09:21:36 --> [DEPRECATED] ini_set(): session.sid_length INI setting is deprecated in SYSTEMPATH/Session/Session.php on line 343.
 1 SYSTEMPATH/Session/Session.php(343): ini_set('session.sid_length', '40')
 2 SYSTEMPATH/Session/Session.php(313): CodeIgniter\Session\Session->configureSidLength()
 3 SYSTEMPATH/Session/Session.php(232): CodeIgniter\Session\Session->configure()
 4 SYSTEMPATH/Config/Services.php(710): CodeIgniter\Session\Session->start()
 5 SYSTEMPATH/Config/BaseService.php(312): CodeIgniter\Config\Services::session(Object(Config\Session), false)
 6 SYSTEMPATH/Config/BaseService.php(251): CodeIgniter\Config\BaseService::__callStatic('session', [...])
 7 SYSTEMPATH/Config/Services.php(668): CodeIgniter\Config\BaseService::getSharedInstance('session', null)
 8 SYSTEMPATH/Config/BaseService.php(321): CodeIgniter\Config\Services::session()
 9 SYSTEMPATH/Config/BaseService.php(202): CodeIgniter\Config\BaseService::__callStatic('session', [])
10 SYSTEMPATH/Common.php(998): CodeIgniter\Config\BaseService::get('session')
11 SYSTEMPATH/Common.php(971): service('session')
12 APPPATH/Helpers/Auth_helper.php(34): session()
13 APPPATH/Modules/Naskahkeluar/Controllers/Registrasi.php(20): is_logged()
14 SYSTEMPATH/CodeIgniter.php(903): Modules\Naskahkeluar\Controllers\Registrasi->__construct()
15 SYSTEMPATH/CodeIgniter.php(500): CodeIgniter\CodeIgniter->createController()
16 SYSTEMPATH/CodeIgniter.php(355): CodeIgniter\CodeIgniter->handleRequest(null, Object(Config\Cache), false)
17 SYSTEMPATH/Boot.php(325): CodeIgniter\CodeIgniter->run()
18 SYSTEMPATH/Boot.php(67): CodeIgniter\Boot::runCodeIgniter(Object(CodeIgniter\CodeIgniter))
19 FCPATH/index.php(56): CodeIgniter\Boot::bootWeb(Object(Config\Paths))
20 SYSTEMPATH/rewrite.php(44): require_once('/Users/apple/www/pusk/ci4/production/safira/web/public/index.php')
INFO - 2025-06-17 09:21:36 --> Session: Class initialized using 'CodeIgniter\Session\Handlers\DatabaseHandler' driver.
INFO - 2025-06-17 09:21:37 --> CSRF token verified.
WARNING - 2025-06-17 09:21:37 --> [DEPRECATED] ini_set(): session.sid_length INI setting is deprecated in SYSTEMPATH/Session/Session.php on line 343.
 1 SYSTEMPATH/Session/Session.php(343): ini_set('session.sid_length', '40')
 2 SYSTEMPATH/Session/Session.php(313): CodeIgniter\Session\Session->configureSidLength()
 3 SYSTEMPATH/Session/Session.php(232): CodeIgniter\Session\Session->configure()
 4 SYSTEMPATH/Config/Services.php(710): CodeIgniter\Session\Session->start()
 5 SYSTEMPATH/Config/BaseService.php(312): CodeIgniter\Config\Services::session(Object(Config\Session), false)
 6 SYSTEMPATH/Config/BaseService.php(251): CodeIgniter\Config\BaseService::__callStatic('session', [...])
 7 SYSTEMPATH/Config/Services.php(668): CodeIgniter\Config\BaseService::getSharedInstance('session', null)
 8 SYSTEMPATH/Config/BaseService.php(321): CodeIgniter\Config\Services::session()
 9 SYSTEMPATH/Config/BaseService.php(202): CodeIgniter\Config\BaseService::__callStatic('session', [])
10 SYSTEMPATH/Common.php(998): CodeIgniter\Config\BaseService::get('session')
11 SYSTEMPATH/Common.php(971): service('session')
12 APPPATH/Helpers/Auth_helper.php(34): session()
13 APPPATH/Modules/Naskahkeluar/Controllers/Registrasi.php(20): is_logged()
14 SYSTEMPATH/CodeIgniter.php(903): Modules\Naskahkeluar\Controllers\Registrasi->__construct()
15 SYSTEMPATH/CodeIgniter.php(500): CodeIgniter\CodeIgniter->createController()
16 SYSTEMPATH/CodeIgniter.php(355): CodeIgniter\CodeIgniter->handleRequest(null, Object(Config\Cache), false)
17 SYSTEMPATH/Boot.php(325): CodeIgniter\CodeIgniter->run()
18 SYSTEMPATH/Boot.php(67): CodeIgniter\Boot::runCodeIgniter(Object(CodeIgniter\CodeIgniter))
19 FCPATH/index.php(56): CodeIgniter\Boot::bootWeb(Object(Config\Paths))
20 SYSTEMPATH/rewrite.php(44): require_once('/Users/apple/www/pusk/ci4/production/safira/web/public/index.php')
INFO - 2025-06-17 09:21:37 --> Session: Class initialized using 'CodeIgniter\Session\Handlers\DatabaseHandler' driver.
INFO - 2025-06-17 09:21:39 --> CSRF token verified.
WARNING - 2025-06-17 09:21:39 --> [DEPRECATED] ini_set(): session.sid_length INI setting is deprecated in SYSTEMPATH/Session/Session.php on line 343.
 1 SYSTEMPATH/Session/Session.php(343): ini_set('session.sid_length', '40')
 2 SYSTEMPATH/Session/Session.php(313): CodeIgniter\Session\Session->configureSidLength()
 3 SYSTEMPATH/Session/Session.php(232): CodeIgniter\Session\Session->configure()
 4 SYSTEMPATH/Config/Services.php(710): CodeIgniter\Session\Session->start()
 5 SYSTEMPATH/Config/BaseService.php(312): CodeIgniter\Config\Services::session(Object(Config\Session), false)
 6 SYSTEMPATH/Config/BaseService.php(251): CodeIgniter\Config\BaseService::__callStatic('session', [...])
 7 SYSTEMPATH/Config/Services.php(668): CodeIgniter\Config\BaseService::getSharedInstance('session', null)
 8 SYSTEMPATH/Config/BaseService.php(321): CodeIgniter\Config\Services::session()
 9 SYSTEMPATH/Config/BaseService.php(202): CodeIgniter\Config\BaseService::__callStatic('session', [])
10 SYSTEMPATH/Common.php(998): CodeIgniter\Config\BaseService::get('session')
11 SYSTEMPATH/Common.php(971): service('session')
12 APPPATH/Helpers/Auth_helper.php(34): session()
13 APPPATH/Modules/Naskahkeluar/Controllers/Registrasi.php(20): is_logged()
14 SYSTEMPATH/CodeIgniter.php(903): Modules\Naskahkeluar\Controllers\Registrasi->__construct()
15 SYSTEMPATH/CodeIgniter.php(500): CodeIgniter\CodeIgniter->createController()
16 SYSTEMPATH/CodeIgniter.php(355): CodeIgniter\CodeIgniter->handleRequest(null, Object(Config\Cache), false)
17 SYSTEMPATH/Boot.php(325): CodeIgniter\CodeIgniter->run()
18 SYSTEMPATH/Boot.php(67): CodeIgniter\Boot::runCodeIgniter(Object(CodeIgniter\CodeIgniter))
19 FCPATH/index.php(56): CodeIgniter\Boot::bootWeb(Object(Config\Paths))
20 SYSTEMPATH/rewrite.php(44): require_once('/Users/apple/www/pusk/ci4/production/safira/web/public/index.php')
INFO - 2025-06-17 09:21:39 --> Session: Class initialized using 'CodeIgniter\Session\Handlers\DatabaseHandler' driver.
INFO - 2025-06-17 09:21:41 --> CSRF token verified.
WARNING - 2025-06-17 09:21:41 --> [DEPRECATED] ini_set(): session.sid_length INI setting is deprecated in SYSTEMPATH/Session/Session.php on line 343.
 1 SYSTEMPATH/Session/Session.php(343): ini_set('session.sid_length', '40')
 2 SYSTEMPATH/Session/Session.php(313): CodeIgniter\Session\Session->configureSidLength()
 3 SYSTEMPATH/Session/Session.php(232): CodeIgniter\Session\Session->configure()
 4 SYSTEMPATH/Config/Services.php(710): CodeIgniter\Session\Session->start()
 5 SYSTEMPATH/Config/BaseService.php(312): CodeIgniter\Config\Services::session(Object(Config\Session), false)
 6 SYSTEMPATH/Config/BaseService.php(251): CodeIgniter\Config\BaseService::__callStatic('session', [...])
 7 SYSTEMPATH/Config/Services.php(668): CodeIgniter\Config\BaseService::getSharedInstance('session', null)
 8 SYSTEMPATH/Config/BaseService.php(321): CodeIgniter\Config\Services::session()
 9 SYSTEMPATH/Config/BaseService.php(202): CodeIgniter\Config\BaseService::__callStatic('session', [])
10 SYSTEMPATH/Common.php(998): CodeIgniter\Config\BaseService::get('session')
11 SYSTEMPATH/Common.php(971): service('session')
12 APPPATH/Helpers/Auth_helper.php(34): session()
13 APPPATH/Modules/Naskahkeluar/Controllers/Registrasi.php(20): is_logged()
14 SYSTEMPATH/CodeIgniter.php(903): Modules\Naskahkeluar\Controllers\Registrasi->__construct()
15 SYSTEMPATH/CodeIgniter.php(500): CodeIgniter\CodeIgniter->createController()
16 SYSTEMPATH/CodeIgniter.php(355): CodeIgniter\CodeIgniter->handleRequest(null, Object(Config\Cache), false)
17 SYSTEMPATH/Boot.php(325): CodeIgniter\CodeIgniter->run()
18 SYSTEMPATH/Boot.php(67): CodeIgniter\Boot::runCodeIgniter(Object(CodeIgniter\CodeIgniter))
19 FCPATH/index.php(56): CodeIgniter\Boot::bootWeb(Object(Config\Paths))
20 SYSTEMPATH/rewrite.php(44): require_once('/Users/apple/www/pusk/ci4/production/safira/web/public/index.php')
INFO - 2025-06-17 09:21:41 --> Session: Class initialized using 'CodeIgniter\Session\Handlers\DatabaseHandler' driver.
INFO - 2025-06-17 09:21:42 --> CSRF token verified.
WARNING - 2025-06-17 09:21:42 --> [DEPRECATED] ini_set(): session.sid_length INI setting is deprecated in SYSTEMPATH/Session/Session.php on line 343.
 1 SYSTEMPATH/Session/Session.php(343): ini_set('session.sid_length', '40')
 2 SYSTEMPATH/Session/Session.php(313): CodeIgniter\Session\Session->configureSidLength()
 3 SYSTEMPATH/Session/Session.php(232): CodeIgniter\Session\Session->configure()
 4 SYSTEMPATH/Config/Services.php(710): CodeIgniter\Session\Session->start()
 5 SYSTEMPATH/Config/BaseService.php(312): CodeIgniter\Config\Services::session(Object(Config\Session), false)
 6 SYSTEMPATH/Config/BaseService.php(251): CodeIgniter\Config\BaseService::__callStatic('session', [...])
 7 SYSTEMPATH/Config/Services.php(668): CodeIgniter\Config\BaseService::getSharedInstance('session', null)
 8 SYSTEMPATH/Config/BaseService.php(321): CodeIgniter\Config\Services::session()
 9 SYSTEMPATH/Config/BaseService.php(202): CodeIgniter\Config\BaseService::__callStatic('session', [])
10 SYSTEMPATH/Common.php(998): CodeIgniter\Config\BaseService::get('session')
11 SYSTEMPATH/Common.php(971): service('session')
12 APPPATH/Helpers/Auth_helper.php(34): session()
13 APPPATH/Modules/Naskahkeluar/Controllers/Registrasi.php(20): is_logged()
14 SYSTEMPATH/CodeIgniter.php(903): Modules\Naskahkeluar\Controllers\Registrasi->__construct()
15 SYSTEMPATH/CodeIgniter.php(500): CodeIgniter\CodeIgniter->createController()
16 SYSTEMPATH/CodeIgniter.php(355): CodeIgniter\CodeIgniter->handleRequest(null, Object(Config\Cache), false)
17 SYSTEMPATH/Boot.php(325): CodeIgniter\CodeIgniter->run()
18 SYSTEMPATH/Boot.php(67): CodeIgniter\Boot::runCodeIgniter(Object(CodeIgniter\CodeIgniter))
19 FCPATH/index.php(56): CodeIgniter\Boot::bootWeb(Object(Config\Paths))
20 SYSTEMPATH/rewrite.php(44): require_once('/Users/apple/www/pusk/ci4/production/safira/web/public/index.php')
INFO - 2025-06-17 09:21:42 --> Session: Class initialized using 'CodeIgniter\Session\Handlers\DatabaseHandler' driver.
WARNING - 2025-06-17 09:21:46 --> [DEPRECATED] ini_set(): session.sid_length INI setting is deprecated in SYSTEMPATH/Session/Session.php on line 343.
 1 SYSTEMPATH/Session/Session.php(343): ini_set('session.sid_length', '40')
 2 SYSTEMPATH/Session/Session.php(313): CodeIgniter\Session\Session->configureSidLength()
 3 SYSTEMPATH/Session/Session.php(232): CodeIgniter\Session\Session->configure()
 4 SYSTEMPATH/Config/Services.php(710): CodeIgniter\Session\Session->start()
 5 SYSTEMPATH/Config/BaseService.php(312): CodeIgniter\Config\Services::session(Object(Config\Session), false)
 6 SYSTEMPATH/Config/BaseService.php(251): CodeIgniter\Config\BaseService::__callStatic('session', [...])
 7 SYSTEMPATH/Config/Services.php(668): CodeIgniter\Config\BaseService::getSharedInstance('session', null)
 8 SYSTEMPATH/Config/BaseService.php(321): CodeIgniter\Config\Services::session()
 9 SYSTEMPATH/Config/BaseService.php(202): CodeIgniter\Config\BaseService::__callStatic('session', [])
10 SYSTEMPATH/Common.php(998): CodeIgniter\Config\BaseService::get('session')
11 SYSTEMPATH/Common.php(971): service('session')
12 APPPATH/Helpers/Auth_helper.php(34): session()
13 APPPATH/Modules/Naskahkeluar/Controllers/Lognaskah.php(19): is_logged()
14 SYSTEMPATH/CodeIgniter.php(903): Modules\Naskahkeluar\Controllers\Lognaskah->__construct()
15 SYSTEMPATH/CodeIgniter.php(500): CodeIgniter\CodeIgniter->createController()
16 SYSTEMPATH/CodeIgniter.php(355): CodeIgniter\CodeIgniter->handleRequest(null, Object(Config\Cache), false)
17 SYSTEMPATH/Boot.php(325): CodeIgniter\CodeIgniter->run()
18 SYSTEMPATH/Boot.php(67): CodeIgniter\Boot::runCodeIgniter(Object(CodeIgniter\CodeIgniter))
19 FCPATH/index.php(56): CodeIgniter\Boot::bootWeb(Object(Config\Paths))
20 SYSTEMPATH/rewrite.php(44): require_once('/Users/apple/www/pusk/ci4/production/safira/web/public/index.php')
INFO - 2025-06-17 09:21:46 --> Session: Class initialized using 'CodeIgniter\Session\Handlers\DatabaseHandler' driver.
INFO - 2025-06-17 09:21:46 --> CSRF token verified.
WARNING - 2025-06-17 09:21:46 --> [DEPRECATED] ini_set(): session.sid_length INI setting is deprecated in SYSTEMPATH/Session/Session.php on line 343.
 1 SYSTEMPATH/Session/Session.php(343): ini_set('session.sid_length', '40')
 2 SYSTEMPATH/Session/Session.php(313): CodeIgniter\Session\Session->configureSidLength()
 3 SYSTEMPATH/Session/Session.php(232): CodeIgniter\Session\Session->configure()
 4 SYSTEMPATH/Config/Services.php(710): CodeIgniter\Session\Session->start()
 5 SYSTEMPATH/Config/BaseService.php(312): CodeIgniter\Config\Services::session(Object(Config\Session), false)
 6 SYSTEMPATH/Config/BaseService.php(251): CodeIgniter\Config\BaseService::__callStatic('session', [...])
 7 SYSTEMPATH/Config/Services.php(668): CodeIgniter\Config\BaseService::getSharedInstance('session', null)
 8 SYSTEMPATH/Config/BaseService.php(321): CodeIgniter\Config\Services::session()
 9 SYSTEMPATH/Config/BaseService.php(202): CodeIgniter\Config\BaseService::__callStatic('session', [])
10 SYSTEMPATH/Common.php(998): CodeIgniter\Config\BaseService::get('session')
11 SYSTEMPATH/Common.php(971): service('session')
12 APPPATH/Helpers/Auth_helper.php(34): session()
13 APPPATH/Modules/Naskahkeluar/Controllers/Lognaskah.php(19): is_logged()
14 SYSTEMPATH/CodeIgniter.php(903): Modules\Naskahkeluar\Controllers\Lognaskah->__construct()
15 SYSTEMPATH/CodeIgniter.php(500): CodeIgniter\CodeIgniter->createController()
16 SYSTEMPATH/CodeIgniter.php(355): CodeIgniter\CodeIgniter->handleRequest(null, Object(Config\Cache), false)
17 SYSTEMPATH/Boot.php(325): CodeIgniter\CodeIgniter->run()
18 SYSTEMPATH/Boot.php(67): CodeIgniter\Boot::runCodeIgniter(Object(CodeIgniter\CodeIgniter))
19 FCPATH/index.php(56): CodeIgniter\Boot::bootWeb(Object(Config\Paths))
20 SYSTEMPATH/rewrite.php(44): require_once('/Users/apple/www/pusk/ci4/production/safira/web/public/index.php')
INFO - 2025-06-17 09:21:46 --> Session: Class initialized using 'CodeIgniter\Session\Handlers\DatabaseHandler' driver.
WARNING - 2025-06-17 09:21:57 --> [DEPRECATED] ini_set(): session.sid_length INI setting is deprecated in SYSTEMPATH/Session/Session.php on line 343.
 1 SYSTEMPATH/Session/Session.php(343): ini_set('session.sid_length', '40')
 2 SYSTEMPATH/Session/Session.php(313): CodeIgniter\Session\Session->configureSidLength()
 3 SYSTEMPATH/Session/Session.php(232): CodeIgniter\Session\Session->configure()
 4 SYSTEMPATH/Config/Services.php(710): CodeIgniter\Session\Session->start()
 5 SYSTEMPATH/Config/BaseService.php(312): CodeIgniter\Config\Services::session(Object(Config\Session), false)
 6 SYSTEMPATH/Config/BaseService.php(251): CodeIgniter\Config\BaseService::__callStatic('session', [...])
 7 SYSTEMPATH/Config/Services.php(668): CodeIgniter\Config\BaseService::getSharedInstance('session', null)
 8 SYSTEMPATH/Config/BaseService.php(321): CodeIgniter\Config\Services::session()
 9 SYSTEMPATH/Config/BaseService.php(202): CodeIgniter\Config\BaseService::__callStatic('session', [])
10 SYSTEMPATH/Common.php(998): CodeIgniter\Config\BaseService::get('session')
11 SYSTEMPATH/Common.php(971): service('session')
12 APPPATH/Helpers/Auth_helper.php(34): session()
13 APPPATH/Modules/Naskahkeluar/Controllers/Lognaskah.php(19): is_logged()
14 SYSTEMPATH/CodeIgniter.php(903): Modules\Naskahkeluar\Controllers\Lognaskah->__construct()
15 SYSTEMPATH/CodeIgniter.php(500): CodeIgniter\CodeIgniter->createController()
16 SYSTEMPATH/CodeIgniter.php(355): CodeIgniter\CodeIgniter->handleRequest(null, Object(Config\Cache), false)
17 SYSTEMPATH/Boot.php(325): CodeIgniter\CodeIgniter->run()
18 SYSTEMPATH/Boot.php(67): CodeIgniter\Boot::runCodeIgniter(Object(CodeIgniter\CodeIgniter))
19 FCPATH/index.php(56): CodeIgniter\Boot::bootWeb(Object(Config\Paths))
20 SYSTEMPATH/rewrite.php(44): require_once('/Users/apple/www/pusk/ci4/production/safira/web/public/index.php')
INFO - 2025-06-17 09:21:57 --> Session: Class initialized using 'CodeIgniter\Session\Handlers\DatabaseHandler' driver.
INFO - 2025-06-17 09:21:58 --> CSRF token verified.
WARNING - 2025-06-17 09:21:58 --> [DEPRECATED] ini_set(): session.sid_length INI setting is deprecated in SYSTEMPATH/Session/Session.php on line 343.
 1 SYSTEMPATH/Session/Session.php(343): ini_set('session.sid_length', '40')
 2 SYSTEMPATH/Session/Session.php(313): CodeIgniter\Session\Session->configureSidLength()
 3 SYSTEMPATH/Session/Session.php(232): CodeIgniter\Session\Session->configure()
 4 SYSTEMPATH/Config/Services.php(710): CodeIgniter\Session\Session->start()
 5 SYSTEMPATH/Config/BaseService.php(312): CodeIgniter\Config\Services::session(Object(Config\Session), false)
 6 SYSTEMPATH/Config/BaseService.php(251): CodeIgniter\Config\BaseService::__callStatic('session', [...])
 7 SYSTEMPATH/Config/Services.php(668): CodeIgniter\Config\BaseService::getSharedInstance('session', null)
 8 SYSTEMPATH/Config/BaseService.php(321): CodeIgniter\Config\Services::session()
 9 SYSTEMPATH/Config/BaseService.php(202): CodeIgniter\Config\BaseService::__callStatic('session', [])
10 SYSTEMPATH/Common.php(998): CodeIgniter\Config\BaseService::get('session')
11 SYSTEMPATH/Common.php(971): service('session')
12 APPPATH/Helpers/Auth_helper.php(34): session()
13 APPPATH/Modules/Naskahkeluar/Controllers/Lognaskah.php(19): is_logged()
14 SYSTEMPATH/CodeIgniter.php(903): Modules\Naskahkeluar\Controllers\Lognaskah->__construct()
15 SYSTEMPATH/CodeIgniter.php(500): CodeIgniter\CodeIgniter->createController()
16 SYSTEMPATH/CodeIgniter.php(355): CodeIgniter\CodeIgniter->handleRequest(null, Object(Config\Cache), false)
17 SYSTEMPATH/Boot.php(325): CodeIgniter\CodeIgniter->run()
18 SYSTEMPATH/Boot.php(67): CodeIgniter\Boot::runCodeIgniter(Object(CodeIgniter\CodeIgniter))
19 FCPATH/index.php(56): CodeIgniter\Boot::bootWeb(Object(Config\Paths))
20 SYSTEMPATH/rewrite.php(44): require_once('/Users/apple/www/pusk/ci4/production/safira/web/public/index.php')
INFO - 2025-06-17 09:21:58 --> Session: Class initialized using 'CodeIgniter\Session\Handlers\DatabaseHandler' driver.
