INFO - 2025-02-03 08:15:26 --> Session: Class initialized using 'CodeIgniter\Session\Handlers\DatabaseHandler' driver.
INFO - 2025-02-03 08:15:31 --> Session: Class initialized using 'CodeIgniter\Session\Handlers\DatabaseHandler' driver.
INFO - 2025-02-03 08:15:31 --> Session: Class initialized using 'CodeIgniter\Session\Handlers\DatabaseHandler' driver.
INFO - 2025-02-03 08:15:36 --> Session: Class initialized using 'CodeIgniter\Session\Handlers\DatabaseHandler' driver.
INFO - 2025-02-03 08:15:37 --> Session: Class initialized using 'CodeIgniter\Session\Handlers\DatabaseHandler' driver.
INFO - 2025-02-03 08:15:39 --> Session: Class initialized using 'CodeIgniter\Session\Handlers\DatabaseHandler' driver.
INFO - 2025-02-03 08:15:40 --> CSRF token verified.
INFO - 2025-02-03 08:15:40 --> Session: Class initialized using 'CodeIgniter\Session\Handlers\DatabaseHandler' driver.
INFO - 2025-02-03 08:25:22 --> CSRF token verified.
INFO - 2025-02-03 08:25:22 --> Session: Class initialized using 'CodeIgniter\Session\Handlers\DatabaseHandler' driver.
INFO - 2025-02-03 08:25:22 --> CSRF token verified.
INFO - 2025-02-03 08:25:22 --> Session: Class initialized using 'CodeIgniter\Session\Handlers\DatabaseHandler' driver.
INFO - 2025-02-03 08:25:23 --> CSRF token verified.
INFO - 2025-02-03 08:25:23 --> Session: Class initialized using 'CodeIgniter\Session\Handlers\DatabaseHandler' driver.
INFO - 2025-02-03 08:25:23 --> CSRF token verified.
INFO - 2025-02-03 08:25:23 --> Session: Class initialized using 'CodeIgniter\Session\Handlers\DatabaseHandler' driver.
INFO - 2025-02-03 08:25:24 --> CSRF token verified.
INFO - 2025-02-03 08:25:24 --> Session: Class initialized using 'CodeIgniter\Session\Handlers\DatabaseHandler' driver.
INFO - 2025-02-03 08:25:25 --> CSRF token verified.
INFO - 2025-02-03 08:25:25 --> Session: Class initialized using 'CodeIgniter\Session\Handlers\DatabaseHandler' driver.
INFO - 2025-02-03 09:21:23 --> Session: Class initialized using 'CodeIgniter\Session\Handlers\DatabaseHandler' driver.
INFO - 2025-02-03 09:21:24 --> CSRF token verified.
INFO - 2025-02-03 09:21:24 --> Session: Class initialized using 'CodeIgniter\Session\Handlers\DatabaseHandler' driver.
INFO - 2025-02-03 09:21:25 --> Session: Class initialized using 'CodeIgniter\Session\Handlers\DatabaseHandler' driver.
INFO - 2025-02-03 09:21:26 --> Session: Class initialized using 'CodeIgniter\Session\Handlers\DatabaseHandler' driver.
INFO - 2025-02-03 09:21:27 --> CSRF token verified.
INFO - 2025-02-03 09:21:27 --> Session: Class initialized using 'CodeIgniter\Session\Handlers\DatabaseHandler' driver.
INFO - 2025-02-03 09:23:27 --> Session: Class initialized using 'CodeIgniter\Session\Handlers\DatabaseHandler' driver.
INFO - 2025-02-03 09:23:27 --> Session: Class initialized using 'CodeIgniter\Session\Handlers\DatabaseHandler' driver.
INFO - 2025-02-03 09:23:39 --> Session: Class initialized using 'CodeIgniter\Session\Handlers\DatabaseHandler' driver.
INFO - 2025-02-03 09:23:39 --> Session: Class initialized using 'CodeIgniter\Session\Handlers\DatabaseHandler' driver.
INFO - 2025-02-03 09:23:42 --> Session: Class initialized using 'CodeIgniter\Session\Handlers\DatabaseHandler' driver.
INFO - 2025-02-03 09:23:43 --> CSRF token verified.
INFO - 2025-02-03 09:23:43 --> Session: Class initialized using 'CodeIgniter\Session\Handlers\DatabaseHandler' driver.
INFO - 2025-02-03 09:24:15 --> Session: Class initialized using 'CodeIgniter\Session\Handlers\DatabaseHandler' driver.
INFO - 2025-02-03 09:24:15 --> CSRF token verified.
INFO - 2025-02-03 09:24:15 --> Session: Class initialized using 'CodeIgniter\Session\Handlers\DatabaseHandler' driver.
INFO - 2025-02-03 09:24:16 --> Session: Class initialized using 'CodeIgniter\Session\Handlers\DatabaseHandler' driver.
INFO - 2025-02-03 09:24:17 --> CSRF token verified.
INFO - 2025-02-03 09:24:17 --> Session: Class initialized using 'CodeIgniter\Session\Handlers\DatabaseHandler' driver.
INFO - 2025-02-03 09:24:18 --> Session: Class initialized using 'CodeIgniter\Session\Handlers\DatabaseHandler' driver.
INFO - 2025-02-03 09:24:19 --> CSRF token verified.
INFO - 2025-02-03 09:24:19 --> Session: Class initialized using 'CodeIgniter\Session\Handlers\DatabaseHandler' driver.
INFO - 2025-02-03 09:24:27 --> Session: Class initialized using 'CodeIgniter\Session\Handlers\DatabaseHandler' driver.
INFO - 2025-02-03 09:24:27 --> Session: Class initialized using 'CodeIgniter\Session\Handlers\DatabaseHandler' driver.
INFO - 2025-02-03 09:24:32 --> Session: Class initialized using 'CodeIgniter\Session\Handlers\DatabaseHandler' driver.
INFO - 2025-02-03 09:24:32 --> Session: Class initialized using 'CodeIgniter\Session\Handlers\DatabaseHandler' driver.
INFO - 2025-02-03 09:24:45 --> Session: Class initialized using 'CodeIgniter\Session\Handlers\DatabaseHandler' driver.
INFO - 2025-02-03 09:24:45 --> CSRF token verified.
INFO - 2025-02-03 09:24:45 --> Session: Class initialized using 'CodeIgniter\Session\Handlers\DatabaseHandler' driver.
INFO - 2025-02-03 09:25:09 --> Session: Class initialized using 'CodeIgniter\Session\Handlers\DatabaseHandler' driver.
INFO - 2025-02-03 09:25:10 --> CSRF token verified.
INFO - 2025-02-03 09:25:10 --> Session: Class initialized using 'CodeIgniter\Session\Handlers\DatabaseHandler' driver.
INFO - 2025-02-03 09:25:21 --> Session: Class initialized using 'CodeIgniter\Session\Handlers\DatabaseHandler' driver.
INFO - 2025-02-03 09:25:27 --> Session: Class initialized using 'CodeIgniter\Session\Handlers\DatabaseHandler' driver.
INFO - 2025-02-03 09:25:27 --> CSRF token verified.
INFO - 2025-02-03 09:25:27 --> Session: Class initialized using 'CodeIgniter\Session\Handlers\DatabaseHandler' driver.
INFO - 2025-02-03 09:25:28 --> Session: Class initialized using 'CodeIgniter\Session\Handlers\DatabaseHandler' driver.
INFO - 2025-02-03 09:25:32 --> Session: Class initialized using 'CodeIgniter\Session\Handlers\DatabaseHandler' driver.
INFO - 2025-02-03 09:25:32 --> CSRF token verified.
INFO - 2025-02-03 09:25:32 --> Session: Class initialized using 'CodeIgniter\Session\Handlers\DatabaseHandler' driver.
INFO - 2025-02-03 09:28:32 --> Session: Class initialized using 'CodeIgniter\Session\Handlers\DatabaseHandler' driver.
INFO - 2025-02-03 09:29:06 --> Session: Class initialized using 'CodeIgniter\Session\Handlers\DatabaseHandler' driver.
CRITICAL - 2025-02-03 09:29:06 --> CodeIgniter\View\Exceptions\ViewException: Invalid file: "Modules\Naskahmasuk\Views\lognaskah\edit.php"
[Method: GET, Route: naskah-masuk/log-naskah/0a209017-09eb-46ce-bdb7-a393ca995a51/edit]
in SYSTEMPATH/Exceptions/FrameworkException.php on line 41.
 1 SYSTEMPATH/View/View.php(222): CodeIgniter\Exceptions\FrameworkException::forInvalidFile('Modules\\Naskahmasuk\\Views\\lognaskah\\edit.php')
 2 SYSTEMPATH/Common.php(1171): CodeIgniter\View\View->render('Modules\\Naskahmasuk\\Views\\lognaskah\\edit', [], true)
 3 APPPATH/Views/layout/admin/v_view.php(4): view('Modules\\Naskahmasuk\\Views\\lognaskah\\edit')
 4 SYSTEMPATH/View/View.php(234): include('/Users/apple/www/pusk/ci4/develop/safira2.0/app/Views/layout/admin/v_view.php')
 5 SYSTEMPATH/View/View.php(237): CodeIgniter\View\View->CodeIgniter\View\{closure}()
 6 SYSTEMPATH/Common.php(1171): CodeIgniter\View\View->render('layout/admin/v_view', [], true)
 7 APPPATH/Views/layout/admin/v_body.php(28): view('layout/admin/v_view')
 8 SYSTEMPATH/View/View.php(234): include('/Users/apple/www/pusk/ci4/develop/safira2.0/app/Views/layout/admin/v_body.php')
 9 SYSTEMPATH/View/View.php(237): CodeIgniter\View\View->CodeIgniter\View\{closure}()
10 SYSTEMPATH/Common.php(1171): CodeIgniter\View\View->render('layout/admin/v_body', [], true)
11 APPPATH/Views/layout/admin/templates.php(3): view('layout/admin/v_body')
12 SYSTEMPATH/View/View.php(234): include('/Users/apple/www/pusk/ci4/develop/safira2.0/app/Views/layout/admin/templates.php')
13 SYSTEMPATH/View/View.php(237): CodeIgniter\View\View->CodeIgniter\View\{closure}()
14 SYSTEMPATH/Common.php(1171): CodeIgniter\View\View->render('layout/admin/templates', [], true)
15 APPPATH/Modules/Naskahmasuk/Controllers/Lognaskah.php(122): view('layout/admin/templates', [...])
16 SYSTEMPATH/CodeIgniter.php(933): Modules\Naskahmasuk\Controllers\Lognaskah->edit('0a209017-09eb-46ce-bdb7-a393ca995a51')
17 SYSTEMPATH/CodeIgniter.php(509): CodeIgniter\CodeIgniter->runController(Object(Modules\Naskahmasuk\Controllers\Lognaskah))
18 SYSTEMPATH/CodeIgniter.php(355): CodeIgniter\CodeIgniter->handleRequest(null, Object(Config\Cache), false)
19 SYSTEMPATH/Boot.php(325): CodeIgniter\CodeIgniter->run()
20 SYSTEMPATH/Boot.php(67): CodeIgniter\Boot::runCodeIgniter(Object(CodeIgniter\CodeIgniter))
21 FCPATH/index.php(56): CodeIgniter\Boot::bootWeb(Object(Config\Paths))
22 SYSTEMPATH/rewrite.php(44): require_once('/Users/apple/www/pusk/ci4/develop/safira2.0/public/index.php')
INFO - 2025-02-03 09:29:17 --> Session: Class initialized using 'CodeIgniter\Session\Handlers\DatabaseHandler' driver.
INFO - 2025-02-03 09:29:23 --> Session: Class initialized using 'CodeIgniter\Session\Handlers\DatabaseHandler' driver.
INFO - 2025-02-03 09:29:26 --> Session: Class initialized using 'CodeIgniter\Session\Handlers\DatabaseHandler' driver.
INFO - 2025-02-03 09:30:32 --> Session: Class initialized using 'CodeIgniter\Session\Handlers\DatabaseHandler' driver.
INFO - 2025-02-03 09:30:33 --> CSRF token verified.
INFO - 2025-02-03 09:30:33 --> Session: Class initialized using 'CodeIgniter\Session\Handlers\DatabaseHandler' driver.
INFO - 2025-02-03 09:30:39 --> Session: Class initialized using 'CodeIgniter\Session\Handlers\DatabaseHandler' driver.
CRITICAL - 2025-02-03 09:30:39 --> ErrorException: Undefined variable $jenisnaskah
[Method: GET, Route: naskah-masuk/log-naskah/0a209017-09eb-46ce-bdb7-a393ca995a51/edit]
in APPPATH/Modules/Naskahmasuk/Views/lognaskah/edit.php on line 72.
 1 APPPATH/Modules/Naskahmasuk/Views/lognaskah/edit.php(72): CodeIgniter\Debug\Exceptions->errorHandler(2, 'Undefined variable $jenisnaskah', '/Users/apple/www/pusk/ci4/develop/safira2.0/app/Modules/Naskahmasuk/Views/lognaskah/edit.php', 72)
 2 SYSTEMPATH/View/View.php(234): include('/Users/apple/www/pusk/ci4/develop/safira2.0/app/Modules/Naskahmasuk/Views/lognaskah/edit.php')
 3 SYSTEMPATH/View/View.php(237): CodeIgniter\View\View->CodeIgniter\View\{closure}()
 4 SYSTEMPATH/Common.php(1171): CodeIgniter\View\View->render('Modules\\Naskahmasuk\\Views\\lognaskah\\edit', [], true)
 5 APPPATH/Views/layout/admin/v_view.php(4): view('Modules\\Naskahmasuk\\Views\\lognaskah\\edit')
 6 SYSTEMPATH/View/View.php(234): include('/Users/apple/www/pusk/ci4/develop/safira2.0/app/Views/layout/admin/v_view.php')
 7 SYSTEMPATH/View/View.php(237): CodeIgniter\View\View->CodeIgniter\View\{closure}()
 8 SYSTEMPATH/Common.php(1171): CodeIgniter\View\View->render('layout/admin/v_view', [], true)
 9 APPPATH/Views/layout/admin/v_body.php(28): view('layout/admin/v_view')
10 SYSTEMPATH/View/View.php(234): include('/Users/apple/www/pusk/ci4/develop/safira2.0/app/Views/layout/admin/v_body.php')
11 SYSTEMPATH/View/View.php(237): CodeIgniter\View\View->CodeIgniter\View\{closure}()
12 SYSTEMPATH/Common.php(1171): CodeIgniter\View\View->render('layout/admin/v_body', [], true)
13 APPPATH/Views/layout/admin/templates.php(3): view('layout/admin/v_body')
14 SYSTEMPATH/View/View.php(234): include('/Users/apple/www/pusk/ci4/develop/safira2.0/app/Views/layout/admin/templates.php')
15 SYSTEMPATH/View/View.php(237): CodeIgniter\View\View->CodeIgniter\View\{closure}()
16 SYSTEMPATH/Common.php(1171): CodeIgniter\View\View->render('layout/admin/templates', [], true)
17 APPPATH/Modules/Naskahmasuk/Controllers/Lognaskah.php(122): view('layout/admin/templates', [...])
18 SYSTEMPATH/CodeIgniter.php(933): Modules\Naskahmasuk\Controllers\Lognaskah->edit('0a209017-09eb-46ce-bdb7-a393ca995a51')
19 SYSTEMPATH/CodeIgniter.php(509): CodeIgniter\CodeIgniter->runController(Object(Modules\Naskahmasuk\Controllers\Lognaskah))
20 SYSTEMPATH/CodeIgniter.php(355): CodeIgniter\CodeIgniter->handleRequest(null, Object(Config\Cache), false)
21 SYSTEMPATH/Boot.php(325): CodeIgniter\CodeIgniter->run()
22 SYSTEMPATH/Boot.php(67): CodeIgniter\Boot::runCodeIgniter(Object(CodeIgniter\CodeIgniter))
23 FCPATH/index.php(56): CodeIgniter\Boot::bootWeb(Object(Config\Paths))
24 SYSTEMPATH/rewrite.php(44): require_once('/Users/apple/www/pusk/ci4/develop/safira2.0/public/index.php')
INFO - 2025-02-03 09:31:49 --> Session: Class initialized using 'CodeIgniter\Session\Handlers\DatabaseHandler' driver.
CRITICAL - 2025-02-03 09:31:49 --> ErrorException: Undefined variable $jenisnaskah
[Method: GET, Route: naskah-masuk/log-naskah/0a209017-09eb-46ce-bdb7-a393ca995a51/edit]
in APPPATH/Modules/Naskahmasuk/Views/lognaskah/edit.php on line 72.
 1 APPPATH/Modules/Naskahmasuk/Views/lognaskah/edit.php(72): CodeIgniter\Debug\Exceptions->errorHandler(2, 'Undefined variable $jenisnaskah', '/Users/apple/www/pusk/ci4/develop/safira2.0/app/Modules/Naskahmasuk/Views/lognaskah/edit.php', 72)
 2 SYSTEMPATH/View/View.php(234): include('/Users/apple/www/pusk/ci4/develop/safira2.0/app/Modules/Naskahmasuk/Views/lognaskah/edit.php')
 3 SYSTEMPATH/View/View.php(237): CodeIgniter\View\View->CodeIgniter\View\{closure}()
 4 SYSTEMPATH/Common.php(1171): CodeIgniter\View\View->render('Modules\\Naskahmasuk\\Views\\lognaskah\\edit', [], true)
 5 APPPATH/Views/layout/admin/v_view.php(4): view('Modules\\Naskahmasuk\\Views\\lognaskah\\edit')
 6 SYSTEMPATH/View/View.php(234): include('/Users/apple/www/pusk/ci4/develop/safira2.0/app/Views/layout/admin/v_view.php')
 7 SYSTEMPATH/View/View.php(237): CodeIgniter\View\View->CodeIgniter\View\{closure}()
 8 SYSTEMPATH/Common.php(1171): CodeIgniter\View\View->render('layout/admin/v_view', [], true)
 9 APPPATH/Views/layout/admin/v_body.php(28): view('layout/admin/v_view')
10 SYSTEMPATH/View/View.php(234): include('/Users/apple/www/pusk/ci4/develop/safira2.0/app/Views/layout/admin/v_body.php')
11 SYSTEMPATH/View/View.php(237): CodeIgniter\View\View->CodeIgniter\View\{closure}()
12 SYSTEMPATH/Common.php(1171): CodeIgniter\View\View->render('layout/admin/v_body', [], true)
13 APPPATH/Views/layout/admin/templates.php(3): view('layout/admin/v_body')
14 SYSTEMPATH/View/View.php(234): include('/Users/apple/www/pusk/ci4/develop/safira2.0/app/Views/layout/admin/templates.php')
15 SYSTEMPATH/View/View.php(237): CodeIgniter\View\View->CodeIgniter\View\{closure}()
16 SYSTEMPATH/Common.php(1171): CodeIgniter\View\View->render('layout/admin/templates', [], true)
17 APPPATH/Modules/Naskahmasuk/Controllers/Lognaskah.php(125): view('layout/admin/templates', [...])
18 SYSTEMPATH/CodeIgniter.php(933): Modules\Naskahmasuk\Controllers\Lognaskah->edit('0a209017-09eb-46ce-bdb7-a393ca995a51')
19 SYSTEMPATH/CodeIgniter.php(509): CodeIgniter\CodeIgniter->runController(Object(Modules\Naskahmasuk\Controllers\Lognaskah))
20 SYSTEMPATH/CodeIgniter.php(355): CodeIgniter\CodeIgniter->handleRequest(null, Object(Config\Cache), false)
21 SYSTEMPATH/Boot.php(325): CodeIgniter\CodeIgniter->run()
22 SYSTEMPATH/Boot.php(67): CodeIgniter\Boot::runCodeIgniter(Object(CodeIgniter\CodeIgniter))
23 FCPATH/index.php(56): CodeIgniter\Boot::bootWeb(Object(Config\Paths))
24 SYSTEMPATH/rewrite.php(44): require_once('/Users/apple/www/pusk/ci4/develop/safira2.0/public/index.php')
INFO - 2025-02-03 09:31:50 --> Session: Class initialized using 'CodeIgniter\Session\Handlers\DatabaseHandler' driver.
CRITICAL - 2025-02-03 09:31:50 --> ErrorException: Undefined variable $jenisnaskah
[Method: GET, Route: naskah-masuk/log-naskah/0a209017-09eb-46ce-bdb7-a393ca995a51/edit]
in APPPATH/Modules/Naskahmasuk/Views/lognaskah/edit.php on line 72.
 1 APPPATH/Modules/Naskahmasuk/Views/lognaskah/edit.php(72): CodeIgniter\Debug\Exceptions->errorHandler(2, 'Undefined variable $jenisnaskah', '/Users/apple/www/pusk/ci4/develop/safira2.0/app/Modules/Naskahmasuk/Views/lognaskah/edit.php', 72)
 2 SYSTEMPATH/View/View.php(234): include('/Users/apple/www/pusk/ci4/develop/safira2.0/app/Modules/Naskahmasuk/Views/lognaskah/edit.php')
 3 SYSTEMPATH/View/View.php(237): CodeIgniter\View\View->CodeIgniter\View\{closure}()
 4 SYSTEMPATH/Common.php(1171): CodeIgniter\View\View->render('Modules\\Naskahmasuk\\Views\\lognaskah\\edit', [], true)
 5 APPPATH/Views/layout/admin/v_view.php(4): view('Modules\\Naskahmasuk\\Views\\lognaskah\\edit')
 6 SYSTEMPATH/View/View.php(234): include('/Users/apple/www/pusk/ci4/develop/safira2.0/app/Views/layout/admin/v_view.php')
 7 SYSTEMPATH/View/View.php(237): CodeIgniter\View\View->CodeIgniter\View\{closure}()
 8 SYSTEMPATH/Common.php(1171): CodeIgniter\View\View->render('layout/admin/v_view', [], true)
 9 APPPATH/Views/layout/admin/v_body.php(28): view('layout/admin/v_view')
10 SYSTEMPATH/View/View.php(234): include('/Users/apple/www/pusk/ci4/develop/safira2.0/app/Views/layout/admin/v_body.php')
11 SYSTEMPATH/View/View.php(237): CodeIgniter\View\View->CodeIgniter\View\{closure}()
12 SYSTEMPATH/Common.php(1171): CodeIgniter\View\View->render('layout/admin/v_body', [], true)
13 APPPATH/Views/layout/admin/templates.php(3): view('layout/admin/v_body')
14 SYSTEMPATH/View/View.php(234): include('/Users/apple/www/pusk/ci4/develop/safira2.0/app/Views/layout/admin/templates.php')
15 SYSTEMPATH/View/View.php(237): CodeIgniter\View\View->CodeIgniter\View\{closure}()
16 SYSTEMPATH/Common.php(1171): CodeIgniter\View\View->render('layout/admin/templates', [], true)
17 APPPATH/Modules/Naskahmasuk/Controllers/Lognaskah.php(125): view('layout/admin/templates', [...])
18 SYSTEMPATH/CodeIgniter.php(933): Modules\Naskahmasuk\Controllers\Lognaskah->edit('0a209017-09eb-46ce-bdb7-a393ca995a51')
19 SYSTEMPATH/CodeIgniter.php(509): CodeIgniter\CodeIgniter->runController(Object(Modules\Naskahmasuk\Controllers\Lognaskah))
20 SYSTEMPATH/CodeIgniter.php(355): CodeIgniter\CodeIgniter->handleRequest(null, Object(Config\Cache), false)
21 SYSTEMPATH/Boot.php(325): CodeIgniter\CodeIgniter->run()
22 SYSTEMPATH/Boot.php(67): CodeIgniter\Boot::runCodeIgniter(Object(CodeIgniter\CodeIgniter))
23 FCPATH/index.php(56): CodeIgniter\Boot::bootWeb(Object(Config\Paths))
24 SYSTEMPATH/rewrite.php(44): require_once('/Users/apple/www/pusk/ci4/develop/safira2.0/public/index.php')
INFO - 2025-02-03 09:31:51 --> Session: Class initialized using 'CodeIgniter\Session\Handlers\DatabaseHandler' driver.
CRITICAL - 2025-02-03 09:31:51 --> ErrorException: Undefined variable $jenisnaskah
[Method: GET, Route: naskah-masuk/log-naskah/0a209017-09eb-46ce-bdb7-a393ca995a51/edit]
in APPPATH/Modules/Naskahmasuk/Views/lognaskah/edit.php on line 72.
 1 APPPATH/Modules/Naskahmasuk/Views/lognaskah/edit.php(72): CodeIgniter\Debug\Exceptions->errorHandler(2, 'Undefined variable $jenisnaskah', '/Users/apple/www/pusk/ci4/develop/safira2.0/app/Modules/Naskahmasuk/Views/lognaskah/edit.php', 72)
 2 SYSTEMPATH/View/View.php(234): include('/Users/apple/www/pusk/ci4/develop/safira2.0/app/Modules/Naskahmasuk/Views/lognaskah/edit.php')
 3 SYSTEMPATH/View/View.php(237): CodeIgniter\View\View->CodeIgniter\View\{closure}()
 4 SYSTEMPATH/Common.php(1171): CodeIgniter\View\View->render('Modules\\Naskahmasuk\\Views\\lognaskah\\edit', [], true)
 5 APPPATH/Views/layout/admin/v_view.php(4): view('Modules\\Naskahmasuk\\Views\\lognaskah\\edit')
 6 SYSTEMPATH/View/View.php(234): include('/Users/apple/www/pusk/ci4/develop/safira2.0/app/Views/layout/admin/v_view.php')
 7 SYSTEMPATH/View/View.php(237): CodeIgniter\View\View->CodeIgniter\View\{closure}()
 8 SYSTEMPATH/Common.php(1171): CodeIgniter\View\View->render('layout/admin/v_view', [], true)
 9 APPPATH/Views/layout/admin/v_body.php(28): view('layout/admin/v_view')
10 SYSTEMPATH/View/View.php(234): include('/Users/apple/www/pusk/ci4/develop/safira2.0/app/Views/layout/admin/v_body.php')
11 SYSTEMPATH/View/View.php(237): CodeIgniter\View\View->CodeIgniter\View\{closure}()
12 SYSTEMPATH/Common.php(1171): CodeIgniter\View\View->render('layout/admin/v_body', [], true)
13 APPPATH/Views/layout/admin/templates.php(3): view('layout/admin/v_body')
14 SYSTEMPATH/View/View.php(234): include('/Users/apple/www/pusk/ci4/develop/safira2.0/app/Views/layout/admin/templates.php')
15 SYSTEMPATH/View/View.php(237): CodeIgniter\View\View->CodeIgniter\View\{closure}()
16 SYSTEMPATH/Common.php(1171): CodeIgniter\View\View->render('layout/admin/templates', [], true)
17 APPPATH/Modules/Naskahmasuk/Controllers/Lognaskah.php(125): view('layout/admin/templates', [...])
18 SYSTEMPATH/CodeIgniter.php(933): Modules\Naskahmasuk\Controllers\Lognaskah->edit('0a209017-09eb-46ce-bdb7-a393ca995a51')
19 SYSTEMPATH/CodeIgniter.php(509): CodeIgniter\CodeIgniter->runController(Object(Modules\Naskahmasuk\Controllers\Lognaskah))
20 SYSTEMPATH/CodeIgniter.php(355): CodeIgniter\CodeIgniter->handleRequest(null, Object(Config\Cache), false)
21 SYSTEMPATH/Boot.php(325): CodeIgniter\CodeIgniter->run()
22 SYSTEMPATH/Boot.php(67): CodeIgniter\Boot::runCodeIgniter(Object(CodeIgniter\CodeIgniter))
23 FCPATH/index.php(56): CodeIgniter\Boot::bootWeb(Object(Config\Paths))
24 SYSTEMPATH/rewrite.php(44): require_once('/Users/apple/www/pusk/ci4/develop/safira2.0/public/index.php')
INFO - 2025-02-03 09:31:51 --> Session: Class initialized using 'CodeIgniter\Session\Handlers\DatabaseHandler' driver.
CRITICAL - 2025-02-03 09:31:51 --> ErrorException: Undefined variable $jenisnaskah
[Method: GET, Route: naskah-masuk/log-naskah/0a209017-09eb-46ce-bdb7-a393ca995a51/edit]
in APPPATH/Modules/Naskahmasuk/Views/lognaskah/edit.php on line 72.
 1 APPPATH/Modules/Naskahmasuk/Views/lognaskah/edit.php(72): CodeIgniter\Debug\Exceptions->errorHandler(2, 'Undefined variable $jenisnaskah', '/Users/apple/www/pusk/ci4/develop/safira2.0/app/Modules/Naskahmasuk/Views/lognaskah/edit.php', 72)
 2 SYSTEMPATH/View/View.php(234): include('/Users/apple/www/pusk/ci4/develop/safira2.0/app/Modules/Naskahmasuk/Views/lognaskah/edit.php')
 3 SYSTEMPATH/View/View.php(237): CodeIgniter\View\View->CodeIgniter\View\{closure}()
 4 SYSTEMPATH/Common.php(1171): CodeIgniter\View\View->render('Modules\\Naskahmasuk\\Views\\lognaskah\\edit', [], true)
 5 APPPATH/Views/layout/admin/v_view.php(4): view('Modules\\Naskahmasuk\\Views\\lognaskah\\edit')
 6 SYSTEMPATH/View/View.php(234): include('/Users/apple/www/pusk/ci4/develop/safira2.0/app/Views/layout/admin/v_view.php')
 7 SYSTEMPATH/View/View.php(237): CodeIgniter\View\View->CodeIgniter\View\{closure}()
 8 SYSTEMPATH/Common.php(1171): CodeIgniter\View\View->render('layout/admin/v_view', [], true)
 9 APPPATH/Views/layout/admin/v_body.php(28): view('layout/admin/v_view')
10 SYSTEMPATH/View/View.php(234): include('/Users/apple/www/pusk/ci4/develop/safira2.0/app/Views/layout/admin/v_body.php')
11 SYSTEMPATH/View/View.php(237): CodeIgniter\View\View->CodeIgniter\View\{closure}()
12 SYSTEMPATH/Common.php(1171): CodeIgniter\View\View->render('layout/admin/v_body', [], true)
13 APPPATH/Views/layout/admin/templates.php(3): view('layout/admin/v_body')
14 SYSTEMPATH/View/View.php(234): include('/Users/apple/www/pusk/ci4/develop/safira2.0/app/Views/layout/admin/templates.php')
15 SYSTEMPATH/View/View.php(237): CodeIgniter\View\View->CodeIgniter\View\{closure}()
16 SYSTEMPATH/Common.php(1171): CodeIgniter\View\View->render('layout/admin/templates', [], true)
17 APPPATH/Modules/Naskahmasuk/Controllers/Lognaskah.php(125): view('layout/admin/templates', [...])
18 SYSTEMPATH/CodeIgniter.php(933): Modules\Naskahmasuk\Controllers\Lognaskah->edit('0a209017-09eb-46ce-bdb7-a393ca995a51')
19 SYSTEMPATH/CodeIgniter.php(509): CodeIgniter\CodeIgniter->runController(Object(Modules\Naskahmasuk\Controllers\Lognaskah))
20 SYSTEMPATH/CodeIgniter.php(355): CodeIgniter\CodeIgniter->handleRequest(null, Object(Config\Cache), false)
21 SYSTEMPATH/Boot.php(325): CodeIgniter\CodeIgniter->run()
22 SYSTEMPATH/Boot.php(67): CodeIgniter\Boot::runCodeIgniter(Object(CodeIgniter\CodeIgniter))
23 FCPATH/index.php(56): CodeIgniter\Boot::bootWeb(Object(Config\Paths))
24 SYSTEMPATH/rewrite.php(44): require_once('/Users/apple/www/pusk/ci4/develop/safira2.0/public/index.php')
INFO - 2025-02-03 09:31:51 --> Session: Class initialized using 'CodeIgniter\Session\Handlers\DatabaseHandler' driver.
CRITICAL - 2025-02-03 09:31:51 --> ErrorException: Undefined variable $jenisnaskah
[Method: GET, Route: naskah-masuk/log-naskah/0a209017-09eb-46ce-bdb7-a393ca995a51/edit]
in APPPATH/Modules/Naskahmasuk/Views/lognaskah/edit.php on line 72.
 1 APPPATH/Modules/Naskahmasuk/Views/lognaskah/edit.php(72): CodeIgniter\Debug\Exceptions->errorHandler(2, 'Undefined variable $jenisnaskah', '/Users/apple/www/pusk/ci4/develop/safira2.0/app/Modules/Naskahmasuk/Views/lognaskah/edit.php', 72)
 2 SYSTEMPATH/View/View.php(234): include('/Users/apple/www/pusk/ci4/develop/safira2.0/app/Modules/Naskahmasuk/Views/lognaskah/edit.php')
 3 SYSTEMPATH/View/View.php(237): CodeIgniter\View\View->CodeIgniter\View\{closure}()
 4 SYSTEMPATH/Common.php(1171): CodeIgniter\View\View->render('Modules\\Naskahmasuk\\Views\\lognaskah\\edit', [], true)
 5 APPPATH/Views/layout/admin/v_view.php(4): view('Modules\\Naskahmasuk\\Views\\lognaskah\\edit')
 6 SYSTEMPATH/View/View.php(234): include('/Users/apple/www/pusk/ci4/develop/safira2.0/app/Views/layout/admin/v_view.php')
 7 SYSTEMPATH/View/View.php(237): CodeIgniter\View\View->CodeIgniter\View\{closure}()
 8 SYSTEMPATH/Common.php(1171): CodeIgniter\View\View->render('layout/admin/v_view', [], true)
 9 APPPATH/Views/layout/admin/v_body.php(28): view('layout/admin/v_view')
10 SYSTEMPATH/View/View.php(234): include('/Users/apple/www/pusk/ci4/develop/safira2.0/app/Views/layout/admin/v_body.php')
11 SYSTEMPATH/View/View.php(237): CodeIgniter\View\View->CodeIgniter\View\{closure}()
12 SYSTEMPATH/Common.php(1171): CodeIgniter\View\View->render('layout/admin/v_body', [], true)
13 APPPATH/Views/layout/admin/templates.php(3): view('layout/admin/v_body')
14 SYSTEMPATH/View/View.php(234): include('/Users/apple/www/pusk/ci4/develop/safira2.0/app/Views/layout/admin/templates.php')
15 SYSTEMPATH/View/View.php(237): CodeIgniter\View\View->CodeIgniter\View\{closure}()
16 SYSTEMPATH/Common.php(1171): CodeIgniter\View\View->render('layout/admin/templates', [], true)
17 APPPATH/Modules/Naskahmasuk/Controllers/Lognaskah.php(125): view('layout/admin/templates', [...])
18 SYSTEMPATH/CodeIgniter.php(933): Modules\Naskahmasuk\Controllers\Lognaskah->edit('0a209017-09eb-46ce-bdb7-a393ca995a51')
19 SYSTEMPATH/CodeIgniter.php(509): CodeIgniter\CodeIgniter->runController(Object(Modules\Naskahmasuk\Controllers\Lognaskah))
20 SYSTEMPATH/CodeIgniter.php(355): CodeIgniter\CodeIgniter->handleRequest(null, Object(Config\Cache), false)
21 SYSTEMPATH/Boot.php(325): CodeIgniter\CodeIgniter->run()
22 SYSTEMPATH/Boot.php(67): CodeIgniter\Boot::runCodeIgniter(Object(CodeIgniter\CodeIgniter))
23 FCPATH/index.php(56): CodeIgniter\Boot::bootWeb(Object(Config\Paths))
24 SYSTEMPATH/rewrite.php(44): require_once('/Users/apple/www/pusk/ci4/develop/safira2.0/public/index.php')
INFO - 2025-02-03 09:31:51 --> Session: Class initialized using 'CodeIgniter\Session\Handlers\DatabaseHandler' driver.
CRITICAL - 2025-02-03 09:31:51 --> ErrorException: Undefined variable $jenisnaskah
[Method: GET, Route: naskah-masuk/log-naskah/0a209017-09eb-46ce-bdb7-a393ca995a51/edit]
in APPPATH/Modules/Naskahmasuk/Views/lognaskah/edit.php on line 72.
 1 APPPATH/Modules/Naskahmasuk/Views/lognaskah/edit.php(72): CodeIgniter\Debug\Exceptions->errorHandler(2, 'Undefined variable $jenisnaskah', '/Users/apple/www/pusk/ci4/develop/safira2.0/app/Modules/Naskahmasuk/Views/lognaskah/edit.php', 72)
 2 SYSTEMPATH/View/View.php(234): include('/Users/apple/www/pusk/ci4/develop/safira2.0/app/Modules/Naskahmasuk/Views/lognaskah/edit.php')
 3 SYSTEMPATH/View/View.php(237): CodeIgniter\View\View->CodeIgniter\View\{closure}()
 4 SYSTEMPATH/Common.php(1171): CodeIgniter\View\View->render('Modules\\Naskahmasuk\\Views\\lognaskah\\edit', [], true)
 5 APPPATH/Views/layout/admin/v_view.php(4): view('Modules\\Naskahmasuk\\Views\\lognaskah\\edit')
 6 SYSTEMPATH/View/View.php(234): include('/Users/apple/www/pusk/ci4/develop/safira2.0/app/Views/layout/admin/v_view.php')
 7 SYSTEMPATH/View/View.php(237): CodeIgniter\View\View->CodeIgniter\View\{closure}()
 8 SYSTEMPATH/Common.php(1171): CodeIgniter\View\View->render('layout/admin/v_view', [], true)
 9 APPPATH/Views/layout/admin/v_body.php(28): view('layout/admin/v_view')
10 SYSTEMPATH/View/View.php(234): include('/Users/apple/www/pusk/ci4/develop/safira2.0/app/Views/layout/admin/v_body.php')
11 SYSTEMPATH/View/View.php(237): CodeIgniter\View\View->CodeIgniter\View\{closure}()
12 SYSTEMPATH/Common.php(1171): CodeIgniter\View\View->render('layout/admin/v_body', [], true)
13 APPPATH/Views/layout/admin/templates.php(3): view('layout/admin/v_body')
14 SYSTEMPATH/View/View.php(234): include('/Users/apple/www/pusk/ci4/develop/safira2.0/app/Views/layout/admin/templates.php')
15 SYSTEMPATH/View/View.php(237): CodeIgniter\View\View->CodeIgniter\View\{closure}()
16 SYSTEMPATH/Common.php(1171): CodeIgniter\View\View->render('layout/admin/templates', [], true)
17 APPPATH/Modules/Naskahmasuk/Controllers/Lognaskah.php(125): view('layout/admin/templates', [...])
18 SYSTEMPATH/CodeIgniter.php(933): Modules\Naskahmasuk\Controllers\Lognaskah->edit('0a209017-09eb-46ce-bdb7-a393ca995a51')
19 SYSTEMPATH/CodeIgniter.php(509): CodeIgniter\CodeIgniter->runController(Object(Modules\Naskahmasuk\Controllers\Lognaskah))
20 SYSTEMPATH/CodeIgniter.php(355): CodeIgniter\CodeIgniter->handleRequest(null, Object(Config\Cache), false)
21 SYSTEMPATH/Boot.php(325): CodeIgniter\CodeIgniter->run()
22 SYSTEMPATH/Boot.php(67): CodeIgniter\Boot::runCodeIgniter(Object(CodeIgniter\CodeIgniter))
23 FCPATH/index.php(56): CodeIgniter\Boot::bootWeb(Object(Config\Paths))
24 SYSTEMPATH/rewrite.php(44): require_once('/Users/apple/www/pusk/ci4/develop/safira2.0/public/index.php')
INFO - 2025-02-03 09:31:52 --> Session: Class initialized using 'CodeIgniter\Session\Handlers\DatabaseHandler' driver.
CRITICAL - 2025-02-03 09:31:52 --> ErrorException: Undefined variable $jenisnaskah
[Method: GET, Route: naskah-masuk/log-naskah/0a209017-09eb-46ce-bdb7-a393ca995a51/edit]
in APPPATH/Modules/Naskahmasuk/Views/lognaskah/edit.php on line 72.
 1 APPPATH/Modules/Naskahmasuk/Views/lognaskah/edit.php(72): CodeIgniter\Debug\Exceptions->errorHandler(2, 'Undefined variable $jenisnaskah', '/Users/apple/www/pusk/ci4/develop/safira2.0/app/Modules/Naskahmasuk/Views/lognaskah/edit.php', 72)
 2 SYSTEMPATH/View/View.php(234): include('/Users/apple/www/pusk/ci4/develop/safira2.0/app/Modules/Naskahmasuk/Views/lognaskah/edit.php')
 3 SYSTEMPATH/View/View.php(237): CodeIgniter\View\View->CodeIgniter\View\{closure}()
 4 SYSTEMPATH/Common.php(1171): CodeIgniter\View\View->render('Modules\\Naskahmasuk\\Views\\lognaskah\\edit', [], true)
 5 APPPATH/Views/layout/admin/v_view.php(4): view('Modules\\Naskahmasuk\\Views\\lognaskah\\edit')
 6 SYSTEMPATH/View/View.php(234): include('/Users/apple/www/pusk/ci4/develop/safira2.0/app/Views/layout/admin/v_view.php')
 7 SYSTEMPATH/View/View.php(237): CodeIgniter\View\View->CodeIgniter\View\{closure}()
 8 SYSTEMPATH/Common.php(1171): CodeIgniter\View\View->render('layout/admin/v_view', [], true)
 9 APPPATH/Views/layout/admin/v_body.php(28): view('layout/admin/v_view')
10 SYSTEMPATH/View/View.php(234): include('/Users/apple/www/pusk/ci4/develop/safira2.0/app/Views/layout/admin/v_body.php')
11 SYSTEMPATH/View/View.php(237): CodeIgniter\View\View->CodeIgniter\View\{closure}()
12 SYSTEMPATH/Common.php(1171): CodeIgniter\View\View->render('layout/admin/v_body', [], true)
13 APPPATH/Views/layout/admin/templates.php(3): view('layout/admin/v_body')
14 SYSTEMPATH/View/View.php(234): include('/Users/apple/www/pusk/ci4/develop/safira2.0/app/Views/layout/admin/templates.php')
15 SYSTEMPATH/View/View.php(237): CodeIgniter\View\View->CodeIgniter\View\{closure}()
16 SYSTEMPATH/Common.php(1171): CodeIgniter\View\View->render('layout/admin/templates', [], true)
17 APPPATH/Modules/Naskahmasuk/Controllers/Lognaskah.php(125): view('layout/admin/templates', [...])
18 SYSTEMPATH/CodeIgniter.php(933): Modules\Naskahmasuk\Controllers\Lognaskah->edit('0a209017-09eb-46ce-bdb7-a393ca995a51')
19 SYSTEMPATH/CodeIgniter.php(509): CodeIgniter\CodeIgniter->runController(Object(Modules\Naskahmasuk\Controllers\Lognaskah))
20 SYSTEMPATH/CodeIgniter.php(355): CodeIgniter\CodeIgniter->handleRequest(null, Object(Config\Cache), false)
21 SYSTEMPATH/Boot.php(325): CodeIgniter\CodeIgniter->run()
22 SYSTEMPATH/Boot.php(67): CodeIgniter\Boot::runCodeIgniter(Object(CodeIgniter\CodeIgniter))
23 FCPATH/index.php(56): CodeIgniter\Boot::bootWeb(Object(Config\Paths))
24 SYSTEMPATH/rewrite.php(44): require_once('/Users/apple/www/pusk/ci4/develop/safira2.0/public/index.php')
INFO - 2025-02-03 09:32:01 --> Session: Class initialized using 'CodeIgniter\Session\Handlers\DatabaseHandler' driver.
INFO - 2025-02-03 09:32:22 --> Session: Class initialized using 'CodeIgniter\Session\Handlers\DatabaseHandler' driver.
INFO - 2025-02-03 09:32:28 --> Session: Class initialized using 'CodeIgniter\Session\Handlers\DatabaseHandler' driver.
INFO - 2025-02-03 09:32:52 --> Session: Class initialized using 'CodeIgniter\Session\Handlers\DatabaseHandler' driver.
INFO - 2025-02-03 09:32:52 --> Session: Class initialized using 'CodeIgniter\Session\Handlers\DatabaseHandler' driver.
INFO - 2025-02-03 09:32:53 --> CSRF token verified.
INFO - 2025-02-03 09:32:53 --> Session: Class initialized using 'CodeIgniter\Session\Handlers\DatabaseHandler' driver.
INFO - 2025-02-03 09:32:56 --> Session: Class initialized using 'CodeIgniter\Session\Handlers\DatabaseHandler' driver.
INFO - 2025-02-03 09:35:15 --> Session: Class initialized using 'CodeIgniter\Session\Handlers\DatabaseHandler' driver.
INFO - 2025-02-03 09:36:15 --> Session: Class initialized using 'CodeIgniter\Session\Handlers\DatabaseHandler' driver.
INFO - 2025-02-03 09:36:33 --> Session: Class initialized using 'CodeIgniter\Session\Handlers\DatabaseHandler' driver.
INFO - 2025-02-03 09:36:54 --> Session: Class initialized using 'CodeIgniter\Session\Handlers\DatabaseHandler' driver.
INFO - 2025-02-03 09:37:12 --> Session: Class initialized using 'CodeIgniter\Session\Handlers\DatabaseHandler' driver.
INFO - 2025-02-03 09:40:09 --> Session: Class initialized using 'CodeIgniter\Session\Handlers\DatabaseHandler' driver.
INFO - 2025-02-03 09:40:10 --> Session: Class initialized using 'CodeIgniter\Session\Handlers\DatabaseHandler' driver.
INFO - 2025-02-03 09:40:26 --> Session: Class initialized using 'CodeIgniter\Session\Handlers\DatabaseHandler' driver.
INFO - 2025-02-03 09:40:30 --> Session: Class initialized using 'CodeIgniter\Session\Handlers\DatabaseHandler' driver.
INFO - 2025-02-03 09:40:36 --> Session: Class initialized using 'CodeIgniter\Session\Handlers\DatabaseHandler' driver.
INFO - 2025-02-03 09:40:39 --> Session: Class initialized using 'CodeIgniter\Session\Handlers\DatabaseHandler' driver.
INFO - 2025-02-03 09:40:56 --> Session: Class initialized using 'CodeIgniter\Session\Handlers\DatabaseHandler' driver.
INFO - 2025-02-03 09:41:28 --> Session: Class initialized using 'CodeIgniter\Session\Handlers\DatabaseHandler' driver.
INFO - 2025-02-03 09:41:29 --> Session: Class initialized using 'CodeIgniter\Session\Handlers\DatabaseHandler' driver.
INFO - 2025-02-03 09:41:50 --> Session: Class initialized using 'CodeIgniter\Session\Handlers\DatabaseHandler' driver.
INFO - 2025-02-03 09:44:01 --> Session: Class initialized using 'CodeIgniter\Session\Handlers\DatabaseHandler' driver.
INFO - 2025-02-03 09:44:15 --> Session: Class initialized using 'CodeIgniter\Session\Handlers\DatabaseHandler' driver.
INFO - 2025-02-03 09:44:28 --> Session: Class initialized using 'CodeIgniter\Session\Handlers\DatabaseHandler' driver.
INFO - 2025-02-03 09:44:36 --> Session: Class initialized using 'CodeIgniter\Session\Handlers\DatabaseHandler' driver.
INFO - 2025-02-03 09:57:22 --> Session: Class initialized using 'CodeIgniter\Session\Handlers\DatabaseHandler' driver.
INFO - 2025-02-03 09:57:22 --> CSRF token verified.
INFO - 2025-02-03 09:57:22 --> Session: Class initialized using 'CodeIgniter\Session\Handlers\DatabaseHandler' driver.
INFO - 2025-02-03 13:38:16 --> Session: Class initialized using 'CodeIgniter\Session\Handlers\DatabaseHandler' driver.
INFO - 2025-02-03 13:38:16 --> Session: Class initialized using 'CodeIgniter\Session\Handlers\DatabaseHandler' driver.
INFO - 2025-02-03 13:38:25 --> Session: Class initialized using 'CodeIgniter\Session\Handlers\DatabaseHandler' driver.
INFO - 2025-02-03 13:38:25 --> Session: Class initialized using 'CodeIgniter\Session\Handlers\DatabaseHandler' driver.
INFO - 2025-02-03 13:45:42 --> Session: Class initialized using 'CodeIgniter\Session\Handlers\DatabaseHandler' driver.
INFO - 2025-02-03 13:45:44 --> Session: Class initialized using 'CodeIgniter\Session\Handlers\DatabaseHandler' driver.
INFO - 2025-02-03 13:45:44 --> CSRF token verified.
INFO - 2025-02-03 13:45:44 --> Session: Class initialized using 'CodeIgniter\Session\Handlers\DatabaseHandler' driver.
INFO - 2025-02-03 13:45:55 --> Session: Class initialized using 'CodeIgniter\Session\Handlers\DatabaseHandler' driver.
INFO - 2025-02-03 13:46:40 --> Session: Class initialized using 'CodeIgniter\Session\Handlers\DatabaseHandler' driver.
INFO - 2025-02-03 13:46:41 --> Session: Class initialized using 'CodeIgniter\Session\Handlers\DatabaseHandler' driver.
INFO - 2025-02-03 13:56:07 --> Session: Class initialized using 'CodeIgniter\Session\Handlers\DatabaseHandler' driver.
INFO - 2025-02-03 13:56:15 --> Session: Class initialized using 'CodeIgniter\Session\Handlers\DatabaseHandler' driver.
INFO - 2025-02-03 13:56:33 --> Session: Class initialized using 'CodeIgniter\Session\Handlers\DatabaseHandler' driver.
INFO - 2025-02-03 13:59:35 --> Session: Class initialized using 'CodeIgniter\Session\Handlers\DatabaseHandler' driver.
INFO - 2025-02-03 14:00:01 --> Session: Class initialized using 'CodeIgniter\Session\Handlers\DatabaseHandler' driver.
INFO - 2025-02-03 14:00:20 --> Session: Class initialized using 'CodeIgniter\Session\Handlers\DatabaseHandler' driver.
INFO - 2025-02-03 14:00:28 --> Session: Class initialized using 'CodeIgniter\Session\Handlers\DatabaseHandler' driver.
INFO - 2025-02-03 14:00:35 --> Session: Class initialized using 'CodeIgniter\Session\Handlers\DatabaseHandler' driver.
INFO - 2025-02-03 14:01:26 --> Session: Class initialized using 'CodeIgniter\Session\Handlers\DatabaseHandler' driver.
CRITICAL - 2025-02-03 14:01:26 --> ErrorException: Undefined property: stdClass::$nm_naskah
[Method: GET, Route: naskah-masuk/log-naskah/0a209017-09eb-46ce-bdb7-a393ca995a51/edit]
in APPPATH/Modules/Naskahmasuk/Views/lognaskah/edit.php on line 135.
 1 APPPATH/Modules/Naskahmasuk/Views/lognaskah/edit.php(135): CodeIgniter\Debug\Exceptions->errorHandler(2, 'Undefined property: stdClass::$nm_naskah', '/Users/apple/www/pusk/ci4/develop/safira2.0/app/Modules/Naskahmasuk/Views/lognaskah/edit.php', 135)
 2 SYSTEMPATH/View/View.php(234): include('/Users/apple/www/pusk/ci4/develop/safira2.0/app/Modules/Naskahmasuk/Views/lognaskah/edit.php')
 3 SYSTEMPATH/View/View.php(237): CodeIgniter\View\View->CodeIgniter\View\{closure}()
 4 SYSTEMPATH/Common.php(1171): CodeIgniter\View\View->render('Modules\\Naskahmasuk\\Views\\lognaskah\\edit', [], true)
 5 APPPATH/Views/layout/admin/v_view.php(4): view('Modules\\Naskahmasuk\\Views\\lognaskah\\edit')
 6 SYSTEMPATH/View/View.php(234): include('/Users/apple/www/pusk/ci4/develop/safira2.0/app/Views/layout/admin/v_view.php')
 7 SYSTEMPATH/View/View.php(237): CodeIgniter\View\View->CodeIgniter\View\{closure}()
 8 SYSTEMPATH/Common.php(1171): CodeIgniter\View\View->render('layout/admin/v_view', [], true)
 9 APPPATH/Views/layout/admin/v_body.php(28): view('layout/admin/v_view')
10 SYSTEMPATH/View/View.php(234): include('/Users/apple/www/pusk/ci4/develop/safira2.0/app/Views/layout/admin/v_body.php')
11 SYSTEMPATH/View/View.php(237): CodeIgniter\View\View->CodeIgniter\View\{closure}()
12 SYSTEMPATH/Common.php(1171): CodeIgniter\View\View->render('layout/admin/v_body', [], true)
13 APPPATH/Views/layout/admin/templates.php(3): view('layout/admin/v_body')
14 SYSTEMPATH/View/View.php(234): include('/Users/apple/www/pusk/ci4/develop/safira2.0/app/Views/layout/admin/templates.php')
15 SYSTEMPATH/View/View.php(237): CodeIgniter\View\View->CodeIgniter\View\{closure}()
16 SYSTEMPATH/Common.php(1171): CodeIgniter\View\View->render('layout/admin/templates', [], true)
17 APPPATH/Modules/Naskahmasuk/Controllers/Lognaskah.php(133): view('layout/admin/templates', [...])
18 SYSTEMPATH/CodeIgniter.php(933): Modules\Naskahmasuk\Controllers\Lognaskah->edit('0a209017-09eb-46ce-bdb7-a393ca995a51')
19 SYSTEMPATH/CodeIgniter.php(509): CodeIgniter\CodeIgniter->runController(Object(Modules\Naskahmasuk\Controllers\Lognaskah))
20 SYSTEMPATH/CodeIgniter.php(355): CodeIgniter\CodeIgniter->handleRequest(null, Object(Config\Cache), false)
21 SYSTEMPATH/Boot.php(325): CodeIgniter\CodeIgniter->run()
22 SYSTEMPATH/Boot.php(67): CodeIgniter\Boot::runCodeIgniter(Object(CodeIgniter\CodeIgniter))
23 FCPATH/index.php(56): CodeIgniter\Boot::bootWeb(Object(Config\Paths))
24 SYSTEMPATH/rewrite.php(44): require_once('/Users/apple/www/pusk/ci4/develop/safira2.0/public/index.php')
INFO - 2025-02-03 14:01:37 --> Session: Class initialized using 'CodeIgniter\Session\Handlers\DatabaseHandler' driver.
INFO - 2025-02-03 14:07:49 --> Session: Class initialized using 'CodeIgniter\Session\Handlers\DatabaseHandler' driver.
INFO - 2025-02-03 14:08:35 --> Session: Class initialized using 'CodeIgniter\Session\Handlers\DatabaseHandler' driver.
INFO - 2025-02-03 14:10:53 --> Session: Class initialized using 'CodeIgniter\Session\Handlers\DatabaseHandler' driver.
INFO - 2025-02-03 14:13:39 --> Session: Class initialized using 'CodeIgniter\Session\Handlers\DatabaseHandler' driver.
INFO - 2025-02-03 14:14:01 --> Session: Class initialized using 'CodeIgniter\Session\Handlers\DatabaseHandler' driver.
INFO - 2025-02-03 14:14:16 --> Session: Class initialized using 'CodeIgniter\Session\Handlers\DatabaseHandler' driver.
INFO - 2025-02-03 14:17:44 --> Session: Class initialized using 'CodeIgniter\Session\Handlers\DatabaseHandler' driver.
INFO - 2025-02-03 14:18:42 --> Session: Class initialized using 'CodeIgniter\Session\Handlers\DatabaseHandler' driver.
INFO - 2025-02-03 14:22:38 --> Session: Class initialized using 'CodeIgniter\Session\Handlers\DatabaseHandler' driver.
CRITICAL - 2025-02-03 14:22:38 --> TypeError: CodeIgniter\HTTP\SiteURI::stringifyRelativePath(): Return value must be of type string, null returned
[Method: GET, Route: naskah-masuk/log-naskah/0a209017-09eb-46ce-bdb7-a393ca995a51/edit]
in SYSTEMPATH/HTTP/SiteURI.php on line 407.
 1 SYSTEMPATH/HTTP/SiteURI.php(381): CodeIgniter\HTTP\SiteURI->stringifyRelativePath(null)
 2 SYSTEMPATH/Helpers/url_helper.php(59): CodeIgniter\HTTP\SiteURI->baseUrl(null, null)
 3 APPPATH/Modules/Naskahmasuk/Views/lognaskah/edit.php(186): base_url(null)
 4 SYSTEMPATH/View/View.php(234): include('/Users/apple/www/pusk/ci4/develop/safira2.0/app/Modules/Naskahmasuk/Views/lognaskah/edit.php')
 5 SYSTEMPATH/View/View.php(237): CodeIgniter\View\View->CodeIgniter\View\{closure}()
 6 SYSTEMPATH/Common.php(1171): CodeIgniter\View\View->render('Modules\\Naskahmasuk\\Views\\lognaskah\\edit', [], true)
 7 APPPATH/Views/layout/admin/v_view.php(4): view('Modules\\Naskahmasuk\\Views\\lognaskah\\edit')
 8 SYSTEMPATH/View/View.php(234): include('/Users/apple/www/pusk/ci4/develop/safira2.0/app/Views/layout/admin/v_view.php')
 9 SYSTEMPATH/View/View.php(237): CodeIgniter\View\View->CodeIgniter\View\{closure}()
10 SYSTEMPATH/Common.php(1171): CodeIgniter\View\View->render('layout/admin/v_view', [], true)
11 APPPATH/Views/layout/admin/v_body.php(28): view('layout/admin/v_view')
12 SYSTEMPATH/View/View.php(234): include('/Users/apple/www/pusk/ci4/develop/safira2.0/app/Views/layout/admin/v_body.php')
13 SYSTEMPATH/View/View.php(237): CodeIgniter\View\View->CodeIgniter\View\{closure}()
14 SYSTEMPATH/Common.php(1171): CodeIgniter\View\View->render('layout/admin/v_body', [], true)
15 APPPATH/Views/layout/admin/templates.php(3): view('layout/admin/v_body')
16 SYSTEMPATH/View/View.php(234): include('/Users/apple/www/pusk/ci4/develop/safira2.0/app/Views/layout/admin/templates.php')
17 SYSTEMPATH/View/View.php(237): CodeIgniter\View\View->CodeIgniter\View\{closure}()
18 SYSTEMPATH/Common.php(1171): CodeIgniter\View\View->render('layout/admin/templates', [], true)
19 APPPATH/Modules/Naskahmasuk/Controllers/Lognaskah.php(133): view('layout/admin/templates', [...])
20 SYSTEMPATH/CodeIgniter.php(933): Modules\Naskahmasuk\Controllers\Lognaskah->edit('0a209017-09eb-46ce-bdb7-a393ca995a51')
21 SYSTEMPATH/CodeIgniter.php(509): CodeIgniter\CodeIgniter->runController(Object(Modules\Naskahmasuk\Controllers\Lognaskah))
22 SYSTEMPATH/CodeIgniter.php(355): CodeIgniter\CodeIgniter->handleRequest(null, Object(Config\Cache), false)
23 SYSTEMPATH/Boot.php(325): CodeIgniter\CodeIgniter->run()
24 SYSTEMPATH/Boot.php(67): CodeIgniter\Boot::runCodeIgniter(Object(CodeIgniter\CodeIgniter))
25 FCPATH/index.php(56): CodeIgniter\Boot::bootWeb(Object(Config\Paths))
26 SYSTEMPATH/rewrite.php(44): require_once('/Users/apple/www/pusk/ci4/develop/safira2.0/public/index.php')
INFO - 2025-02-03 14:23:45 --> Session: Class initialized using 'CodeIgniter\Session\Handlers\DatabaseHandler' driver.
INFO - 2025-02-03 14:23:57 --> Session: Class initialized using 'CodeIgniter\Session\Handlers\DatabaseHandler' driver.
INFO - 2025-02-03 14:23:58 --> Session: Class initialized using 'CodeIgniter\Session\Handlers\DatabaseHandler' driver.
INFO - 2025-02-03 14:24:06 --> Session: Class initialized using 'CodeIgniter\Session\Handlers\DatabaseHandler' driver.
INFO - 2025-02-03 14:24:20 --> Session: Class initialized using 'CodeIgniter\Session\Handlers\DatabaseHandler' driver.
INFO - 2025-02-03 14:24:52 --> Session: Class initialized using 'CodeIgniter\Session\Handlers\DatabaseHandler' driver.
INFO - 2025-02-03 14:25:18 --> Session: Class initialized using 'CodeIgniter\Session\Handlers\DatabaseHandler' driver.
INFO - 2025-02-03 14:25:37 --> Session: Class initialized using 'CodeIgniter\Session\Handlers\DatabaseHandler' driver.
INFO - 2025-02-03 14:25:38 --> Session: Class initialized using 'CodeIgniter\Session\Handlers\DatabaseHandler' driver.
INFO - 2025-02-03 14:25:42 --> Session: Class initialized using 'CodeIgniter\Session\Handlers\DatabaseHandler' driver.
INFO - 2025-02-03 14:25:47 --> Session: Class initialized using 'CodeIgniter\Session\Handlers\DatabaseHandler' driver.
INFO - 2025-02-03 14:43:57 --> Session: Class initialized using 'CodeIgniter\Session\Handlers\DatabaseHandler' driver.
INFO - 2025-02-03 14:43:59 --> CSRF token verified.
INFO - 2025-02-03 14:43:59 --> Session: Class initialized using 'CodeIgniter\Session\Handlers\DatabaseHandler' driver.
INFO - 2025-02-03 14:44:12 --> Session: Class initialized using 'CodeIgniter\Session\Handlers\DatabaseHandler' driver.
INFO - 2025-02-03 14:44:24 --> Session: Class initialized using 'CodeIgniter\Session\Handlers\DatabaseHandler' driver.
INFO - 2025-02-03 14:44:27 --> CSRF token verified.
INFO - 2025-02-03 14:44:27 --> Session: Class initialized using 'CodeIgniter\Session\Handlers\DatabaseHandler' driver.
