WARNING - 2025-07-11 08:41:43 --> [DEPRECATED] ini_set(): session.sid_length INI setting is deprecated in SYSTEMPATH/Session/Session.php on line 343.
 1 SYSTEMPATH/Session/Session.php(343): ini_set('session.sid_length', '40')
 2 SYSTEMPATH/Session/Session.php(313): CodeIgniter\Session\Session->configureSidLength()
 3 SYSTEMPATH/Session/Session.php(232): CodeIgniter\Session\Session->configure()
 4 SYSTEMPATH/Config/Services.php(710): CodeIgniter\Session\Session->start()
 5 SYSTEMPATH/Config/BaseService.php(312): CodeIgniter\Config\Services::session(Object(Config\Session), false)
 6 SYSTEMPATH/Config/BaseService.php(251): CodeIgniter\Config\BaseService::__callStatic('session', [...])
 7 SYSTEMPATH/Config/Services.php(668): CodeIgniter\Config\BaseService::getSharedInstance('session', null)
 8 SYSTEMPATH/Config/BaseService.php(321): CodeIgniter\Config\Services::session()
 9 SYSTEMPATH/Config/BaseService.php(202): CodeIgniter\Config\BaseService::__callStatic('session', [])
10 SYSTEMPATH/Common.php(998): CodeIgniter\Config\BaseService::get('session')
11 SYSTEMPATH/Common.php(971): service('session')
12 APPPATH/Controllers/Auth.php(41): session()
13 SYSTEMPATH/CodeIgniter.php(933): App\Controllers\Auth->index()
14 SYSTEMPATH/CodeIgniter.php(509): CodeIgniter\CodeIgniter->runController(Object(App\Controllers\Auth))
15 SYSTEMPATH/CodeIgniter.php(355): CodeIgniter\CodeIgniter->handleRequest(null, Object(Config\Cache), false)
16 SYSTEMPATH/Boot.php(325): CodeIgniter\CodeIgniter->run()
17 SYSTEMPATH/Boot.php(67): CodeIgniter\Boot::runCodeIgniter(Object(CodeIgniter\CodeIgniter))
18 FCPATH/index.php(56): CodeIgniter\Boot::bootWeb(Object(Config\Paths))
19 SYSTEMPATH/rewrite.php(44): require_once('/Users/apple/www/pusk/ci4/production/safira/web/public/index.php')
INFO - 2025-07-11 08:41:44 --> Session: Class initialized using 'CodeIgniter\Session\Handlers\DatabaseHandler' driver.
WARNING - 2025-07-11 08:41:49 --> [DEPRECATED] ini_set(): session.sid_length INI setting is deprecated in SYSTEMPATH/Session/Session.php on line 343.
 1 SYSTEMPATH/Session/Session.php(343): ini_set('session.sid_length', '40')
 2 SYSTEMPATH/Session/Session.php(313): CodeIgniter\Session\Session->configureSidLength()
 3 SYSTEMPATH/Session/Session.php(232): CodeIgniter\Session\Session->configure()
 4 SYSTEMPATH/Config/Services.php(710): CodeIgniter\Session\Session->start()
 5 SYSTEMPATH/Config/BaseService.php(312): CodeIgniter\Config\Services::session(Object(Config\Session), false)
 6 SYSTEMPATH/Config/BaseService.php(251): CodeIgniter\Config\BaseService::__callStatic('session', [...])
 7 SYSTEMPATH/Config/Services.php(668): CodeIgniter\Config\BaseService::getSharedInstance('session', null)
 8 SYSTEMPATH/Config/BaseService.php(321): CodeIgniter\Config\Services::session()
 9 SYSTEMPATH/Config/BaseService.php(202): CodeIgniter\Config\BaseService::__callStatic('session', [])
10 SYSTEMPATH/Common.php(998): CodeIgniter\Config\BaseService::get('session')
11 SYSTEMPATH/Common.php(971): service('session')
12 APPPATH/Controllers/Auth.php(188): session()
13 SYSTEMPATH/CodeIgniter.php(933): App\Controllers\Auth->loginGoogle()
14 SYSTEMPATH/CodeIgniter.php(509): CodeIgniter\CodeIgniter->runController(Object(App\Controllers\Auth))
15 SYSTEMPATH/CodeIgniter.php(355): CodeIgniter\CodeIgniter->handleRequest(null, Object(Config\Cache), false)
16 SYSTEMPATH/Boot.php(325): CodeIgniter\CodeIgniter->run()
17 SYSTEMPATH/Boot.php(67): CodeIgniter\Boot::runCodeIgniter(Object(CodeIgniter\CodeIgniter))
18 FCPATH/index.php(56): CodeIgniter\Boot::bootWeb(Object(Config\Paths))
19 SYSTEMPATH/rewrite.php(44): require_once('/Users/apple/www/pusk/ci4/production/safira/web/public/index.php')
INFO - 2025-07-11 08:41:49 --> Session: Class initialized using 'CodeIgniter\Session\Handlers\DatabaseHandler' driver.
WARNING - 2025-07-11 08:41:49 --> [DEPRECATED] ini_set(): session.sid_length INI setting is deprecated in SYSTEMPATH/Session/Session.php on line 343.
 1 SYSTEMPATH/Session/Session.php(343): ini_set('session.sid_length', '40')
 2 SYSTEMPATH/Session/Session.php(313): CodeIgniter\Session\Session->configureSidLength()
 3 SYSTEMPATH/Session/Session.php(232): CodeIgniter\Session\Session->configure()
 4 SYSTEMPATH/Config/Services.php(710): CodeIgniter\Session\Session->start()
 5 SYSTEMPATH/Config/BaseService.php(312): CodeIgniter\Config\Services::session(Object(Config\Session), false)
 6 SYSTEMPATH/Config/BaseService.php(251): CodeIgniter\Config\BaseService::__callStatic('session', [...])
 7 SYSTEMPATH/Config/Services.php(668): CodeIgniter\Config\BaseService::getSharedInstance('session', null)
 8 SYSTEMPATH/Config/BaseService.php(321): CodeIgniter\Config\Services::session()
 9 SYSTEMPATH/Config/BaseService.php(202): CodeIgniter\Config\BaseService::__callStatic('session', [])
10 SYSTEMPATH/Common.php(998): CodeIgniter\Config\BaseService::get('session')
11 SYSTEMPATH/Common.php(971): service('session')
12 APPPATH/Helpers/Auth_helper.php(34): session()
13 APPPATH/Modules/Beranda/Controllers/Beranda.php(18): is_logged()
14 SYSTEMPATH/CodeIgniter.php(903): Modules\Beranda\Controllers\Beranda->__construct()
15 SYSTEMPATH/CodeIgniter.php(500): CodeIgniter\CodeIgniter->createController()
16 SYSTEMPATH/CodeIgniter.php(355): CodeIgniter\CodeIgniter->handleRequest(null, Object(Config\Cache), false)
17 SYSTEMPATH/Boot.php(325): CodeIgniter\CodeIgniter->run()
18 SYSTEMPATH/Boot.php(67): CodeIgniter\Boot::runCodeIgniter(Object(CodeIgniter\CodeIgniter))
19 FCPATH/index.php(56): CodeIgniter\Boot::bootWeb(Object(Config\Paths))
20 SYSTEMPATH/rewrite.php(44): require_once('/Users/apple/www/pusk/ci4/production/safira/web/public/index.php')
INFO - 2025-07-11 08:41:49 --> Session: Class initialized using 'CodeIgniter\Session\Handlers\DatabaseHandler' driver.
WARNING - 2025-07-11 08:46:42 --> [DEPRECATED] ini_set(): session.sid_length INI setting is deprecated in SYSTEMPATH/Session/Session.php on line 343.
 1 SYSTEMPATH/Session/Session.php(343): ini_set('session.sid_length', '40')
 2 SYSTEMPATH/Session/Session.php(313): CodeIgniter\Session\Session->configureSidLength()
 3 SYSTEMPATH/Session/Session.php(232): CodeIgniter\Session\Session->configure()
 4 SYSTEMPATH/Config/Services.php(710): CodeIgniter\Session\Session->start()
 5 SYSTEMPATH/Config/BaseService.php(312): CodeIgniter\Config\Services::session(Object(Config\Session), false)
 6 SYSTEMPATH/Config/BaseService.php(251): CodeIgniter\Config\BaseService::__callStatic('session', [...])
 7 SYSTEMPATH/Config/Services.php(668): CodeIgniter\Config\BaseService::getSharedInstance('session', null)
 8 SYSTEMPATH/Config/BaseService.php(321): CodeIgniter\Config\Services::session()
 9 SYSTEMPATH/Config/BaseService.php(202): CodeIgniter\Config\BaseService::__callStatic('session', [])
10 SYSTEMPATH/Common.php(998): CodeIgniter\Config\BaseService::get('session')
11 SYSTEMPATH/Common.php(971): service('session')
12 APPPATH/Helpers/Auth_helper.php(34): session()
13 APPPATH/Modules/Naskahkeluar/Controllers/Registrasi.php(22): is_logged()
14 SYSTEMPATH/CodeIgniter.php(903): Modules\Naskahkeluar\Controllers\Registrasi->__construct()
15 SYSTEMPATH/CodeIgniter.php(500): CodeIgniter\CodeIgniter->createController()
16 SYSTEMPATH/CodeIgniter.php(355): CodeIgniter\CodeIgniter->handleRequest(null, Object(Config\Cache), false)
17 SYSTEMPATH/Boot.php(325): CodeIgniter\CodeIgniter->run()
18 SYSTEMPATH/Boot.php(67): CodeIgniter\Boot::runCodeIgniter(Object(CodeIgniter\CodeIgniter))
19 FCPATH/index.php(56): CodeIgniter\Boot::bootWeb(Object(Config\Paths))
20 SYSTEMPATH/rewrite.php(44): require_once('/Users/apple/www/pusk/ci4/production/safira/web/public/index.php')
INFO - 2025-07-11 08:46:42 --> Session: Class initialized using 'CodeIgniter\Session\Handlers\DatabaseHandler' driver.
WARNING - 2025-07-11 08:46:47 --> [DEPRECATED] ini_set(): session.sid_length INI setting is deprecated in SYSTEMPATH/Session/Session.php on line 343.
 1 SYSTEMPATH/Session/Session.php(343): ini_set('session.sid_length', '40')
 2 SYSTEMPATH/Session/Session.php(313): CodeIgniter\Session\Session->configureSidLength()
 3 SYSTEMPATH/Session/Session.php(232): CodeIgniter\Session\Session->configure()
 4 SYSTEMPATH/Config/Services.php(710): CodeIgniter\Session\Session->start()
 5 SYSTEMPATH/Config/BaseService.php(312): CodeIgniter\Config\Services::session(Object(Config\Session), false)
 6 SYSTEMPATH/Config/BaseService.php(251): CodeIgniter\Config\BaseService::__callStatic('session', [...])
 7 SYSTEMPATH/Config/Services.php(668): CodeIgniter\Config\BaseService::getSharedInstance('session', null)
 8 SYSTEMPATH/Config/BaseService.php(321): CodeIgniter\Config\Services::session()
 9 SYSTEMPATH/Config/BaseService.php(202): CodeIgniter\Config\BaseService::__callStatic('session', [])
10 SYSTEMPATH/Common.php(998): CodeIgniter\Config\BaseService::get('session')
11 SYSTEMPATH/Common.php(971): service('session')
12 APPPATH/Helpers/Auth_helper.php(34): session()
13 APPPATH/Modules/Naskahkeluar/Controllers/Registrasi.php(22): is_logged()
14 SYSTEMPATH/CodeIgniter.php(903): Modules\Naskahkeluar\Controllers\Registrasi->__construct()
15 SYSTEMPATH/CodeIgniter.php(500): CodeIgniter\CodeIgniter->createController()
16 SYSTEMPATH/CodeIgniter.php(355): CodeIgniter\CodeIgniter->handleRequest(null, Object(Config\Cache), false)
17 SYSTEMPATH/Boot.php(325): CodeIgniter\CodeIgniter->run()
18 SYSTEMPATH/Boot.php(67): CodeIgniter\Boot::runCodeIgniter(Object(CodeIgniter\CodeIgniter))
19 FCPATH/index.php(56): CodeIgniter\Boot::bootWeb(Object(Config\Paths))
20 SYSTEMPATH/rewrite.php(44): require_once('/Users/apple/www/pusk/ci4/production/safira/web/public/index.php')
INFO - 2025-07-11 08:46:47 --> Session: Class initialized using 'CodeIgniter\Session\Handlers\DatabaseHandler' driver.
WARNING - 2025-07-11 08:46:48 --> [DEPRECATED] ini_set(): session.sid_length INI setting is deprecated in SYSTEMPATH/Session/Session.php on line 343.
 1 SYSTEMPATH/Session/Session.php(343): ini_set('session.sid_length', '40')
 2 SYSTEMPATH/Session/Session.php(313): CodeIgniter\Session\Session->configureSidLength()
 3 SYSTEMPATH/Session/Session.php(232): CodeIgniter\Session\Session->configure()
 4 SYSTEMPATH/Config/Services.php(710): CodeIgniter\Session\Session->start()
 5 SYSTEMPATH/Config/BaseService.php(312): CodeIgniter\Config\Services::session(Object(Config\Session), false)
 6 SYSTEMPATH/Config/BaseService.php(251): CodeIgniter\Config\BaseService::__callStatic('session', [...])
 7 SYSTEMPATH/Config/Services.php(668): CodeIgniter\Config\BaseService::getSharedInstance('session', null)
 8 SYSTEMPATH/Config/BaseService.php(321): CodeIgniter\Config\Services::session()
 9 SYSTEMPATH/Config/BaseService.php(202): CodeIgniter\Config\BaseService::__callStatic('session', [])
10 SYSTEMPATH/Common.php(998): CodeIgniter\Config\BaseService::get('session')
11 SYSTEMPATH/Common.php(971): service('session')
12 APPPATH/Helpers/Auth_helper.php(34): session()
13 APPPATH/Modules/Naskahkeluar/Controllers/Lognaskah.php(25): is_logged()
14 SYSTEMPATH/CodeIgniter.php(903): Modules\Naskahkeluar\Controllers\Lognaskah->__construct()
15 SYSTEMPATH/CodeIgniter.php(500): CodeIgniter\CodeIgniter->createController()
16 SYSTEMPATH/CodeIgniter.php(355): CodeIgniter\CodeIgniter->handleRequest(null, Object(Config\Cache), false)
17 SYSTEMPATH/Boot.php(325): CodeIgniter\CodeIgniter->run()
18 SYSTEMPATH/Boot.php(67): CodeIgniter\Boot::runCodeIgniter(Object(CodeIgniter\CodeIgniter))
19 FCPATH/index.php(56): CodeIgniter\Boot::bootWeb(Object(Config\Paths))
20 SYSTEMPATH/rewrite.php(44): require_once('/Users/apple/www/pusk/ci4/production/safira/web/public/index.php')
INFO - 2025-07-11 08:46:48 --> Session: Class initialized using 'CodeIgniter\Session\Handlers\DatabaseHandler' driver.
INFO - 2025-07-11 08:46:49 --> CSRF token verified.
WARNING - 2025-07-11 08:46:49 --> [DEPRECATED] ini_set(): session.sid_length INI setting is deprecated in SYSTEMPATH/Session/Session.php on line 343.
 1 SYSTEMPATH/Session/Session.php(343): ini_set('session.sid_length', '40')
 2 SYSTEMPATH/Session/Session.php(313): CodeIgniter\Session\Session->configureSidLength()
 3 SYSTEMPATH/Session/Session.php(232): CodeIgniter\Session\Session->configure()
 4 SYSTEMPATH/Config/Services.php(710): CodeIgniter\Session\Session->start()
 5 SYSTEMPATH/Config/BaseService.php(312): CodeIgniter\Config\Services::session(Object(Config\Session), false)
 6 SYSTEMPATH/Config/BaseService.php(251): CodeIgniter\Config\BaseService::__callStatic('session', [...])
 7 SYSTEMPATH/Config/Services.php(668): CodeIgniter\Config\BaseService::getSharedInstance('session', null)
 8 SYSTEMPATH/Config/BaseService.php(321): CodeIgniter\Config\Services::session()
 9 SYSTEMPATH/Config/BaseService.php(202): CodeIgniter\Config\BaseService::__callStatic('session', [])
10 SYSTEMPATH/Common.php(998): CodeIgniter\Config\BaseService::get('session')
11 SYSTEMPATH/Common.php(971): service('session')
12 APPPATH/Helpers/Auth_helper.php(34): session()
13 APPPATH/Modules/Naskahkeluar/Controllers/Lognaskah.php(25): is_logged()
14 SYSTEMPATH/CodeIgniter.php(903): Modules\Naskahkeluar\Controllers\Lognaskah->__construct()
15 SYSTEMPATH/CodeIgniter.php(500): CodeIgniter\CodeIgniter->createController()
16 SYSTEMPATH/CodeIgniter.php(355): CodeIgniter\CodeIgniter->handleRequest(null, Object(Config\Cache), false)
17 SYSTEMPATH/Boot.php(325): CodeIgniter\CodeIgniter->run()
18 SYSTEMPATH/Boot.php(67): CodeIgniter\Boot::runCodeIgniter(Object(CodeIgniter\CodeIgniter))
19 FCPATH/index.php(56): CodeIgniter\Boot::bootWeb(Object(Config\Paths))
20 SYSTEMPATH/rewrite.php(44): require_once('/Users/apple/www/pusk/ci4/production/safira/web/public/index.php')
INFO - 2025-07-11 08:46:49 --> Session: Class initialized using 'CodeIgniter\Session\Handlers\DatabaseHandler' driver.
WARNING - 2025-07-11 08:47:10 --> [DEPRECATED] ini_set(): session.sid_length INI setting is deprecated in SYSTEMPATH/Session/Session.php on line 343.
 1 SYSTEMPATH/Session/Session.php(343): ini_set('session.sid_length', '40')
 2 SYSTEMPATH/Session/Session.php(313): CodeIgniter\Session\Session->configureSidLength()
 3 SYSTEMPATH/Session/Session.php(232): CodeIgniter\Session\Session->configure()
 4 SYSTEMPATH/Config/Services.php(710): CodeIgniter\Session\Session->start()
 5 SYSTEMPATH/Config/BaseService.php(312): CodeIgniter\Config\Services::session(Object(Config\Session), false)
 6 SYSTEMPATH/Config/BaseService.php(251): CodeIgniter\Config\BaseService::__callStatic('session', [...])
 7 SYSTEMPATH/Config/Services.php(668): CodeIgniter\Config\BaseService::getSharedInstance('session', null)
 8 SYSTEMPATH/Config/BaseService.php(321): CodeIgniter\Config\Services::session()
 9 SYSTEMPATH/Config/BaseService.php(202): CodeIgniter\Config\BaseService::__callStatic('session', [])
10 SYSTEMPATH/Common.php(998): CodeIgniter\Config\BaseService::get('session')
11 SYSTEMPATH/Common.php(971): service('session')
12 APPPATH/Helpers/Auth_helper.php(34): session()
13 APPPATH/Modules/Naskahkeluar/Controllers/Lognaskah.php(25): is_logged()
14 SYSTEMPATH/CodeIgniter.php(903): Modules\Naskahkeluar\Controllers\Lognaskah->__construct()
15 SYSTEMPATH/CodeIgniter.php(500): CodeIgniter\CodeIgniter->createController()
16 SYSTEMPATH/CodeIgniter.php(355): CodeIgniter\CodeIgniter->handleRequest(null, Object(Config\Cache), false)
17 SYSTEMPATH/Boot.php(325): CodeIgniter\CodeIgniter->run()
18 SYSTEMPATH/Boot.php(67): CodeIgniter\Boot::runCodeIgniter(Object(CodeIgniter\CodeIgniter))
19 FCPATH/index.php(56): CodeIgniter\Boot::bootWeb(Object(Config\Paths))
20 SYSTEMPATH/rewrite.php(44): require_once('/Users/apple/www/pusk/ci4/production/safira/web/public/index.php')
INFO - 2025-07-11 08:47:10 --> Session: Class initialized using 'CodeIgniter\Session\Handlers\DatabaseHandler' driver.
INFO - 2025-07-11 08:47:10 --> CSRF token verified.
WARNING - 2025-07-11 08:47:10 --> [DEPRECATED] ini_set(): session.sid_length INI setting is deprecated in SYSTEMPATH/Session/Session.php on line 343.
 1 SYSTEMPATH/Session/Session.php(343): ini_set('session.sid_length', '40')
 2 SYSTEMPATH/Session/Session.php(313): CodeIgniter\Session\Session->configureSidLength()
 3 SYSTEMPATH/Session/Session.php(232): CodeIgniter\Session\Session->configure()
 4 SYSTEMPATH/Config/Services.php(710): CodeIgniter\Session\Session->start()
 5 SYSTEMPATH/Config/BaseService.php(312): CodeIgniter\Config\Services::session(Object(Config\Session), false)
 6 SYSTEMPATH/Config/BaseService.php(251): CodeIgniter\Config\BaseService::__callStatic('session', [...])
 7 SYSTEMPATH/Config/Services.php(668): CodeIgniter\Config\BaseService::getSharedInstance('session', null)
 8 SYSTEMPATH/Config/BaseService.php(321): CodeIgniter\Config\Services::session()
 9 SYSTEMPATH/Config/BaseService.php(202): CodeIgniter\Config\BaseService::__callStatic('session', [])
10 SYSTEMPATH/Common.php(998): CodeIgniter\Config\BaseService::get('session')
11 SYSTEMPATH/Common.php(971): service('session')
12 APPPATH/Helpers/Auth_helper.php(34): session()
13 APPPATH/Modules/Naskahkeluar/Controllers/Lognaskah.php(25): is_logged()
14 SYSTEMPATH/CodeIgniter.php(903): Modules\Naskahkeluar\Controllers\Lognaskah->__construct()
15 SYSTEMPATH/CodeIgniter.php(500): CodeIgniter\CodeIgniter->createController()
16 SYSTEMPATH/CodeIgniter.php(355): CodeIgniter\CodeIgniter->handleRequest(null, Object(Config\Cache), false)
17 SYSTEMPATH/Boot.php(325): CodeIgniter\CodeIgniter->run()
18 SYSTEMPATH/Boot.php(67): CodeIgniter\Boot::runCodeIgniter(Object(CodeIgniter\CodeIgniter))
19 FCPATH/index.php(56): CodeIgniter\Boot::bootWeb(Object(Config\Paths))
20 SYSTEMPATH/rewrite.php(44): require_once('/Users/apple/www/pusk/ci4/production/safira/web/public/index.php')
INFO - 2025-07-11 08:47:10 --> Session: Class initialized using 'CodeIgniter\Session\Handlers\DatabaseHandler' driver.
WARNING - 2025-07-11 08:47:16 --> [DEPRECATED] ini_set(): session.sid_length INI setting is deprecated in SYSTEMPATH/Session/Session.php on line 343.
 1 SYSTEMPATH/Session/Session.php(343): ini_set('session.sid_length', '40')
 2 SYSTEMPATH/Session/Session.php(313): CodeIgniter\Session\Session->configureSidLength()
 3 SYSTEMPATH/Session/Session.php(232): CodeIgniter\Session\Session->configure()
 4 SYSTEMPATH/Config/Services.php(710): CodeIgniter\Session\Session->start()
 5 SYSTEMPATH/Config/BaseService.php(312): CodeIgniter\Config\Services::session(Object(Config\Session), false)
 6 SYSTEMPATH/Config/BaseService.php(251): CodeIgniter\Config\BaseService::__callStatic('session', [...])
 7 SYSTEMPATH/Config/Services.php(668): CodeIgniter\Config\BaseService::getSharedInstance('session', null)
 8 SYSTEMPATH/Config/BaseService.php(321): CodeIgniter\Config\Services::session()
 9 SYSTEMPATH/Config/BaseService.php(202): CodeIgniter\Config\BaseService::__callStatic('session', [])
10 SYSTEMPATH/Common.php(998): CodeIgniter\Config\BaseService::get('session')
11 SYSTEMPATH/Common.php(971): service('session')
12 APPPATH/Controllers/Auth.php(250): session()
13 SYSTEMPATH/CodeIgniter.php(933): App\Controllers\Auth->logout()
14 SYSTEMPATH/CodeIgniter.php(509): CodeIgniter\CodeIgniter->runController(Object(App\Controllers\Auth))
15 SYSTEMPATH/CodeIgniter.php(355): CodeIgniter\CodeIgniter->handleRequest(null, Object(Config\Cache), false)
16 SYSTEMPATH/Boot.php(325): CodeIgniter\CodeIgniter->run()
17 SYSTEMPATH/Boot.php(67): CodeIgniter\Boot::runCodeIgniter(Object(CodeIgniter\CodeIgniter))
18 FCPATH/index.php(56): CodeIgniter\Boot::bootWeb(Object(Config\Paths))
19 SYSTEMPATH/rewrite.php(44): require_once('/Users/apple/www/pusk/ci4/production/safira/web/public/index.php')
INFO - 2025-07-11 08:47:16 --> Session: Class initialized using 'CodeIgniter\Session\Handlers\DatabaseHandler' driver.
WARNING - 2025-07-11 08:47:24 --> [DEPRECATED] ini_set(): session.sid_length INI setting is deprecated in SYSTEMPATH/Session/Session.php on line 343.
 1 SYSTEMPATH/Session/Session.php(343): ini_set('session.sid_length', '40')
 2 SYSTEMPATH/Session/Session.php(313): CodeIgniter\Session\Session->configureSidLength()
 3 SYSTEMPATH/Session/Session.php(232): CodeIgniter\Session\Session->configure()
 4 SYSTEMPATH/Config/Services.php(710): CodeIgniter\Session\Session->start()
 5 SYSTEMPATH/Config/BaseService.php(312): CodeIgniter\Config\Services::session(Object(Config\Session), false)
 6 SYSTEMPATH/Config/BaseService.php(251): CodeIgniter\Config\BaseService::__callStatic('session', [...])
 7 SYSTEMPATH/Config/Services.php(668): CodeIgniter\Config\BaseService::getSharedInstance('session', null)
 8 SYSTEMPATH/Config/BaseService.php(321): CodeIgniter\Config\Services::session()
 9 SYSTEMPATH/Config/BaseService.php(202): CodeIgniter\Config\BaseService::__callStatic('session', [])
10 SYSTEMPATH/Common.php(998): CodeIgniter\Config\BaseService::get('session')
11 SYSTEMPATH/Common.php(971): service('session')
12 APPPATH/Controllers/Auth.php(41): session()
13 SYSTEMPATH/CodeIgniter.php(933): App\Controllers\Auth->index()
14 SYSTEMPATH/CodeIgniter.php(509): CodeIgniter\CodeIgniter->runController(Object(App\Controllers\Auth))
15 SYSTEMPATH/CodeIgniter.php(355): CodeIgniter\CodeIgniter->handleRequest(null, Object(Config\Cache), false)
16 SYSTEMPATH/Boot.php(325): CodeIgniter\CodeIgniter->run()
17 SYSTEMPATH/Boot.php(67): CodeIgniter\Boot::runCodeIgniter(Object(CodeIgniter\CodeIgniter))
18 FCPATH/index.php(56): CodeIgniter\Boot::bootWeb(Object(Config\Paths))
19 SYSTEMPATH/rewrite.php(44): require_once('/Users/apple/www/pusk/ci4/production/safira/web/public/index.php')
INFO - 2025-07-11 08:47:24 --> Session: Class initialized using 'CodeIgniter\Session\Handlers\DatabaseHandler' driver.
WARNING - 2025-07-11 08:47:29 --> [DEPRECATED] ini_set(): session.sid_length INI setting is deprecated in SYSTEMPATH/Session/Session.php on line 343.
 1 SYSTEMPATH/Session/Session.php(343): ini_set('session.sid_length', '40')
 2 SYSTEMPATH/Session/Session.php(313): CodeIgniter\Session\Session->configureSidLength()
 3 SYSTEMPATH/Session/Session.php(232): CodeIgniter\Session\Session->configure()
 4 SYSTEMPATH/Config/Services.php(710): CodeIgniter\Session\Session->start()
 5 SYSTEMPATH/Config/BaseService.php(312): CodeIgniter\Config\Services::session(Object(Config\Session), false)
 6 SYSTEMPATH/Config/BaseService.php(251): CodeIgniter\Config\BaseService::__callStatic('session', [...])
 7 SYSTEMPATH/Config/Services.php(668): CodeIgniter\Config\BaseService::getSharedInstance('session', null)
 8 SYSTEMPATH/Config/BaseService.php(321): CodeIgniter\Config\Services::session()
 9 SYSTEMPATH/Config/BaseService.php(202): CodeIgniter\Config\BaseService::__callStatic('session', [])
10 SYSTEMPATH/Common.php(998): CodeIgniter\Config\BaseService::get('session')
11 SYSTEMPATH/Common.php(971): service('session')
12 APPPATH/Controllers/Auth.php(188): session()
13 SYSTEMPATH/CodeIgniter.php(933): App\Controllers\Auth->loginGoogle()
14 SYSTEMPATH/CodeIgniter.php(509): CodeIgniter\CodeIgniter->runController(Object(App\Controllers\Auth))
15 SYSTEMPATH/CodeIgniter.php(355): CodeIgniter\CodeIgniter->handleRequest(null, Object(Config\Cache), false)
16 SYSTEMPATH/Boot.php(325): CodeIgniter\CodeIgniter->run()
17 SYSTEMPATH/Boot.php(67): CodeIgniter\Boot::runCodeIgniter(Object(CodeIgniter\CodeIgniter))
18 FCPATH/index.php(56): CodeIgniter\Boot::bootWeb(Object(Config\Paths))
19 SYSTEMPATH/rewrite.php(44): require_once('/Users/apple/www/pusk/ci4/production/safira/web/public/index.php')
INFO - 2025-07-11 08:47:29 --> Session: Class initialized using 'CodeIgniter\Session\Handlers\DatabaseHandler' driver.
WARNING - 2025-07-11 08:47:29 --> [DEPRECATED] ini_set(): session.sid_length INI setting is deprecated in SYSTEMPATH/Session/Session.php on line 343.
 1 SYSTEMPATH/Session/Session.php(343): ini_set('session.sid_length', '40')
 2 SYSTEMPATH/Session/Session.php(313): CodeIgniter\Session\Session->configureSidLength()
 3 SYSTEMPATH/Session/Session.php(232): CodeIgniter\Session\Session->configure()
 4 SYSTEMPATH/Config/Services.php(710): CodeIgniter\Session\Session->start()
 5 SYSTEMPATH/Config/BaseService.php(312): CodeIgniter\Config\Services::session(Object(Config\Session), false)
 6 SYSTEMPATH/Config/BaseService.php(251): CodeIgniter\Config\BaseService::__callStatic('session', [...])
 7 SYSTEMPATH/Config/Services.php(668): CodeIgniter\Config\BaseService::getSharedInstance('session', null)
 8 SYSTEMPATH/Config/BaseService.php(321): CodeIgniter\Config\Services::session()
 9 SYSTEMPATH/Config/BaseService.php(202): CodeIgniter\Config\BaseService::__callStatic('session', [])
10 SYSTEMPATH/Common.php(998): CodeIgniter\Config\BaseService::get('session')
11 SYSTEMPATH/Common.php(971): service('session')
12 APPPATH/Helpers/Auth_helper.php(34): session()
13 APPPATH/Modules/Beranda/Controllers/Beranda.php(18): is_logged()
14 SYSTEMPATH/CodeIgniter.php(903): Modules\Beranda\Controllers\Beranda->__construct()
15 SYSTEMPATH/CodeIgniter.php(500): CodeIgniter\CodeIgniter->createController()
16 SYSTEMPATH/CodeIgniter.php(355): CodeIgniter\CodeIgniter->handleRequest(null, Object(Config\Cache), false)
17 SYSTEMPATH/Boot.php(325): CodeIgniter\CodeIgniter->run()
18 SYSTEMPATH/Boot.php(67): CodeIgniter\Boot::runCodeIgniter(Object(CodeIgniter\CodeIgniter))
19 FCPATH/index.php(56): CodeIgniter\Boot::bootWeb(Object(Config\Paths))
20 SYSTEMPATH/rewrite.php(44): require_once('/Users/apple/www/pusk/ci4/production/safira/web/public/index.php')
INFO - 2025-07-11 08:47:29 --> Session: Class initialized using 'CodeIgniter\Session\Handlers\DatabaseHandler' driver.
WARNING - 2025-07-11 08:47:42 --> [DEPRECATED] ini_set(): session.sid_length INI setting is deprecated in SYSTEMPATH/Session/Session.php on line 343.
 1 SYSTEMPATH/Session/Session.php(343): ini_set('session.sid_length', '40')
 2 SYSTEMPATH/Session/Session.php(313): CodeIgniter\Session\Session->configureSidLength()
 3 SYSTEMPATH/Session/Session.php(232): CodeIgniter\Session\Session->configure()
 4 SYSTEMPATH/Config/Services.php(710): CodeIgniter\Session\Session->start()
 5 SYSTEMPATH/Config/BaseService.php(312): CodeIgniter\Config\Services::session(Object(Config\Session), false)
 6 SYSTEMPATH/Config/BaseService.php(251): CodeIgniter\Config\BaseService::__callStatic('session', [...])
 7 SYSTEMPATH/Config/Services.php(668): CodeIgniter\Config\BaseService::getSharedInstance('session', null)
 8 SYSTEMPATH/Config/BaseService.php(321): CodeIgniter\Config\Services::session()
 9 SYSTEMPATH/Config/BaseService.php(202): CodeIgniter\Config\BaseService::__callStatic('session', [])
10 SYSTEMPATH/Common.php(998): CodeIgniter\Config\BaseService::get('session')
11 SYSTEMPATH/Common.php(971): service('session')
12 APPPATH/Helpers/Auth_helper.php(34): session()
13 APPPATH/Modules/Naskahkeluar/Controllers/Lognaskah.php(25): is_logged()
14 SYSTEMPATH/CodeIgniter.php(903): Modules\Naskahkeluar\Controllers\Lognaskah->__construct()
15 SYSTEMPATH/CodeIgniter.php(500): CodeIgniter\CodeIgniter->createController()
16 SYSTEMPATH/CodeIgniter.php(355): CodeIgniter\CodeIgniter->handleRequest(null, Object(Config\Cache), false)
17 SYSTEMPATH/Boot.php(325): CodeIgniter\CodeIgniter->run()
18 SYSTEMPATH/Boot.php(67): CodeIgniter\Boot::runCodeIgniter(Object(CodeIgniter\CodeIgniter))
19 FCPATH/index.php(56): CodeIgniter\Boot::bootWeb(Object(Config\Paths))
20 SYSTEMPATH/rewrite.php(44): require_once('/Users/apple/www/pusk/ci4/production/safira/web/public/index.php')
INFO - 2025-07-11 08:47:42 --> Session: Class initialized using 'CodeIgniter\Session\Handlers\DatabaseHandler' driver.
INFO - 2025-07-11 08:47:43 --> CSRF token verified.
WARNING - 2025-07-11 08:47:43 --> [DEPRECATED] ini_set(): session.sid_length INI setting is deprecated in SYSTEMPATH/Session/Session.php on line 343.
 1 SYSTEMPATH/Session/Session.php(343): ini_set('session.sid_length', '40')
 2 SYSTEMPATH/Session/Session.php(313): CodeIgniter\Session\Session->configureSidLength()
 3 SYSTEMPATH/Session/Session.php(232): CodeIgniter\Session\Session->configure()
 4 SYSTEMPATH/Config/Services.php(710): CodeIgniter\Session\Session->start()
 5 SYSTEMPATH/Config/BaseService.php(312): CodeIgniter\Config\Services::session(Object(Config\Session), false)
 6 SYSTEMPATH/Config/BaseService.php(251): CodeIgniter\Config\BaseService::__callStatic('session', [...])
 7 SYSTEMPATH/Config/Services.php(668): CodeIgniter\Config\BaseService::getSharedInstance('session', null)
 8 SYSTEMPATH/Config/BaseService.php(321): CodeIgniter\Config\Services::session()
 9 SYSTEMPATH/Config/BaseService.php(202): CodeIgniter\Config\BaseService::__callStatic('session', [])
10 SYSTEMPATH/Common.php(998): CodeIgniter\Config\BaseService::get('session')
11 SYSTEMPATH/Common.php(971): service('session')
12 APPPATH/Helpers/Auth_helper.php(34): session()
13 APPPATH/Modules/Naskahkeluar/Controllers/Lognaskah.php(25): is_logged()
14 SYSTEMPATH/CodeIgniter.php(903): Modules\Naskahkeluar\Controllers\Lognaskah->__construct()
15 SYSTEMPATH/CodeIgniter.php(500): CodeIgniter\CodeIgniter->createController()
16 SYSTEMPATH/CodeIgniter.php(355): CodeIgniter\CodeIgniter->handleRequest(null, Object(Config\Cache), false)
17 SYSTEMPATH/Boot.php(325): CodeIgniter\CodeIgniter->run()
18 SYSTEMPATH/Boot.php(67): CodeIgniter\Boot::runCodeIgniter(Object(CodeIgniter\CodeIgniter))
19 FCPATH/index.php(56): CodeIgniter\Boot::bootWeb(Object(Config\Paths))
20 SYSTEMPATH/rewrite.php(44): require_once('/Users/apple/www/pusk/ci4/production/safira/web/public/index.php')
INFO - 2025-07-11 08:47:43 --> Session: Class initialized using 'CodeIgniter\Session\Handlers\DatabaseHandler' driver.
WARNING - 2025-07-11 08:47:46 --> [DEPRECATED] ini_set(): session.sid_length INI setting is deprecated in SYSTEMPATH/Session/Session.php on line 343.
 1 SYSTEMPATH/Session/Session.php(343): ini_set('session.sid_length', '40')
 2 SYSTEMPATH/Session/Session.php(313): CodeIgniter\Session\Session->configureSidLength()
 3 SYSTEMPATH/Session/Session.php(232): CodeIgniter\Session\Session->configure()
 4 SYSTEMPATH/Config/Services.php(710): CodeIgniter\Session\Session->start()
 5 SYSTEMPATH/Config/BaseService.php(312): CodeIgniter\Config\Services::session(Object(Config\Session), false)
 6 SYSTEMPATH/Config/BaseService.php(251): CodeIgniter\Config\BaseService::__callStatic('session', [...])
 7 SYSTEMPATH/Config/Services.php(668): CodeIgniter\Config\BaseService::getSharedInstance('session', null)
 8 SYSTEMPATH/Config/BaseService.php(321): CodeIgniter\Config\Services::session()
 9 SYSTEMPATH/Config/BaseService.php(202): CodeIgniter\Config\BaseService::__callStatic('session', [])
10 SYSTEMPATH/Common.php(998): CodeIgniter\Config\BaseService::get('session')
11 SYSTEMPATH/Common.php(971): service('session')
12 APPPATH/Helpers/Auth_helper.php(34): session()
13 APPPATH/Modules/Naskahkeluar/Controllers/Lognaskah.php(25): is_logged()
14 SYSTEMPATH/CodeIgniter.php(903): Modules\Naskahkeluar\Controllers\Lognaskah->__construct()
15 SYSTEMPATH/CodeIgniter.php(500): CodeIgniter\CodeIgniter->createController()
16 SYSTEMPATH/CodeIgniter.php(355): CodeIgniter\CodeIgniter->handleRequest(null, Object(Config\Cache), false)
17 SYSTEMPATH/Boot.php(325): CodeIgniter\CodeIgniter->run()
18 SYSTEMPATH/Boot.php(67): CodeIgniter\Boot::runCodeIgniter(Object(CodeIgniter\CodeIgniter))
19 FCPATH/index.php(56): CodeIgniter\Boot::bootWeb(Object(Config\Paths))
20 SYSTEMPATH/rewrite.php(44): require_once('/Users/apple/www/pusk/ci4/production/safira/web/public/index.php')
INFO - 2025-07-11 08:47:46 --> Session: Class initialized using 'CodeIgniter\Session\Handlers\DatabaseHandler' driver.
INFO - 2025-07-11 08:47:47 --> CSRF token verified.
WARNING - 2025-07-11 08:47:47 --> [DEPRECATED] ini_set(): session.sid_length INI setting is deprecated in SYSTEMPATH/Session/Session.php on line 343.
 1 SYSTEMPATH/Session/Session.php(343): ini_set('session.sid_length', '40')
 2 SYSTEMPATH/Session/Session.php(313): CodeIgniter\Session\Session->configureSidLength()
 3 SYSTEMPATH/Session/Session.php(232): CodeIgniter\Session\Session->configure()
 4 SYSTEMPATH/Config/Services.php(710): CodeIgniter\Session\Session->start()
 5 SYSTEMPATH/Config/BaseService.php(312): CodeIgniter\Config\Services::session(Object(Config\Session), false)
 6 SYSTEMPATH/Config/BaseService.php(251): CodeIgniter\Config\BaseService::__callStatic('session', [...])
 7 SYSTEMPATH/Config/Services.php(668): CodeIgniter\Config\BaseService::getSharedInstance('session', null)
 8 SYSTEMPATH/Config/BaseService.php(321): CodeIgniter\Config\Services::session()
 9 SYSTEMPATH/Config/BaseService.php(202): CodeIgniter\Config\BaseService::__callStatic('session', [])
10 SYSTEMPATH/Common.php(998): CodeIgniter\Config\BaseService::get('session')
11 SYSTEMPATH/Common.php(971): service('session')
12 APPPATH/Helpers/Auth_helper.php(34): session()
13 APPPATH/Modules/Naskahkeluar/Controllers/Lognaskah.php(25): is_logged()
14 SYSTEMPATH/CodeIgniter.php(903): Modules\Naskahkeluar\Controllers\Lognaskah->__construct()
15 SYSTEMPATH/CodeIgniter.php(500): CodeIgniter\CodeIgniter->createController()
16 SYSTEMPATH/CodeIgniter.php(355): CodeIgniter\CodeIgniter->handleRequest(null, Object(Config\Cache), false)
17 SYSTEMPATH/Boot.php(325): CodeIgniter\CodeIgniter->run()
18 SYSTEMPATH/Boot.php(67): CodeIgniter\Boot::runCodeIgniter(Object(CodeIgniter\CodeIgniter))
19 FCPATH/index.php(56): CodeIgniter\Boot::bootWeb(Object(Config\Paths))
20 SYSTEMPATH/rewrite.php(44): require_once('/Users/apple/www/pusk/ci4/production/safira/web/public/index.php')
INFO - 2025-07-11 08:47:47 --> Session: Class initialized using 'CodeIgniter\Session\Handlers\DatabaseHandler' driver.
WARNING - 2025-07-11 08:48:09 --> [DEPRECATED] ini_set(): session.sid_length INI setting is deprecated in SYSTEMPATH/Session/Session.php on line 343.
 1 SYSTEMPATH/Session/Session.php(343): ini_set('session.sid_length', '40')
 2 SYSTEMPATH/Session/Session.php(313): CodeIgniter\Session\Session->configureSidLength()
 3 SYSTEMPATH/Session/Session.php(232): CodeIgniter\Session\Session->configure()
 4 SYSTEMPATH/Config/Services.php(710): CodeIgniter\Session\Session->start()
 5 SYSTEMPATH/Config/BaseService.php(312): CodeIgniter\Config\Services::session(Object(Config\Session), false)
 6 SYSTEMPATH/Config/BaseService.php(251): CodeIgniter\Config\BaseService::__callStatic('session', [...])
 7 SYSTEMPATH/Config/Services.php(668): CodeIgniter\Config\BaseService::getSharedInstance('session', null)
 8 SYSTEMPATH/Config/BaseService.php(321): CodeIgniter\Config\Services::session()
 9 SYSTEMPATH/Config/BaseService.php(202): CodeIgniter\Config\BaseService::__callStatic('session', [])
10 SYSTEMPATH/Common.php(998): CodeIgniter\Config\BaseService::get('session')
11 SYSTEMPATH/Common.php(971): service('session')
12 APPPATH/Controllers/Auth.php(41): session()
13 SYSTEMPATH/CodeIgniter.php(933): App\Controllers\Auth->index()
14 SYSTEMPATH/CodeIgniter.php(509): CodeIgniter\CodeIgniter->runController(Object(App\Controllers\Auth))
15 SYSTEMPATH/CodeIgniter.php(355): CodeIgniter\CodeIgniter->handleRequest(null, Object(Config\Cache), false)
16 SYSTEMPATH/Boot.php(325): CodeIgniter\CodeIgniter->run()
17 SYSTEMPATH/Boot.php(67): CodeIgniter\Boot::runCodeIgniter(Object(CodeIgniter\CodeIgniter))
18 FCPATH/index.php(56): CodeIgniter\Boot::bootWeb(Object(Config\Paths))
19 SYSTEMPATH/rewrite.php(44): require_once('/Users/apple/www/pusk/ci4/production/safira/web/public/index.php')
INFO - 2025-07-11 08:48:09 --> Session: Class initialized using 'CodeIgniter\Session\Handlers\DatabaseHandler' driver.
WARNING - 2025-07-11 08:48:09 --> [DEPRECATED] ini_set(): session.sid_length INI setting is deprecated in SYSTEMPATH/Session/Session.php on line 343.
 1 SYSTEMPATH/Session/Session.php(343): ini_set('session.sid_length', '40')
 2 SYSTEMPATH/Session/Session.php(313): CodeIgniter\Session\Session->configureSidLength()
 3 SYSTEMPATH/Session/Session.php(232): CodeIgniter\Session\Session->configure()
 4 SYSTEMPATH/Config/Services.php(710): CodeIgniter\Session\Session->start()
 5 SYSTEMPATH/Config/BaseService.php(312): CodeIgniter\Config\Services::session(Object(Config\Session), false)
 6 SYSTEMPATH/Config/BaseService.php(251): CodeIgniter\Config\BaseService::__callStatic('session', [...])
 7 SYSTEMPATH/Config/Services.php(668): CodeIgniter\Config\BaseService::getSharedInstance('session', null)
 8 SYSTEMPATH/Config/BaseService.php(321): CodeIgniter\Config\Services::session()
 9 SYSTEMPATH/Config/BaseService.php(202): CodeIgniter\Config\BaseService::__callStatic('session', [])
10 SYSTEMPATH/Common.php(998): CodeIgniter\Config\BaseService::get('session')
11 SYSTEMPATH/Common.php(971): service('session')
12 APPPATH/Helpers/Auth_helper.php(34): session()
13 APPPATH/Modules/Beranda/Controllers/Beranda.php(18): is_logged()
14 SYSTEMPATH/CodeIgniter.php(903): Modules\Beranda\Controllers\Beranda->__construct()
15 SYSTEMPATH/CodeIgniter.php(500): CodeIgniter\CodeIgniter->createController()
16 SYSTEMPATH/CodeIgniter.php(355): CodeIgniter\CodeIgniter->handleRequest(null, Object(Config\Cache), false)
17 SYSTEMPATH/Boot.php(325): CodeIgniter\CodeIgniter->run()
18 SYSTEMPATH/Boot.php(67): CodeIgniter\Boot::runCodeIgniter(Object(CodeIgniter\CodeIgniter))
19 FCPATH/index.php(56): CodeIgniter\Boot::bootWeb(Object(Config\Paths))
20 SYSTEMPATH/rewrite.php(44): require_once('/Users/apple/www/pusk/ci4/production/safira/web/public/index.php')
INFO - 2025-07-11 08:48:09 --> Session: Class initialized using 'CodeIgniter\Session\Handlers\DatabaseHandler' driver.
WARNING - 2025-07-11 08:48:22 --> [DEPRECATED] ini_set(): session.sid_length INI setting is deprecated in SYSTEMPATH/Session/Session.php on line 343.
 1 SYSTEMPATH/Session/Session.php(343): ini_set('session.sid_length', '40')
 2 SYSTEMPATH/Session/Session.php(313): CodeIgniter\Session\Session->configureSidLength()
 3 SYSTEMPATH/Session/Session.php(232): CodeIgniter\Session\Session->configure()
 4 SYSTEMPATH/Config/Services.php(710): CodeIgniter\Session\Session->start()
 5 SYSTEMPATH/Config/BaseService.php(312): CodeIgniter\Config\Services::session(Object(Config\Session), false)
 6 SYSTEMPATH/Config/BaseService.php(251): CodeIgniter\Config\BaseService::__callStatic('session', [...])
 7 SYSTEMPATH/Config/Services.php(668): CodeIgniter\Config\BaseService::getSharedInstance('session', null)
 8 SYSTEMPATH/Config/BaseService.php(321): CodeIgniter\Config\Services::session()
 9 SYSTEMPATH/Config/BaseService.php(202): CodeIgniter\Config\BaseService::__callStatic('session', [])
10 SYSTEMPATH/Common.php(998): CodeIgniter\Config\BaseService::get('session')
11 SYSTEMPATH/Common.php(971): service('session')
12 APPPATH/Helpers/Auth_helper.php(34): session()
13 APPPATH/Modules/Naskahkeluar/Controllers/Lognaskah.php(25): is_logged()
14 SYSTEMPATH/CodeIgniter.php(903): Modules\Naskahkeluar\Controllers\Lognaskah->__construct()
15 SYSTEMPATH/CodeIgniter.php(500): CodeIgniter\CodeIgniter->createController()
16 SYSTEMPATH/CodeIgniter.php(355): CodeIgniter\CodeIgniter->handleRequest(null, Object(Config\Cache), false)
17 SYSTEMPATH/Boot.php(325): CodeIgniter\CodeIgniter->run()
18 SYSTEMPATH/Boot.php(67): CodeIgniter\Boot::runCodeIgniter(Object(CodeIgniter\CodeIgniter))
19 FCPATH/index.php(56): CodeIgniter\Boot::bootWeb(Object(Config\Paths))
20 SYSTEMPATH/rewrite.php(44): require_once('/Users/apple/www/pusk/ci4/production/safira/web/public/index.php')
INFO - 2025-07-11 08:48:22 --> Session: Class initialized using 'CodeIgniter\Session\Handlers\DatabaseHandler' driver.
INFO - 2025-07-11 08:48:22 --> CSRF token verified.
WARNING - 2025-07-11 08:48:22 --> [DEPRECATED] ini_set(): session.sid_length INI setting is deprecated in SYSTEMPATH/Session/Session.php on line 343.
 1 SYSTEMPATH/Session/Session.php(343): ini_set('session.sid_length', '40')
 2 SYSTEMPATH/Session/Session.php(313): CodeIgniter\Session\Session->configureSidLength()
 3 SYSTEMPATH/Session/Session.php(232): CodeIgniter\Session\Session->configure()
 4 SYSTEMPATH/Config/Services.php(710): CodeIgniter\Session\Session->start()
 5 SYSTEMPATH/Config/BaseService.php(312): CodeIgniter\Config\Services::session(Object(Config\Session), false)
 6 SYSTEMPATH/Config/BaseService.php(251): CodeIgniter\Config\BaseService::__callStatic('session', [...])
 7 SYSTEMPATH/Config/Services.php(668): CodeIgniter\Config\BaseService::getSharedInstance('session', null)
 8 SYSTEMPATH/Config/BaseService.php(321): CodeIgniter\Config\Services::session()
 9 SYSTEMPATH/Config/BaseService.php(202): CodeIgniter\Config\BaseService::__callStatic('session', [])
10 SYSTEMPATH/Common.php(998): CodeIgniter\Config\BaseService::get('session')
11 SYSTEMPATH/Common.php(971): service('session')
12 APPPATH/Helpers/Auth_helper.php(34): session()
13 APPPATH/Modules/Naskahkeluar/Controllers/Lognaskah.php(25): is_logged()
14 SYSTEMPATH/CodeIgniter.php(903): Modules\Naskahkeluar\Controllers\Lognaskah->__construct()
15 SYSTEMPATH/CodeIgniter.php(500): CodeIgniter\CodeIgniter->createController()
16 SYSTEMPATH/CodeIgniter.php(355): CodeIgniter\CodeIgniter->handleRequest(null, Object(Config\Cache), false)
17 SYSTEMPATH/Boot.php(325): CodeIgniter\CodeIgniter->run()
18 SYSTEMPATH/Boot.php(67): CodeIgniter\Boot::runCodeIgniter(Object(CodeIgniter\CodeIgniter))
19 FCPATH/index.php(56): CodeIgniter\Boot::bootWeb(Object(Config\Paths))
20 SYSTEMPATH/rewrite.php(44): require_once('/Users/apple/www/pusk/ci4/production/safira/web/public/index.php')
INFO - 2025-07-11 08:48:22 --> Session: Class initialized using 'CodeIgniter\Session\Handlers\DatabaseHandler' driver.
INFO - 2025-07-11 08:48:28 --> CSRF token verified.
WARNING - 2025-07-11 08:48:28 --> [DEPRECATED] ini_set(): session.sid_length INI setting is deprecated in SYSTEMPATH/Session/Session.php on line 343.
 1 SYSTEMPATH/Session/Session.php(343): ini_set('session.sid_length', '40')
 2 SYSTEMPATH/Session/Session.php(313): CodeIgniter\Session\Session->configureSidLength()
 3 SYSTEMPATH/Session/Session.php(232): CodeIgniter\Session\Session->configure()
 4 SYSTEMPATH/Config/Services.php(710): CodeIgniter\Session\Session->start()
 5 SYSTEMPATH/Config/BaseService.php(312): CodeIgniter\Config\Services::session(Object(Config\Session), false)
 6 SYSTEMPATH/Config/BaseService.php(251): CodeIgniter\Config\BaseService::__callStatic('session', [...])
 7 SYSTEMPATH/Config/Services.php(668): CodeIgniter\Config\BaseService::getSharedInstance('session', null)
 8 SYSTEMPATH/Config/BaseService.php(321): CodeIgniter\Config\Services::session()
 9 SYSTEMPATH/Config/BaseService.php(202): CodeIgniter\Config\BaseService::__callStatic('session', [])
10 SYSTEMPATH/Common.php(998): CodeIgniter\Config\BaseService::get('session')
11 SYSTEMPATH/Common.php(971): service('session')
12 APPPATH/Helpers/Auth_helper.php(34): session()
13 APPPATH/Modules/Naskahkeluar/Controllers/Lognaskah.php(25): is_logged()
14 SYSTEMPATH/CodeIgniter.php(903): Modules\Naskahkeluar\Controllers\Lognaskah->__construct()
15 SYSTEMPATH/CodeIgniter.php(500): CodeIgniter\CodeIgniter->createController()
16 SYSTEMPATH/CodeIgniter.php(355): CodeIgniter\CodeIgniter->handleRequest(null, Object(Config\Cache), false)
17 SYSTEMPATH/Boot.php(325): CodeIgniter\CodeIgniter->run()
18 SYSTEMPATH/Boot.php(67): CodeIgniter\Boot::runCodeIgniter(Object(CodeIgniter\CodeIgniter))
19 FCPATH/index.php(56): CodeIgniter\Boot::bootWeb(Object(Config\Paths))
20 SYSTEMPATH/rewrite.php(44): require_once('/Users/apple/www/pusk/ci4/production/safira/web/public/index.php')
INFO - 2025-07-11 08:48:28 --> Session: Class initialized using 'CodeIgniter\Session\Handlers\DatabaseHandler' driver.
WARNING - 2025-07-11 08:48:28 --> [DEPRECATED] ini_set(): session.sid_length INI setting is deprecated in SYSTEMPATH/Session/Session.php on line 343.
 1 SYSTEMPATH/Session/Session.php(343): ini_set('session.sid_length', '40')
 2 SYSTEMPATH/Session/Session.php(313): CodeIgniter\Session\Session->configureSidLength()
 3 SYSTEMPATH/Session/Session.php(232): CodeIgniter\Session\Session->configure()
 4 SYSTEMPATH/Config/Services.php(710): CodeIgniter\Session\Session->start()
 5 SYSTEMPATH/Config/BaseService.php(312): CodeIgniter\Config\Services::session(Object(Config\Session), false)
 6 SYSTEMPATH/Config/BaseService.php(251): CodeIgniter\Config\BaseService::__callStatic('session', [...])
 7 SYSTEMPATH/Config/Services.php(668): CodeIgniter\Config\BaseService::getSharedInstance('session', null)
 8 SYSTEMPATH/Config/BaseService.php(321): CodeIgniter\Config\Services::session()
 9 SYSTEMPATH/Config/BaseService.php(202): CodeIgniter\Config\BaseService::__callStatic('session', [])
10 SYSTEMPATH/Common.php(998): CodeIgniter\Config\BaseService::get('session')
11 SYSTEMPATH/Common.php(971): service('session')
12 APPPATH/Helpers/Auth_helper.php(34): session()
13 APPPATH/Modules/Naskahkeluar/Controllers/Lognaskah.php(25): is_logged()
14 SYSTEMPATH/CodeIgniter.php(903): Modules\Naskahkeluar\Controllers\Lognaskah->__construct()
15 SYSTEMPATH/CodeIgniter.php(500): CodeIgniter\CodeIgniter->createController()
16 SYSTEMPATH/CodeIgniter.php(355): CodeIgniter\CodeIgniter->handleRequest(null, Object(Config\Cache), false)
17 SYSTEMPATH/Boot.php(325): CodeIgniter\CodeIgniter->run()
18 SYSTEMPATH/Boot.php(67): CodeIgniter\Boot::runCodeIgniter(Object(CodeIgniter\CodeIgniter))
19 FCPATH/index.php(56): CodeIgniter\Boot::bootWeb(Object(Config\Paths))
20 SYSTEMPATH/rewrite.php(44): require_once('/Users/apple/www/pusk/ci4/production/safira/web/public/index.php')
INFO - 2025-07-11 08:48:28 --> Session: Class initialized using 'CodeIgniter\Session\Handlers\DatabaseHandler' driver.
INFO - 2025-07-11 08:48:28 --> Menggunakan preview yang sudah ada untuk 581fe081-e4e7-46ad-997b-19fddc3306a6
INFO - 2025-07-11 08:48:29 --> CSRF token verified.
WARNING - 2025-07-11 08:48:29 --> [DEPRECATED] ini_set(): session.sid_length INI setting is deprecated in SYSTEMPATH/Session/Session.php on line 343.
 1 SYSTEMPATH/Session/Session.php(343): ini_set('session.sid_length', '40')
 2 SYSTEMPATH/Session/Session.php(313): CodeIgniter\Session\Session->configureSidLength()
 3 SYSTEMPATH/Session/Session.php(232): CodeIgniter\Session\Session->configure()
 4 SYSTEMPATH/Config/Services.php(710): CodeIgniter\Session\Session->start()
 5 SYSTEMPATH/Config/BaseService.php(312): CodeIgniter\Config\Services::session(Object(Config\Session), false)
 6 SYSTEMPATH/Config/BaseService.php(251): CodeIgniter\Config\BaseService::__callStatic('session', [...])
 7 SYSTEMPATH/Config/Services.php(668): CodeIgniter\Config\BaseService::getSharedInstance('session', null)
 8 SYSTEMPATH/Config/BaseService.php(321): CodeIgniter\Config\Services::session()
 9 SYSTEMPATH/Config/BaseService.php(202): CodeIgniter\Config\BaseService::__callStatic('session', [])
10 SYSTEMPATH/Common.php(998): CodeIgniter\Config\BaseService::get('session')
11 SYSTEMPATH/Common.php(971): service('session')
12 APPPATH/Helpers/Auth_helper.php(34): session()
13 APPPATH/Modules/Naskahkeluar/Controllers/Lognaskah.php(25): is_logged()
14 SYSTEMPATH/CodeIgniter.php(903): Modules\Naskahkeluar\Controllers\Lognaskah->__construct()
15 SYSTEMPATH/CodeIgniter.php(500): CodeIgniter\CodeIgniter->createController()
16 SYSTEMPATH/CodeIgniter.php(355): CodeIgniter\CodeIgniter->handleRequest(null, Object(Config\Cache), false)
17 SYSTEMPATH/Boot.php(325): CodeIgniter\CodeIgniter->run()
18 SYSTEMPATH/Boot.php(67): CodeIgniter\Boot::runCodeIgniter(Object(CodeIgniter\CodeIgniter))
19 FCPATH/index.php(56): CodeIgniter\Boot::bootWeb(Object(Config\Paths))
20 SYSTEMPATH/rewrite.php(44): require_once('/Users/apple/www/pusk/ci4/production/safira/web/public/index.php')
INFO - 2025-07-11 08:48:29 --> Session: Class initialized using 'CodeIgniter\Session\Handlers\DatabaseHandler' driver.
WARNING - 2025-07-11 08:56:21 --> [DEPRECATED] ini_set(): session.sid_length INI setting is deprecated in SYSTEMPATH/Session/Session.php on line 343.
 1 SYSTEMPATH/Session/Session.php(343): ini_set('session.sid_length', '40')
 2 SYSTEMPATH/Session/Session.php(313): CodeIgniter\Session\Session->configureSidLength()
 3 SYSTEMPATH/Session/Session.php(232): CodeIgniter\Session\Session->configure()
 4 SYSTEMPATH/Config/Services.php(710): CodeIgniter\Session\Session->start()
 5 SYSTEMPATH/Config/BaseService.php(312): CodeIgniter\Config\Services::session(Object(Config\Session), false)
 6 SYSTEMPATH/Config/BaseService.php(251): CodeIgniter\Config\BaseService::__callStatic('session', [...])
 7 SYSTEMPATH/Config/Services.php(668): CodeIgniter\Config\BaseService::getSharedInstance('session', null)
 8 SYSTEMPATH/Config/BaseService.php(321): CodeIgniter\Config\Services::session()
 9 SYSTEMPATH/Config/BaseService.php(202): CodeIgniter\Config\BaseService::__callStatic('session', [])
10 SYSTEMPATH/Common.php(998): CodeIgniter\Config\BaseService::get('session')
11 SYSTEMPATH/Common.php(971): service('session')
12 APPPATH/Helpers/Auth_helper.php(34): session()
13 APPPATH/Modules/Naskahkeluar/Controllers/Lognaskah.php(25): is_logged()
14 SYSTEMPATH/CodeIgniter.php(903): Modules\Naskahkeluar\Controllers\Lognaskah->__construct()
15 SYSTEMPATH/CodeIgniter.php(500): CodeIgniter\CodeIgniter->createController()
16 SYSTEMPATH/CodeIgniter.php(355): CodeIgniter\CodeIgniter->handleRequest(null, Object(Config\Cache), false)
17 SYSTEMPATH/Boot.php(325): CodeIgniter\CodeIgniter->run()
18 SYSTEMPATH/Boot.php(67): CodeIgniter\Boot::runCodeIgniter(Object(CodeIgniter\CodeIgniter))
19 FCPATH/index.php(56): CodeIgniter\Boot::bootWeb(Object(Config\Paths))
20 SYSTEMPATH/rewrite.php(44): require_once('/Users/apple/www/pusk/ci4/production/safira/web/public/index.php')
INFO - 2025-07-11 08:56:21 --> Session: Class initialized using 'CodeIgniter\Session\Handlers\DatabaseHandler' driver.
INFO - 2025-07-11 08:56:21 --> Menggunakan preview yang sudah ada untuk 581fe081-e4e7-46ad-997b-19fddc3306a6
INFO - 2025-07-11 08:56:22 --> CSRF token verified.
WARNING - 2025-07-11 08:56:22 --> [DEPRECATED] ini_set(): session.sid_length INI setting is deprecated in SYSTEMPATH/Session/Session.php on line 343.
 1 SYSTEMPATH/Session/Session.php(343): ini_set('session.sid_length', '40')
 2 SYSTEMPATH/Session/Session.php(313): CodeIgniter\Session\Session->configureSidLength()
 3 SYSTEMPATH/Session/Session.php(232): CodeIgniter\Session\Session->configure()
 4 SYSTEMPATH/Config/Services.php(710): CodeIgniter\Session\Session->start()
 5 SYSTEMPATH/Config/BaseService.php(312): CodeIgniter\Config\Services::session(Object(Config\Session), false)
 6 SYSTEMPATH/Config/BaseService.php(251): CodeIgniter\Config\BaseService::__callStatic('session', [...])
 7 SYSTEMPATH/Config/Services.php(668): CodeIgniter\Config\BaseService::getSharedInstance('session', null)
 8 SYSTEMPATH/Config/BaseService.php(321): CodeIgniter\Config\Services::session()
 9 SYSTEMPATH/Config/BaseService.php(202): CodeIgniter\Config\BaseService::__callStatic('session', [])
10 SYSTEMPATH/Common.php(998): CodeIgniter\Config\BaseService::get('session')
11 SYSTEMPATH/Common.php(971): service('session')
12 APPPATH/Helpers/Auth_helper.php(34): session()
13 APPPATH/Modules/Naskahkeluar/Controllers/Lognaskah.php(25): is_logged()
14 SYSTEMPATH/CodeIgniter.php(903): Modules\Naskahkeluar\Controllers\Lognaskah->__construct()
15 SYSTEMPATH/CodeIgniter.php(500): CodeIgniter\CodeIgniter->createController()
16 SYSTEMPATH/CodeIgniter.php(355): CodeIgniter\CodeIgniter->handleRequest(null, Object(Config\Cache), false)
17 SYSTEMPATH/Boot.php(325): CodeIgniter\CodeIgniter->run()
18 SYSTEMPATH/Boot.php(67): CodeIgniter\Boot::runCodeIgniter(Object(CodeIgniter\CodeIgniter))
19 FCPATH/index.php(56): CodeIgniter\Boot::bootWeb(Object(Config\Paths))
20 SYSTEMPATH/rewrite.php(44): require_once('/Users/apple/www/pusk/ci4/production/safira/web/public/index.php')
INFO - 2025-07-11 08:56:22 --> Session: Class initialized using 'CodeIgniter\Session\Handlers\DatabaseHandler' driver.
