WARNING - 2025-06-18 21:25:38 --> [DEPRECATED] ini_set(): session.sid_length INI setting is deprecated in SYSTEMPATH/Session/Session.php on line 343.
 1 SYSTEMPATH/Session/Session.php(343): ini_set('session.sid_length', '40')
 2 SYSTEMPATH/Session/Session.php(313): CodeIgniter\Session\Session->configureSidLength()
 3 SYSTEMPATH/Session/Session.php(232): CodeIgniter\Session\Session->configure()
 4 SYSTEMPATH/Config/Services.php(710): CodeIgniter\Session\Session->start()
 5 SYSTEMPATH/Config/BaseService.php(312): CodeIgniter\Config\Services::session(Object(Config\Session), false)
 6 SYSTEMPATH/Config/BaseService.php(251): CodeIgniter\Config\BaseService::__callStatic('session', [...])
 7 SYSTEMPATH/Config/Services.php(668): CodeIgniter\Config\BaseService::getSharedInstance('session', null)
 8 SYSTEMPATH/Config/BaseService.php(321): CodeIgniter\Config\Services::session()
 9 SYSTEMPATH/Config/BaseService.php(202): CodeIgniter\Config\BaseService::__callStatic('session', [])
10 SYSTEMPATH/Common.php(998): CodeIgniter\Config\BaseService::get('session')
11 SYSTEMPATH/Common.php(971): service('session')
12 APPPATH/Controllers/Auth.php(105): session()
13 SYSTEMPATH/CodeIgniter.php(933): App\Controllers\Auth->bypassLogin()
14 SYSTEMPATH/CodeIgniter.php(509): CodeIgniter\CodeIgniter->runController(Object(App\Controllers\Auth))
15 SYSTEMPATH/CodeIgniter.php(355): CodeIgniter\CodeIgniter->handleRequest(null, Object(Config\Cache), false)
16 SYSTEMPATH/Boot.php(325): CodeIgniter\CodeIgniter->run()
17 SYSTEMPATH/Boot.php(67): CodeIgniter\Boot::runCodeIgniter(Object(CodeIgniter\CodeIgniter))
18 FCPATH/index.php(56): CodeIgniter\Boot::bootWeb(Object(Config\Paths))
19 SYSTEMPATH/rewrite.php(44): require_once('/Users/apple/www/pusk/ci4/production/safira/web/public/index.php')
INFO - 2025-06-18 21:25:38 --> Session: Class initialized using 'CodeIgniter\Session\Handlers\DatabaseHandler' driver.
